 
 Melhor solucao obtida:
   1.00000000000000        3.00000000000000        16.0000000000000     
   28.0000000000000        2.00000000000000       0.514813177332499     
  0.129816767285774     
 
 Melhor fitness:
  4.093596515477102E-002
 
 Obtida no processador:
           0
 
 -------------------------
  4.093596515477102E-002
 
 Melhor solucao obtida:
   1.00000000000000        3.00000000000000        12.0000000000000     
   3.00000000000000        2.00000000000000       0.811031592564561     
  0.129682454826286     
 
 Melhor fitness:
  4.093595984817227E-002
 
 Obtida no processador:
           0
 
 -------------------------
  4.093595984817227E-002
 
 Melhor solucao obtida:
   1.00000000000000        2.00000000000000        32.0000000000000     
   9.00000000000000        2.00000000000000       0.758835456741585     
  0.132367348386392     
 
 Melhor fitness:
  4.086300151463177E-002
 
 Obtida no processador:
           0
 
 -------------------------
  4.086300151463177E-002
 
 Melhor solucao obtida:
   1.00000000000000        3.00000000000000        9.00000000000000     
   17.0000000000000        2.00000000000000       0.838949614468843     
  0.129399868691356     
 
 Melhor fitness:
  4.093596505557487E-002
 
 Obtida no processador:
           0
 
 -------------------------
  4.093596505557487E-002
 
 Melhor solucao obtida:
   1.00000000000000        2.00000000000000        32.0000000000000     
   9.00000000000000        2.00000000000000       0.633890357111956     
  0.132042831794915     
 
 Melhor fitness:
  4.086300214528984E-002
 
 Obtida no processador:
           0
 
 -------------------------
  4.086300214528984E-002
 
 Melhor solucao obtida:
   1.00000000000000        2.00000000000000        6.00000000000000     
   7.00000000000000        2.00000000000000       0.459375151025194     
  0.132559358620972     
 
 Melhor fitness:
  4.086301635696819E-002
 
 Obtida no processador:
           0
 
 -------------------------
  4.086301635696819E-002
 
 Melhor solucao obtida:
   1.00000000000000        3.00000000000000        3.00000000000000     
   19.0000000000000        2.00000000000000       0.564977211868337     
  0.126482868553800     
 
 Melhor fitness:
  4.093732682693662E-002
 
 Obtida no processador:
           0
 
 -------------------------
  4.093732682693662E-002
 
 Melhor solucao obtida:
   1.00000000000000        1.00000000000000        16.0000000000000     
   24.0000000000000        2.00000000000000       0.264731226965888     
  0.136361119999464     
 
 Melhor fitness:
  4.076041142847676E-002
 
 Obtida no processador:
           0
 
 -------------------------
  4.076041142847676E-002
 
 Melhor solucao obtida:
   1.00000000000000        1.00000000000000        21.0000000000000     
   32.0000000000000        2.00000000000000       5.463149258290290E-002
  0.136348836322361     
 
 Melhor fitness:
  4.076041157502320E-002
 
 Obtida no processador:
           0
 
 -------------------------
  4.076041157502320E-002
 
 Melhor solucao obtida:
   1.00000000000000        1.00000000000000        21.0000000000000     
   22.0000000000000        2.00000000000000       4.227268919824336E-002
  0.136967747792860     
 
 Melhor fitness:
  4.076046652324475E-002
 
 Obtida no processador:
           0
 
 -------------------------
  4.076046652324475E-002
 =======================
 Resultado Medio:    1.00000000000000        2.10000000000000     
   16.8000000000000        17.0000000000000        2.00000000000000     
  0.494350796986001       0.132202920227418     
 Desvio Padrao:     0.000000000000000E+000  0.875595035770913     
   9.94205433723053        9.70681318570736       0.000000000000000E+000
  0.291650746198998       3.495792730871763E-003
 
 =======================
 Valor FO Medio:   4.086155264290893E-002
 Desvio Padrao:    7.676544031765089E-005
 
 =======================
 Total NAFO:            8129
 NAFO Medio:       812.900000000000     
 NAFO Medio por processador:       203.225000000000     
 Desvio Padrao:    23.4115356181520     
 
 =======================
 Tempo de execucao do programa:
 Total   =    152681.0     segundos
 Usuario =    151452.0     segundos
 Sistema =    1229.000     segundos
 
