  2.462931E-01
  2
 12
 17
wh1
    0.24742    0.51382    0.75196    0.51155    0.66245    0.13906    0.83354    0.60179    0.37852    0.38631    0.21519    0.74330
    0.98901    0.19759    0.83534    0.90662    0.27155    0.63625    0.12706    0.93053    0.68538    0.91354    0.88155    0.63612
    0.30260    0.52656    0.72170    0.33031    0.23538    0.14258    0.80436    0.69426    0.74989    0.07499    0.68568    0.81615
    0.98452    0.06752    0.84112    0.55163    0.07073    0.92434    0.45887    0.10400    0.72371    0.42699    0.26202    0.98008
    0.85808    0.98654    0.98509    0.45154    0.32491    0.62399    0.70155    0.21076    0.12851    0.62033    0.65486    0.49693
    0.70406    0.77470    0.44509    0.94539    0.81083    0.72831    0.69148    0.06679    0.52904    0.13170    0.95211    0.62869
    0.88923    0.43222    0.58473    0.64411    0.75104    0.00357    0.17493    0.05663    0.49938    0.94983    0.55078    0.95778
bh1
    0.40279    0.00327    0.87106    0.86378    0.52521    0.85351    0.59709    0.50074    0.86282    0.26803    0.23761    0.17269
wh2
    0.35209    0.74153    0.51933    0.28313    0.06787    0.27970    0.37666    0.30062    0.19550    0.03790    0.22726    0.35167    0.18630    0.33265    0.75583    0.29337    0.49666
    0.07470    0.18885    0.96979    0.27114    0.02284    0.14394    0.62455    0.90862    0.84960    0.28410    0.13309    0.64657    0.24060    0.13517    0.92427    0.66426    0.40382
    0.99823    0.09796    0.34139    0.85770    0.15140    0.27498    0.13494    0.06422    0.09772    0.95617    0.13866    0.07417    0.17043    0.36247    0.02527    0.70611    0.04876
    0.70080    0.25927    0.84022    0.71233    0.81544    0.54677    0.31985    0.29473    0.19551    0.90807    0.56247    0.31086    0.03558    0.67455    0.10851    0.69357    0.22026
    0.18505    0.90229    0.56072    0.60805    0.44541    0.87709    0.81756    0.51744    0.83883    0.49183    0.05019    0.61099    0.08964    0.60784    0.27043    0.86449    0.72627
    0.41022    0.63755    0.06440    0.86939    0.87457    0.82080    0.48055    0.33366    0.13340    0.15498    0.07539    0.62301    0.05000    0.60628    0.23779    0.64046    0.24122
    0.06386    0.26736    0.25197    0.29549    0.54394    0.72346    0.83240    0.93129    0.37865    0.78993    0.19986    0.90971    0.31030    0.13751    0.82980    0.59648    0.02896
    0.88414    0.42897    0.91513    0.72716    0.68959    0.21489    0.68912    0.24031    0.34722    0.01358    0.37594    0.15972    0.68718    0.78097    0.07445    0.24079    0.43872
    0.80832    0.07245    0.38127    0.37189    0.26835    0.11049    0.08273    0.12282    0.12042    0.03444    0.87096    0.28941    0.10524    0.18704    0.30656    0.19149    0.01018
    0.78313    0.55854    0.09642    0.73810    0.50336    0.97385    0.30496    0.50322    0.41178    0.61820    0.00569    0.99125    0.77476    0.77584    0.43473    0.90236    0.51575
    0.02110    0.66422    0.76528    0.28546    0.01446    0.94012    0.48698    0.04250    0.73674    0.57480    0.33731    0.46394    0.95577    0.99425    0.88391    0.69188    0.22187
    0.99035    0.36188    0.78814    0.56995    0.27152    0.40454    0.06072    0.07227    0.47029    0.00112    0.30940    0.72685    0.00866    0.53768    0.48174    0.01523    0.21947
bh2
    0.84722    0.51751    0.79372    0.07957    0.83300    0.53957    0.41459    0.23491    0.57557    0.36748    0.80606    0.70632    0.35728    0.26987    0.92989    0.31424    0.39944
ws
   -0.09672    0.32649    0.02614    0.24148   -0.10267    0.12254    0.04806    0.33259    0.47694   -0.16280   -0.08535   -0.05580    0.49807   -0.00456    0.47723    0.20112    0.14081    0.40524   -0.09681    0.22065    0.80994    0.43371    0.59517   -0.15251    0.53650    0.64818    0.62716   -0.06321    0.21903   -0.16434    0.52018    0.48463    0.24135    0.17136    0.60697    0.04798    0.09834    0.29724    0.20318    0.62975
    0.59340   -0.23363    0.16552   -0.28104    0.45109    0.24347   -0.30331   -0.23627   -0.50713   -0.46714   -0.38216   -0.49933    0.22285   -0.06868    0.19176    0.44996   -0.41403    0.09791   -0.30248   -0.20622    0.29356   -0.01353    0.37601   -0.40402   -0.36107    0.22270   -0.10978   -0.15155   -0.23593    0.38108   -0.42859   -0.38010    0.50721    0.44645    0.27254   -0.40182    0.43658    0.02542    0.01945    0.07392
    0.22660    0.48879    0.46337    0.02800   -0.29443   -0.15687    0.24603    0.05336    0.49757   -0.20571    0.42457    0.32023   -0.25868    0.07500   -0.08165   -0.05117    0.71701    0.42480    0.49560    0.47582   -0.00147    0.06309    0.18034    0.39022    0.54264    0.32052   -0.01995   -0.04137    0.33209   -0.22463    0.26173    0.33888   -0.24092    0.53589    0.41081    0.41638    0.16364    0.18678    0.37321    0.54244
    0.48283    0.29778    0.62655    0.40513   -0.02060    0.04635    0.54699    0.80738    0.01201    0.18856    0.46664    0.70417    0.06693    0.87256   -0.06044    0.46498    0.68959    0.67867    0.88359    0.84643    0.00708    0.09505    0.07470    0.26192    0.16233    0.18857    0.81890    0.57190    0.86037    0.30032    0.71261    0.65736    0.34972    0.18110    0.00117    0.77194    0.20495   -0.03600    0.06148    0.09568
    0.05484   -0.36788    0.53177    0.29593   -0.40094    0.03396   -0.11882   -0.14025    0.14917   -0.38077   -0.24445   -0.24118   -0.11111   -0.25335    0.39686   -0.19245   -0.31490    0.47292   -0.19588   -0.28657    0.10242    0.55616    0.38461   -0.24787    0.32184    0.16259   -0.10652   -0.11099   -0.34923    0.22153   -0.21887    0.08419    0.48772    0.23177    0.20852   -0.14873    0.13730    0.46510    0.48887   -0.10757
    0.43722    0.60613   -0.05971    0.14417    0.47075    0.45943   -0.18861    0.29918   -0.08804   -0.19486   -0.01887    0.66009    0.24809    0.48048    0.29029    0.56669   -0.16255    0.69270   -0.10556   -0.02001    0.02264    0.65111    0.39133    0.31622    0.27296    0.37310    0.59539    0.18420    0.07591    0.46375    0.23473    0.41971    0.70358   -0.01457    0.27260    0.28489    0.00951    0.77413    0.30076    0.00133
   -0.18095    0.35855   -0.01893    0.37333    0.21896   -0.00765   -0.16991    0.56701   -0.26121   -0.13120   -0.05544    0.07340   -0.10605   -0.36164    0.07761    0.06631    0.64140   -0.18671    0.26773   -0.14467   -0.11699    0.11127   -0.02965    0.19218    0.26816   -0.22098    0.57311    0.00269    0.23526   -0.09185    0.59870    0.11075    0.01352    0.48501    0.57778    0.45082   -0.31561    0.21375   -0.21012    0.23649
   -0.47041    0.21548   -0.36361   -0.15634   -0.03659   -0.17369   -0.56014    0.11940   -0.00946    0.03466   -0.11592   -0.75167   -0.62206   -0.33164   -0.37775   -0.56180    0.17811    0.04280    0.39535    0.34971   -0.15928    0.43153   -0.23014   -0.10876   -0.15150    0.27241    0.18080   -0.41508   -0.28680    0.18731    0.02015   -0.04812   -0.55741   -0.56619   -0.20429   -0.15697   -0.53928   -0.24864   -0.74578   -0.49328
   -0.53507   -0.25141   -0.19859   -0.76295   -0.96218   -0.61599   -0.96075   -0.85773   -0.94905   -0.98801   -0.85370   -0.58315   -0.24675   -0.55933   -0.77468    0.09347   -0.33569   -0.24059    0.42365   -0.39861    0.10137   -0.37846    0.21786   -0.28950   -0.47058   -0.27301   -0.71736   -0.19261   -0.12232   -1.07956   -0.47277   -0.46863   -0.80754   -0.57621   -0.52900   -0.18957   -0.41572   -0.62534   -0.36093   -0.96584
    0.02639    0.37958   -0.15256    0.25883    0.35700   -0.52009    0.10644   -0.42081    0.19979    0.04337   -0.42426   -0.07195   -0.52386   -0.61463    0.33458    0.32281    0.15730   -0.20190    0.30231    0.62325    0.40027    0.06899    0.04574   -0.19579   -0.41656   -0.26227    0.41901   -0.17820   -0.50051   -0.33694   -0.25014    0.33877    0.46112   -0.27772   -0.02358    0.37226    0.01403    0.06705    0.38568    0.27449
   -0.62389   -1.25896   -1.40355   -1.35779   -1.41624   -1.37771   -1.62356   -1.62028   -1.47633   -2.08103   -2.30416   -2.41627   -2.26938   -1.70817   -1.53892   -1.79873   -1.13220   -1.03169   -0.35899   -0.44247   -0.62164   -1.06705   -0.69369   -1.17388   -1.58648   -1.08334   -1.42394   -1.41297   -1.07176   -1.11130   -1.06259   -1.42805   -0.68543   -0.97993   -1.24949   -1.18012   -0.93877   -1.30020   -0.98673   -0.54225
    0.23718    0.05648    0.19072   -0.05809    0.36042   -0.03700    0.09493   -0.20792   -0.27908    0.61031   -0.03294    0.23456   -0.20790    0.01554    0.46753   -0.02538    0.69718   -0.02277    0.39234    0.46005    0.67269   -0.15492   -0.22008   -0.16522    0.57472   -0.34793    0.03315    0.61350    0.42802    0.12411   -0.31318    0.48775    0.69146    0.43684   -0.13396    0.23953    0.54783   -0.01593    0.39430    0.39779
   -0.60883   -1.04447   -0.70688   -1.31585   -0.83608   -1.23221   -0.70743   -1.41681   -1.72361   -1.44040   -1.41935   -1.22391   -1.67946   -1.14959   -1.73377   -0.48706   -0.40696   -0.68234   -0.58381   -0.18531   -0.67359   -0.36639   -0.75900   -1.05104   -0.77420   -1.12681   -1.03840   -0.18548   -0.94431   -0.48264   -0.78077   -0.46071   -1.00613   -0.86218   -0.48721   -0.88816   -0.73400   -0.56425   -0.73746   -0.61252
    0.24030    0.21651   -0.07669    0.25157    0.66472    0.42866    0.60839    0.40599    0.63208    0.30483   -0.04185    0.36931    0.72127    0.34332    0.48536    0.30284    0.54251    0.48822   -0.03033   -0.10848    0.34951    0.11772    0.80321    0.45422    0.50932    0.53755    0.01410    0.35013   -0.00610    0.01894    0.48555    0.36083    0.26967   -0.05055    0.51855    0.41891    0.26709    0.65363    0.63199    0.72859
   -0.28444   -0.21883   -0.85824   -0.81362   -1.06491   -0.77008   -0.72106   -0.78759   -0.74741   -1.14433   -0.56839   -0.53155   -1.14555   -1.25771   -1.13112   -0.03217   -0.91042   -0.35117   -0.18530   -0.30404   -0.02359   -0.65915   -0.16142   -0.88874   -0.59987   -0.97892   -0.43532   -0.88248   -0.38232   -0.44106   -0.48164   -0.91564   -0.67881   -0.79121   -1.00058   -0.25085   -0.95819   -0.82504   -0.80516   -0.53963
    0.52805    0.60531    0.76059    0.46824    0.22819    0.02039   -0.06397    0.07165    0.59156   -0.04553    0.16315    0.79579    0.67133    0.67858    0.17953   -0.05758    0.00591    0.18874    0.41175    0.91629    0.32622    0.59256    0.44375    0.42364    0.02563    0.48846    0.05205    0.68630    0.28922    0.77717    0.43822    0.37642    0.50601    0.50446    0.89797    0.75425    0.03806   -0.07239    0.47502    0.47074
   -0.91492   -0.56590   -0.57650   -0.83253   -1.08041   -0.92757   -1.05418   -1.25541   -1.66593   -0.84132   -1.53514   -1.43472   -0.84318   -1.32107   -1.21310   -1.29087   -0.73740   -0.27540   -0.49222   -0.30036   -0.21977   -0.27230   -0.86678   -0.26386   -0.56715   -0.98576   -0.90381   -1.29564   -1.29416   -1.10574   -0.92575   -0.55330   -1.11002   -0.74075   -0.92152   -1.37947   -0.89249   -0.76884   -0.97302   -1.23324
bs
   -1.35000   -1.26474   -1.16658   -1.20772   -1.21787   -1.24242   -1.30988   -1.40644   -1.49697   -1.55352   -1.66287   -1.71260   -1.74330   -1.74906   -1.77497   -1.76850   -1.75257   -1.75443   -1.72987   -1.71897   -1.69582   -1.67505   -1.63543   -1.56934   -1.46025   -1.37777   -1.31337   -1.24825   -1.22320   -1.15661   -1.13021   -1.06127   -1.04338   -1.00866   -0.99568   -0.98315   -0.94853   -0.92176   -0.91095   -0.87746
Alpha:        0.0588
Eta:        0.4054
Activation Function: GAUSS
MeanSquaredError:   9.050766E-03
MeanSquaredError - validation:   2.700174E-01
Epoch :      1000
NFE:        111
