  2.452459E-01
  2
  9
 10
wh1
    0.57386    0.78710    0.86728    0.87414    0.58629    0.94891    0.08966    0.06892    0.41651
    0.84703    0.25724    0.05800    0.14781    0.17614    0.91052    0.48072    0.27704    0.54517
    0.43922    0.78571    0.91229    0.28295    0.64538    0.95444    0.28574    0.86012    0.09807
    0.52728    0.97104    0.72606    0.22693    0.61703    0.33630    0.81034    0.05161    0.22875
    0.33895    0.65410    0.75840    0.27252    0.45862    0.60887    0.56127    0.16369    0.31239
    0.91890    0.26974    0.87662    0.75879    0.81471    0.30806    0.23669    0.34867    0.12727
    0.91145    0.48419    0.67506    0.25544    0.47842    0.34515    0.77464    0.55052    0.15999
bh1
    0.78597    0.08622    0.61406    0.17390    0.98941    0.01792    0.44206    0.92445    0.52268
wh2
    0.83448    0.04616    0.36693    0.97960    0.61699    0.58775    0.06309    0.10473    0.42619    0.86465
    0.60307    0.28641    0.15622    0.30080    0.51374    0.58110    0.68806    0.39132    0.96607    0.49349
    0.41152    0.00865    0.48075    0.95964    0.52079    0.38731    0.53383    0.23840    0.76069    0.63192
    0.92450    0.01345    0.16292    0.70690    0.93516    0.76672    0.16044    0.38198    0.63528    0.62433
    0.55807    0.79463    0.86467    0.49229    0.69858    0.29259    0.79915    0.39130    0.40781    0.59260
    0.97351    0.42677    0.28667    0.99928    0.80290    0.62160    0.12433    0.54233    0.77206    0.33461
    0.17464    0.86151    0.81593    0.95359    0.26676    0.53871    0.21866    0.09875    0.80568    0.95958
    0.42396    0.12101    0.28943    0.44010    0.08626    0.09740    0.03571    0.02443    0.89073    0.63140
    0.03530    0.64512    0.32537    0.70012    0.46089    0.59561    0.96371    0.41232    0.83828    0.81305
bh2
    0.70191    0.71199    0.19142    0.30872    0.44023    0.50500    0.21218    0.88802    0.59491    0.76699
ws
    0.28017    0.40741   -0.30522   -0.42566   -0.01583    0.03243    0.00226   -0.09253   -0.34999    0.05699    0.19755   -0.08258   -0.17648   -0.30260   -0.17752    0.44348    0.32189   -0.13973    0.31749    0.39516   -0.20769   -0.10283    0.27634   -0.32897   -0.44247    0.17472    0.33651   -0.05082    0.21648   -0.30971   -0.05759   -0.24926    0.01483   -0.22942   -0.38184    0.01163   -0.15360    0.08754   -0.13322   -0.34736
   -0.40263   -0.41830   -0.49325   -0.40708   -0.57476   -0.61760    0.14901   -0.49798   -0.39491   -0.71234   -0.39655   -0.48552   -0.74436   -0.93486   -0.48819   -0.08715   -0.07528   -0.36057   -0.28737   -0.28334    0.28463   -0.31444    0.24221   -0.74056   -0.18830   -0.52120   -0.31131   -0.24516   -0.35336   -0.73408   -0.68236   -0.01763    0.00203   -0.04239    0.04987   -0.75895   -0.36527   -0.03304   -0.12505   -0.17259
    0.30629    0.43808    0.50728    0.58967    0.24355    0.18103    0.58912    0.19758    0.30228   -0.11994   -0.28520   -0.22158    0.51482   -0.01528    0.21924    0.43488    0.22092   -0.20413    0.80126    0.72641    0.37967   -0.07256   -0.00260    0.00105    0.46343   -0.35838    0.00791   -0.36021   -0.33957    0.02142   -0.25548   -0.23678    0.17540   -0.29631   -0.10930    0.24485    0.54045   -0.24089    0.21354   -0.01266
    0.53592    0.10211    0.32232    0.54902    0.18990    0.59733    0.26958    0.74511    0.28102    0.29831    0.62039    0.00544   -0.05563    0.36640   -0.07980    0.52639    0.80229    0.85254    0.06676    0.70306    0.75823    0.56790    0.77652    0.10620    0.03562    0.64593    0.09105    0.26870    0.65299    0.62992    0.12229    0.64691    0.50104    0.09743    0.18661    0.35520    0.07230    0.92341    0.72901    0.36608
    0.61328    0.25038   -0.05796    0.17905   -0.14572   -0.10910   -0.20828    0.02307    0.02118    0.28446    0.31842   -0.09105    0.19290    0.10975    0.10123    0.05839   -0.11492   -0.08030   -0.13288    0.27269    0.12858   -0.06649    0.26323   -0.20755   -0.33711    0.48222    0.01120   -0.02113    0.42821    0.39076   -0.21699    0.39090   -0.33705    0.27831    0.32981    0.12313    0.48081    0.62688    0.14041    0.68900
   -0.23417    0.03255    0.19089    0.24691    0.28387   -0.34664   -0.25331   -0.32716   -0.31053   -0.25882   -0.23543    0.28558   -0.37178    0.15396   -0.10218   -0.41351    0.03732    0.06117    0.72922    0.20619   -0.07886    0.10704    0.06013    0.16846    0.30962   -0.56925    0.39246   -0.29046   -0.39679   -0.46610    0.16769    0.18947   -0.43742    0.37962    0.47531    0.46092   -0.41137    0.00310   -0.47396   -0.19275
    0.37784    0.46504    0.50206    0.42578    0.52165    0.02641    0.13262    0.45334    0.22654   -0.43376    0.38544   -0.07715   -0.21636   -0.17901   -0.17921    0.46911    0.39873    0.51800   -0.20894    0.14123    0.54763    0.46876    0.02752    0.54013    0.14819    0.27769    0.22802    0.34922   -0.11636   -0.40756    0.08442   -0.26201    0.11061    0.16064   -0.33210    0.44685   -0.09776    0.07823   -0.10372   -0.28603
   -1.29029   -1.45276   -1.47447   -1.95499   -1.95697   -1.79491   -2.30442   -2.29540   -2.49880   -2.41782   -3.00776   -2.80919   -2.54248   -2.39955   -2.27295   -1.93300   -1.62002   -1.00741   -0.81837   -0.67793   -0.71380   -0.78204   -1.25061   -1.46764   -1.77537   -1.57904   -1.86218   -1.62824   -1.56983   -1.16861   -1.24552   -1.36798   -1.30557   -1.45077   -1.40459   -1.41716   -1.39435   -1.56684   -1.33102   -1.25726
    0.39942    0.29358    0.21802    0.44921    0.85499    0.91700    0.83689    0.17761    0.75286    0.64653    0.74444    0.05291    0.26926    0.87246    0.43152    0.08929    0.02279    0.39612    0.43836    0.09441    0.21666    0.68028    0.66556    0.67200    0.84041    0.08820    0.28201    0.75860    0.85892    0.05968    0.00121    0.02994    0.88305    0.80114    0.39974    0.86833    0.11289    0.26138    0.10294    0.24980
    0.72772    0.06149    0.56565    0.55078    0.41536    0.23592   -0.02790    0.30970    0.62753   -0.10715    0.49322    0.68610   -0.07366    0.64005    0.47409    0.09482    0.31048    0.24554    0.57002    0.82755    0.08096    0.20310    0.04758    0.55064    0.69102    0.05070    0.62427    0.03603    0.02994    0.50746    0.46866    0.75078    0.59991    0.79114    0.29681    0.27356    0.78933    0.10488    0.66120    0.69210
bs
   -1.47153   -1.39296   -1.29586   -1.37210   -1.39324   -1.40737   -1.51906   -1.61470   -1.71484   -1.79201   -1.94756   -1.98708   -1.99387   -2.00091   -1.98244   -1.95438   -1.92614   -1.86253   -1.83243   -1.78850   -1.74537   -1.73711   -1.75425   -1.72239   -1.63180   -1.52751   -1.48001   -1.39659   -1.36069   -1.26643   -1.24009   -1.17487   -1.13124   -1.11832   -1.09922   -1.08510   -1.06823   -1.05335   -1.01538   -0.97941
Alpha:        0.0108
Eta:        0.3423
Activation Function: GAUSS
MeanSquaredError:   6.363565E-03
MeanSquaredError - validation:   2.691341E-01
Epoch :      1000
NFE:        112
