  2.521006E-01
  2
  7
 23
wh1
    0.32877    0.33199    0.62557    0.61595    0.88626    0.98679    0.59619
    0.74971    0.36194    0.69922    0.58335    0.50119    0.47066    0.77892
    0.74753    0.87087    0.31465    0.63146    0.57437    0.96583    0.46307
    0.49427    0.63177    0.30856    0.54122    0.68182    0.92889    0.14295
    0.89817    0.03907    0.10257    0.42599    0.65544    0.72746    0.50921
    0.54067    0.40816    0.03388    0.64528    0.34020    0.29247    0.85902
    0.01227    0.58422    0.67446    0.84741    0.00830    0.57550    0.58146
bh1
    0.39533    0.27851    0.40498    0.94332    0.80382    0.52460    0.06473
wh2
    0.06490    0.19574    0.22064    0.85878    0.67124    0.00507    0.09205    0.08835    0.30165    0.83821    0.99283    0.55031    0.72681    0.37865    0.21746    0.51002    0.95548    0.71003    0.03328    0.07937    0.93974    0.56495    0.14286
    0.22849    0.66780    0.10658    0.89074    0.70317    0.90246    0.29884    0.32740    0.84493    0.45548    0.49055    0.25829    0.06920    0.50834    0.97981    0.32271    0.42644    0.62563    0.70281    0.94038    0.97623    0.94914    0.50222
    0.53064    0.51832    0.48293    0.36962    0.51070    0.27607    0.18790    0.72315    0.24700    0.47362    0.63243    0.60178    0.87240    0.85972    0.07550    0.24092    0.05227    0.82772    0.37455    0.06967    0.45717    0.64022    0.49472
    0.71576    0.76948    0.49253    0.69004    0.44350    0.22581    0.56164    0.25208    0.08730    0.73928    0.94921    0.11116    0.06963    0.24596    0.51032    0.79103    0.61266    0.30923    0.25993    0.88743    0.97310    0.60919    0.44201
    0.46774    0.98137    0.61607    0.78513    0.59720    0.06351    0.34012    0.85564    0.29106    0.72467    0.66984    0.77404    0.27277    0.52808    0.08504    0.53474    0.05428    0.84573    0.32445    0.78637    0.33192    0.84084    0.54672
    0.05463    0.01995    0.66221    0.30981    0.21002    0.67166    0.70466    0.25306    0.53499    0.57142    0.10102    0.38311    0.13251    0.54023    0.18765    0.84715    0.31001    0.70497    0.57205    0.12840    0.80978    0.84847    0.94740
    0.06073    0.47933    0.64767    0.60305    0.85993    0.21020    0.33466    0.31388    0.82631    0.67777    0.91301    0.14433    0.52003    0.26305    0.74459    0.41747    0.35945    0.59423    0.84413    0.21170    0.15018    0.16380    0.09964
bh2
    0.29919    0.39217    0.66328    0.65646    0.36693    0.08259    0.03867    0.18962    0.96801    0.60605    0.45872    0.09069    0.14240    0.08483    0.10849    0.35736    0.20624    0.47161    0.68604    0.81838    0.12513    0.18365    0.67373
ws
    0.65399    0.32766   -0.09974    0.17199    0.29448    0.45929   -0.21689    0.07433    0.44733    0.46728    0.18091    0.50294   -0.27942   -0.22601   -0.13181    0.14923   -0.21497    0.11167    0.12034   -0.47026   -0.33906   -0.44089   -0.52284   -0.58599   -0.54276    0.38197   -0.13221   -0.08199    0.21316   -0.14974    0.38024    0.40740    0.45075    0.72951    0.07471   -0.01206    0.60793    0.83586    0.46909    0.78512
    0.03053    0.52609    0.56234   -0.12676   -0.00455   -0.33507    0.44695   -0.17274   -0.09477   -0.03798   -0.04108   -0.20223   -0.28154    0.42505    0.10279   -0.52850   -0.00335   -0.40311    0.06422    0.02663   -0.43384   -0.28227    0.03328   -0.56779   -0.51138   -0.25156    0.01643    0.32732    0.08420    0.39382    0.47708    0.21569   -0.12770    0.25630    0.37839    0.48035    0.49041    0.50962   -0.06922    0.03971
   -0.17067   -0.18577    0.15905    0.14940   -0.24920    0.07962   -0.13629    0.56015   -0.23202    0.17905    0.21201   -0.10906    0.14422   -0.45762    0.20126    0.17036   -0.12162   -0.59435   -0.16736   -0.39277   -0.54355   -0.16472   -0.44311    0.10697   -0.55767   -0.17283   -0.17492   -0.00910    0.28986   -0.51408   -0.18835   -0.00457    0.47164   -0.17077    0.27940    0.21727    0.12841    0.15636   -0.03059   -0.33781
   -0.50119   -0.64886   -0.45043   -0.61024   -0.03983   -0.42956   -0.42253   -0.23034   -0.49332   -0.28595   -0.55407    0.10827   -0.24956   -0.47198    0.01368    0.31747   -0.24925   -0.03985    0.31089    0.34757    0.31495   -0.21979    0.04732    0.28172    0.22156    0.33804   -0.39735   -0.31200   -0.35700    0.14375   -0.52903   -0.59334   -0.53733   -0.29595   -0.14215   -0.21586   -0.46850   -0.07776    0.00387   -0.02415
    0.19541    0.42815   -0.04947    0.33343   -0.35598    0.09338    0.31886    0.33549   -0.22090    0.32081    0.23921    0.36668    0.09074   -0.44065    0.18980   -0.46221   -0.42333   -0.35763   -0.05377    0.05984   -0.39487    0.16354   -0.47350   -0.40598    0.12401    0.22917    0.23896    0.57821    0.38724   -0.17073    0.19967    0.17004   -0.19329    0.16251    0.31920    0.62949    0.59272    0.33454    0.64432   -0.13565
    0.15546    0.31797    0.24512    0.13471    0.58960    0.67900    0.57959    0.06400   -0.12818    0.06929    0.46257   -0.19641    0.07879    0.31546    0.00594    0.42569   -0.14126    0.49279   -0.19496    0.21802   -0.34501   -0.03800   -0.05184    0.31305    0.02855    0.80103    0.80444    0.68152    0.79308    0.13372    0.19262    0.46375    0.22572    0.85485    0.94868    0.63014    0.13333    0.78713    0.32686    0.66778
    0.04298    0.71272    0.44230    0.65055   -0.12656    0.05861    0.68705   -0.09785    0.48296    0.20702    0.55981    0.14678   -0.17137    0.27447   -0.10925    0.28841    0.10647    0.34619    0.07239    0.07222   -0.28059   -0.45712    0.02312    0.54107    0.02639    0.50415    0.29541    0.03432    0.22330    0.42182    0.50924    0.43870    0.32348    0.14187    0.86341    0.38037    0.11160    0.00130    1.00608    0.89409
   -0.41649    0.33296    0.03270    0.24230    0.62501    0.89214    0.98906    0.65969    1.21133    0.65105    0.65914    1.02979    0.79980    0.27053    0.37080    0.55529    0.82482    0.28097    0.48249   -0.02157   -0.11061    0.06189    0.41196    0.14961   -0.54843   -0.02774   -0.07468    0.16993   -0.30293   -0.20612   -0.41200   -0.17762   -0.06984   -0.52161   -0.52578    0.07834    0.11894   -0.60719   -0.42414   -0.51324
    0.23985    0.11761   -0.37945   -0.20216   -0.51779   -0.26432   -0.82059   -0.24438   -0.66175   -0.07721    0.20984   -0.16324   -0.08087    0.06507   -0.53484   -0.11604    0.27587   -0.68013   -0.05688   -0.36589   -0.41481   -0.19067   -0.47271   -0.17680   -0.43264    0.33908    0.16021   -0.43210   -0.47195    0.36994   -0.00834   -0.11077   -0.06174    0.48635   -0.32946    0.51170    0.00226    0.32999    0.03752   -0.21304
    0.12954   -0.54966    0.05628    0.32489   -0.03940   -0.47396    0.09299   -0.09287   -0.07554    0.18830   -0.54780   -0.52750   -0.15115    0.31577    0.28451   -0.33853   -0.55679    0.06313   -0.15739   -0.26102    0.25294    0.04385    0.10587    0.29846    0.16508   -0.22625   -0.25703    0.40822   -0.41062    0.24183   -0.33935   -0.26834   -0.01081   -0.60693   -0.08408   -0.23486    0.00181   -0.07370    0.13414   -0.02231
   -0.05124    0.44976   -0.35879   -0.01518    0.26825   -0.43611   -0.89869   -0.36182   -0.03898   -0.75691   -0.12051   -0.68382   -0.18770   -0.37754   -0.30819    0.05080   -0.25586   -0.52788   -0.86204   -0.97128   -0.36551   -0.86230   -0.25806   -0.38469    0.06856    0.01279    0.46848   -0.18027    0.04904    0.05153    0.50547   -0.04218    0.37655    0.55028    0.12345    0.04693    0.30727   -0.03091   -0.09610    0.65168
    0.32587   -0.02821    0.48316    0.07871    0.09107    0.31038    0.39452    0.74805    1.32199    0.46585    1.01767    1.02027    0.98618    0.27246    0.99522    0.87460    1.17920    1.29693    0.85473    0.88433    1.34498    0.86965    0.32171    0.63651    0.57291   -0.07726   -0.32607   -0.56329   -0.42121   -0.71429   -0.15558   -0.76396   -0.99546   -0.29958   -0.74549   -0.81628   -0.37144   -0.56798   -0.20222   -0.78300
   -0.03927    0.04526    0.68995    0.09522    0.42347    0.27705    0.55109    0.05578    0.58274    0.33631    0.77278    0.98636    0.05635    0.89158    0.91537    0.27928    0.59165    0.42835    0.05558    0.38032    0.52169    0.38497    0.44031   -0.44146    0.43715    0.08918   -0.48847   -0.28229   -0.08589    0.17383   -0.45495    0.55325    0.41069    0.20769   -0.34570    0.34828   -0.38921    0.20485    0.49185    0.59503
   -0.06796    0.46614   -0.14288    0.70456    0.29701    0.69880    0.59480    0.69012    0.86955    0.59741    0.66799    1.03866    0.90021    0.74532    0.18474    0.52372    0.75552    0.31498    0.27555    0.50284    0.40943   -0.11452   -0.25325    0.04859    0.30367   -0.06289    0.05064    0.06651   -0.37207    0.01234   -0.64932    0.12291    0.33018   -0.11012    0.31101   -0.22867    0.31140   -0.27484   -0.24821    0.16944
    0.62305   -0.05808    0.10543   -0.06979    0.53959    0.55315   -0.16218   -0.22637   -0.24448   -0.78843   -0.26185   -0.60161   -0.26745   -0.15538   -0.23104   -0.55496   -0.61626   -0.19513   -0.53261   -0.99680   -0.52352   -0.36240   -0.23334    0.18380    0.46834   -0.02235    0.21779    1.06778    0.76801    0.58788    1.08275    1.63595    1.17554    0.80402    1.49522    0.97639    1.15144    0.85136    1.13622    1.23020
   -0.12990   -0.18790    0.40365   -0.32828    0.22589    0.24540   -0.19282   -0.39403    0.33489   -0.42840    0.10818    0.38055    0.08675    0.34288   -0.21458   -0.43637   -0.49567   -0.27931    0.04346   -0.22186    0.24455   -0.03806    0.18114    0.29738    0.37924   -0.11896    0.35810    0.62744    0.43482    0.09714   -0.13607    0.47572    0.16860   -0.42745    0.45004   -0.36709   -0.22474   -0.36274   -0.19773   -0.01141
    0.46245    0.45418    0.21792    0.26145   -0.47274    0.13728   -0.40186   -0.12447   -0.61827   -0.26313   -0.51463   -0.42542    0.17375   -0.26288   -0.11905   -0.18757   -0.37922    0.00781    0.44377    0.06134    0.17753    0.05441    0.29896    0.59347    0.47611    0.22842    0.30286    0.17088    0.61653    0.96981    0.44545    0.54956    0.34652    0.65163   -0.00388    0.26576    0.08696    0.56251    0.17887    0.33104
    0.16921   -0.76179    0.31772    0.07784    0.33468    0.01190    0.44267    0.24385   -0.04062    0.53995    0.51359    0.24571   -0.03974   -0.09142    0.74022    0.23521    0.64845   -0.14496    0.27288    0.38731    0.48506    0.76104   -0.15741   -0.10689    0.23772   -0.57496    0.10568   -0.73114   -0.43656   -0.30830   -0.10005   -0.81876   -0.08428   -0.59224   -0.39192   -0.13462   -0.51119   -0.25091   -0.81421   -0.68703
    0.14050    0.07906    0.15841    0.38380   -0.32473    0.46577    0.37833   -0.09822    0.23764   -0.13841   -0.55299    0.28410   -0.12348   -0.02930   -0.43002   -0.36227    0.04640   -0.00056   -0.22706   -0.86520   -0.24944   -0.36446   -0.31885   -0.33589   -0.47524   -0.35556    0.44162    0.28266    0.64049    0.38315    0.56129   -0.15337    0.38286    0.44724    0.57652    0.06949    0.34356    0.23653    0.08409    0.02940
    0.22811    0.29822   -0.28383   -0.52782   -0.59766   -0.21474   -0.19757   -0.34020   -0.84772   -0.82450   -0.75790   -0.82061   -0.71380   -0.89317   -0.77032   -0.73951   -0.35138    0.01384   -0.65493   -0.16815    0.05919    0.18524    0.24578    0.18089    0.02430    0.25423    0.27399    0.27698   -0.45607    0.41339   -0.29503    0.22861   -0.37663   -0.21634   -0.45141   -0.15553   -0.24755    0.21930    0.03525   -0.21605
   -0.31104    0.18107   -0.14050    0.22402    0.00455   -0.63188   -0.68586   -0.06817   -0.09358    0.09997   -0.36022   -0.52387    0.00574    0.09553    0.08375    0.39542    0.22557   -0.22408    0.14550    0.35979   -0.51235    0.33869    0.40240    0.00539   -0.07223    0.27586   -0.25302   -0.21127    0.35352    0.21122    0.48151   -0.18497    0.22605    0.21395   -0.20251    0.01836    0.02817    0.42459    0.36640    0.28956
   -0.19928   -0.24540   -0.46573   -0.28423    0.18454    0.34966    0.32895    0.17582    0.32874    0.43945    0.24934   -0.10612    0.40412    0.33484   -0.27404    0.31100    0.23121    0.71116    0.09663    1.04790    0.29899    0.81963    0.55590   -0.00455   -0.17596    0.24515   -0.44165   -0.19974   -0.15415   -0.63012   -0.37327    0.07889   -0.77160   -0.17691   -0.69165   -0.25302   -0.46309   -0.77494   -0.69171   -0.18328
   -0.14319   -0.47957   -0.04520   -0.30550    0.02244   -0.11713    0.34072    0.37406   -0.28430    0.39762   -0.24190    0.33719   -0.07201    0.24955   -0.10130   -0.17738   -0.25521    0.46751    0.13453    0.18131    0.67291   -0.21898    0.35065    0.25219    0.35648   -0.52675    0.04753   -0.31277   -0.07575   -0.65286   -0.09222   -0.26459   -0.17278   -0.24220   -0.35941   -0.65770   -0.05236   -0.42153   -0.09832   -0.97175
bs
   -0.69635   -0.53418   -0.63688   -0.49542   -0.41993   -0.54047   -0.54091   -0.71219   -0.15006   -0.54988   -0.15372   -0.42874   -0.14085   -0.08915   -0.13078   -0.02283   -0.17273   -0.08151   -0.20748    0.01435   -0.44446   -0.20555   -0.33067   -0.44595   -0.23181   -0.52562   -0.79109   -0.62599   -0.40664   -0.83969   -0.63112   -0.52612   -0.69742   -0.77691   -0.56590   -0.81592   -1.00208   -1.19318   -0.89102   -0.50055
Alpha:        0.0230
Eta:        0.4061
Activation Function: TANGENT
MeanSquaredError:   3.748564E-03
MeanSquaredError - validation:   2.769358E-01
Epoch :      1000
NFE:          2
