  2.511006E-01
  2
  9
 13
wh1
    0.97937    0.96304    0.57177    0.03364    0.52171    0.40989    0.38202    0.60932    0.62853
    0.43909    0.38917    0.29858    0.53299    0.74303    0.17318    0.98505    0.15673    0.90010
    0.56784    0.14839    0.09840    0.28788    0.29092    0.50724    0.02176    0.28038    0.41506
    0.66191    0.60742    0.91281    0.22357    0.35176    0.85671    0.92338    0.58924    0.98560
    0.22415    0.20748    0.28442    0.15529    0.84896    0.99864    0.21034    0.27865    0.23759
    0.60285    0.42186    0.00570    0.10764    0.06936    0.34051    0.80681    0.55672    0.65827
    0.56123    0.00028    0.99681    0.06813    0.18757    0.30343    0.08557    0.59512    0.05265
bh1
    0.81296    0.29728    0.93123    0.59110    0.38898    0.46822    0.77909    0.38233    0.80462
wh2
    0.31939    0.63082    0.67165    0.07567    0.24312    0.78740    0.80491    0.43680    0.48865    0.16088    0.35262    0.74693    0.44645
    0.81078    0.23727    0.78800    0.48728    0.06439    0.05050    0.24868    0.85268    0.63805    0.41471    0.87073    0.78105    0.00750
    0.17193    0.68449    0.82082    0.24095    0.11748    0.99963    0.28171    0.53375    0.42503    0.93906    0.76608    0.26798    0.20864
    0.47965    0.17085    0.79333    0.21609    0.74719    0.93242    0.31220    0.96759    0.79318    0.67167    0.55322    0.68264    0.98970
    0.75655    0.47210    0.19696    0.52833    0.46936    0.17715    0.62888    0.86135    0.66152    0.64233    0.55396    0.89824    0.49069
    0.65976    0.29236    0.21745    0.27390    0.03445    0.50155    0.69209    0.37091    0.98780    0.67197    0.26747    0.81025    0.26843
    0.40326    0.43766    0.58972    0.15221    0.98410    0.14826    0.99295    0.00969    0.63654    0.55241    0.68066    0.90807    0.90645
    0.11069    0.02559    0.92611    0.40736    0.40026    0.55821    0.76447    0.90783    0.15131    0.11019    0.67614    0.92327    0.37511
    0.97095    0.89197    0.39885    0.71155    0.02154    0.84403    0.71956    0.21116    0.95603    0.86965    0.21052    0.06518    0.00791
bh2
    0.37879    0.78944    0.00130    0.51610    0.67004    0.45070    0.97840    0.48427    0.44494    0.21605    0.37065    0.39207    0.48528
ws
   -0.29213   -0.17216    0.63067    0.41831    0.65632    0.22548   -0.01785    0.61324    0.45369    0.03994    0.16294   -0.04919    0.20245    0.72748   -0.10181    0.43045   -0.31376    0.40669    0.32822    0.07932   -0.23994    0.51101    0.40861    0.29398    0.00108    0.54421    0.45923    0.27571   -0.24988   -0.22502    0.27925   -0.01034    0.07297    0.21587    0.02815    0.59268    0.42088    0.51044    0.39630   -0.33361
   -0.45516   -0.44939   -0.35733   -0.57429   -0.46485   -0.18039    0.09848   -0.10033    0.14192   -0.38759   -0.15032   -0.00087   -0.10559   -0.31959   -0.35055   -0.06944   -0.69250   -0.33753    0.36710   -0.02301    0.26729   -0.31216   -0.45253   -0.06148   -0.60326    0.00439    0.17711   -0.35893   -0.51631    0.11991   -0.17916   -0.18472    0.15218   -0.18641    0.22197    0.11592    0.18238   -0.59686    0.08914   -0.09572
    0.13653    0.15623   -0.07562    0.22555    0.09563    0.25444    0.49049    0.59431    0.06253    0.23842    0.32018    0.51330    0.61313    0.18513    0.37390   -0.07358    0.36275    0.30249    0.16190   -0.28364    0.33343    0.28146   -0.45403   -0.29852   -0.28214    0.40209    0.31519    0.39399    0.30814    0.30948    0.58978    0.75045    0.27822    0.82779   -0.02554    0.51545    0.27009    0.67074    0.22107    0.39658
    0.34038    0.49755    0.42915    0.19646   -0.00988   -0.05673    0.50263   -0.03341    0.42227    0.57851    0.68577   -0.30768   -0.20029   -0.00831    0.17621    0.44939    0.19753    0.50904    0.55889    0.24626   -0.08684   -0.29088   -0.19035   -0.15431    0.10236    0.30890   -0.36213    0.65073   -0.02764   -0.09786   -0.19311   -0.05420    0.39857   -0.07249   -0.10527   -0.21565    0.04817    0.59752   -0.13327   -0.38947
   -0.38743   -0.04822   -0.06650    0.39866   -0.44356   -0.28518    0.08868    0.09299    0.13114   -0.51344    0.17121   -0.07652   -0.20264   -0.02103    0.36512    0.19050    0.34463   -0.19788   -0.37408    0.28169   -0.52552    0.26275    0.18181   -0.01346   -0.28273   -0.15650    0.35719    0.33726    0.02785    0.42496   -0.15413    0.36153   -0.48545   -0.03742   -0.45386   -0.39214   -0.01505   -0.07171    0.25483   -0.20558
   -0.03660   -0.46750   -0.38238   -0.00203    0.00897   -0.00108   -0.42188   -0.22742   -0.52611    0.04815    0.62947   -0.52557   -0.27545   -0.13269   -0.07196   -0.38394   -0.08375   -0.10623   -0.26177    0.00624    0.17776   -0.36767    0.10824    0.03268    0.02406   -0.50813   -0.28426   -0.18429    0.17378    0.56953   -0.00220    0.00082    0.36051   -0.32058    0.17506    0.36218   -0.32638   -0.05821    0.01512    0.02514
   -0.10576   -0.11321   -0.27740   -0.28642    0.17521   -0.27131   -0.67336   -0.18082   -0.38819   -0.45993   -0.31303   -0.15597   -0.10750   -0.39472   -0.12589   -0.66253    0.14775   -0.43947   -0.23515   -0.49800    0.01195    0.37388    0.27845    0.17700    0.22032    0.23704   -0.22347   -0.01922    0.12021   -0.35736   -0.47762   -0.54392    0.17273    0.17705    0.11947   -0.56583    0.18389   -0.01539   -0.20392    0.00996
    0.37449   -0.07530   -0.03205    0.50237    0.09658   -0.37269   -0.19217    0.00286    0.19124   -0.12575   -0.11037    0.55851    0.41939    0.37208    0.38027    0.48613    0.02080   -0.34085   -0.11653    0.23487    0.08497    0.29192    0.37167    0.07796    0.00217    0.02937   -0.06998   -0.30565    0.41587   -0.19436    0.31029    0.06796   -0.05276   -0.16249    0.30738    0.56688    0.30148   -0.34278    0.19026    0.48180
   -0.09782    0.50265   -0.23289    0.16078    0.37210    0.20524   -0.08077   -0.07689    0.15458    0.55341   -0.18212    0.16156   -0.26248    0.24558    0.01906   -0.22087    0.24846    0.24304   -0.03514    0.43759    0.29824    0.01668   -0.03396   -0.47664    0.20122   -0.45578   -0.06080    0.02478   -0.10198   -0.28949    0.01189   -0.41643    0.03386   -0.21683   -0.06006   -0.20597   -0.07784    0.10391    0.22089   -0.13701
    0.27887   -0.23003    0.36559    0.35472    0.26569    0.51913   -0.00361    0.51963    0.38626    0.20578    0.18919    0.38584    0.02513    0.49421   -0.16706    0.17891    0.32219    0.42415   -0.20952   -0.24575   -0.24767   -0.26657    0.20390    0.56044    0.29102   -0.12871    0.33726    0.35933    0.37495   -0.03929    0.38566    0.06233   -0.14088    0.37134    0.34819   -0.00307   -0.01208   -0.27104   -0.23830   -0.38624
    0.41412    0.51556    0.31860   -0.13902   -0.28463   -0.04497    0.60047   -0.15265    0.46355    0.08756    0.11381   -0.36446    0.27568    0.07948    0.23541    0.44707    0.05664    0.01076    0.45703    0.40945    0.02266   -0.13741   -0.25462    0.20153    0.28786    0.52391   -0.01184    0.02369    0.23232    0.32285    0.27348    0.32875   -0.08299   -0.12886    0.38615    0.00741    0.00526    0.07569    0.29111    0.30631
   -0.28481    0.05804    0.29325   -0.10716    0.03186    0.45760    0.67120   -0.16037   -0.20677    0.34620   -0.09768    0.35810    0.35501   -0.19014    0.27022    0.03512    0.22826   -0.13838   -0.00091   -0.16865    0.27880   -0.07071    0.26860    0.27956    0.25536   -0.13542    0.24061   -0.13956   -0.19979    0.32752   -0.19784    0.28126    0.05879    0.21707    0.02928    0.00008    0.05957    0.25746    0.09474    0.56315
    0.47035    0.23653   -0.06827   -0.11392    0.28783    0.33080    0.02815    0.35338    0.27643    0.30824    0.13245    0.37771   -0.04279   -0.22205   -0.06396    0.08965   -0.50891    0.13146   -0.28162    0.26495   -0.42051    0.14205   -0.00439   -0.16726    0.09504   -0.08369   -0.46005   -0.29175    0.03390   -0.14658   -0.37320   -0.07974   -0.07890   -0.30460   -0.38714   -0.07420   -0.31261   -0.17567   -0.31998    0.24823
bs
   -0.60030   -0.69589   -0.76120   -1.02347   -1.01735   -0.92606   -0.85601   -0.98740   -1.09823   -0.71857   -1.04409   -0.71191   -0.55401   -0.57952   -0.69300   -0.53119   -0.40005   -0.32105   -0.38406   -0.63693   -0.36008   -0.56975   -0.66406   -0.69032   -0.66073   -0.73093   -0.75370   -0.87742   -0.91606   -1.05477   -0.67739   -0.83158   -1.18134   -0.90644   -1.19930   -1.06054   -1.26026   -1.05373   -1.34512   -1.20122
Alpha:        0.1441
Eta:        0.0116
Activation Function: TANGENT
MeanSquaredError:   4.323575E-03
MeanSquaredError - validation:   2.757783E-01
Epoch :      1000
NFE:        117
