  2.435711E-01
  1
 24
wh1
    0.17078    0.56496    0.09444    0.81047    0.71665    1.18736    1.14951    0.75935    1.42289    0.87823    0.82719    0.41101    0.59883    0.67125    0.44710    0.91704    0.83515    0.15983    0.62678    0.68501    1.06880    0.23366    1.07248    0.67125
    0.73972    0.85260    0.47532    0.92934    0.57091    0.30982    0.81109    0.30518    0.62178    0.77857    0.93247    0.74417    0.39334    0.32911    0.35514    0.31926    0.94031    0.78118    0.57014   -0.16881    0.97023    0.43241    0.65904    1.00503
   -0.00834   -0.03205    0.78371    0.64251   -0.02390    0.95026    0.87942    0.69364    0.22917    0.15338    0.69181    0.36509    0.16973    0.40812    0.96590    0.21615    0.63310    0.63682    0.40879    0.16126    0.71707    0.84340    1.09979    0.85156
   -0.02198    0.70178    0.35501    0.98482    0.65357    0.42113    0.80773    0.46583    0.68415    1.01261    0.07817    0.79523    0.91377    0.62309    0.80182    0.67191    0.27090    0.02272    0.60640    0.59924    0.15515   -0.04669    0.77263    0.78291
    0.60968    0.95466    0.62685    0.86237    0.83114   -0.05707    1.10033   -0.02353    0.40674    1.22162    0.87728    0.62969    0.32272    0.65977    0.72752    0.94811    0.74043    0.59077    0.64379    0.77275    0.90431    0.73885    0.55418    0.24409
    0.76730    1.23801    0.88391    0.88443    0.46833    0.54492    1.08231   -0.25415    0.44202    1.22302    0.73630    0.59232    0.86597    0.46201    0.29915    0.63999    0.30422    0.29724    0.41094   -0.00622    0.16368    0.04308    0.06820    0.70586
    0.14895    0.52194    0.57779    1.31814    0.01786    0.34458    1.28889   -0.10556    1.23245    1.27774    0.55135    0.17775    0.79189    1.11277    0.27980    0.18761    0.18662    0.23299    0.11910    0.60239    0.45549    0.37376    0.42531    0.57086
bh1
    2.92918    2.48714    2.34930    2.46024    2.66983    2.26482    2.06197    2.79449    2.50470    2.35549    2.55518    2.68667    2.50830    2.16973    2.54013    2.86336    2.56336    2.61835    2.92044    2.79169    2.14228    2.69242    2.60196    2.54448
ws
    0.31908    0.33119    0.78713    0.18484    0.11926    0.72234   -0.10664    0.14501    0.38371    0.54645    0.03130    0.68599    0.22936    0.73557    0.13173    0.44067    0.58450    0.47643    0.47139    0.71736    0.39430   -0.12265   -0.00371    0.43133    0.35923   -0.05632    0.45927    0.48218    0.19889    0.73139    0.37481    0.66915    0.22829    0.40532    0.35966    0.03975   -0.07089    0.22735    0.22928    0.50577
    0.16966    0.51562    0.50225    0.35585   -0.03181    0.33081    0.71053    0.41355    0.70224    0.07871    0.81367   -0.01592    0.16929    0.31809   -0.09530    0.13641    0.67061    0.53913    0.15493    0.14114    0.28970    0.00105    0.75163   -0.14130    0.01619    0.79364    0.72684    0.65569    0.81219    0.75535    0.55424    0.66726    0.42068    0.30362    0.25939    0.12680    0.60752    0.45954    0.92443    0.28367
    0.47114   -0.04053    0.15770    0.43835    0.46552   -0.09074    0.05576    0.16881    0.16061    0.02489    0.39009    0.33282   -0.07592    0.33632   -0.17558   -0.14098   -0.15650    0.35258    0.41195   -0.25006   -0.10180    0.17436    0.09095    0.75442    0.62294    0.42014   -0.00262    0.00809    0.61385    0.18029    0.11528    0.18180    0.22001   -0.01926    0.45094    0.06917    0.93579    0.24969    0.15956    0.82113
    0.56199    0.50681    0.29936    0.74822    0.35693    0.81290    0.29627    0.90901    0.42811    0.84320    0.30453    0.74109    0.77165   -0.04161    0.44185    0.81423    0.47928    0.56456   -0.11470    0.54532    0.58424    0.30559    0.66854    0.54301    0.69317    0.31994   -0.07103    0.66167    0.54026    0.68486    0.83909    0.39257    0.24334    0.11382    0.65594    0.40566    0.29925    0.34718    0.94733    0.78292
    0.29849    0.22961    0.74822    0.52770    0.33382    0.03326   -0.13022    0.08675    0.17386    0.04229   -0.15296   -0.00130   -0.03281   -0.25835    0.19930    0.56065    0.13576    0.30262    0.60678    0.16790    0.43431    0.05681    0.59287    0.66630    0.56573   -0.10964    0.44094    0.76273   -0.17143    0.00514    0.35776    0.56212    0.47877    0.60062    0.42297    0.65077   -0.00940   -0.11423    0.61686    0.60906
    0.41437    0.19385    0.78892    0.75404    0.67768    0.15337   -0.06187    0.65835    0.39015    0.65845    0.86177   -0.04545    0.82961   -0.20834    0.07365    0.49696    0.30882   -0.17182    0.39122   -0.22659    0.21897    0.34518   -0.18152    0.13530    0.36733   -0.02705    0.16488   -0.22332   -0.29798   -0.12199   -0.07956    0.42815    0.66312    0.39877    0.05666    0.74980    0.66529   -0.22512    0.38559   -0.01172
    0.18691    0.42195    0.10094    0.31270    0.71237    0.71307    0.73188    0.92952    0.34969    0.79517    0.75758    0.73815    0.07321    0.19770    0.18655   -0.06992    0.12579    0.31334    0.54851   -0.30228   -0.21261    0.41150    0.45619    0.25844    0.51285    0.67703    0.55038    0.42317    0.11194    0.65324    0.43119    0.21044    0.31611    0.89662    0.46858    0.47333    0.68648    0.67488    0.01466    0.48606
    0.63736    0.22739    0.70217    0.33699    0.04729    0.16644    0.69249    0.60597    0.59570    0.41778    0.81545    0.60757    0.63214   -0.03831    0.52932    0.06631    0.42995    0.47019    0.49441    0.67097    0.26223    0.29212   -0.21757    0.11985    0.61863    0.78095    0.07251   -0.09283   -0.11922    0.65391   -0.21110   -0.02323    0.04705    0.32204    0.26148    0.42295    0.30993   -0.15435    0.03782    0.41614
    0.74514    0.16491    0.20852   -0.00564    0.54732    0.93254    0.53055    0.44142    0.90824    0.53114    0.92371    0.56041    0.31849    0.80405    0.65422    0.62870    0.21635    0.00306    0.42459    0.21756    0.47010    0.26841    0.54297    0.63319    0.30176    0.51905    0.22884   -0.08810    0.54789   -0.10203    0.17598    0.65276    0.13664    0.41232    0.32251    0.52826    0.52564    0.88625    0.09161    0.80589
    0.12731    0.59200    0.12039    0.15233    0.45970    0.47560    0.14304    0.32293    0.48519    0.64257    0.87004    0.90861    0.18393    0.82852    0.35316    0.29092    0.30373    0.56754    0.25247    0.24626    0.35962    0.37199    0.58901    0.25411    0.37935    0.67400    0.80030    0.72443    0.19550    0.58024    0.83915    0.67767    0.53025    0.88413    0.61624    0.21741    0.49169    0.80199    0.58732    0.55868
   -0.09371    0.45763    0.82862    0.49187    0.79575   -0.10259    0.12809    0.57260    0.72401    0.71348    0.74189    0.54237    0.56069    0.71768    0.58980    0.42296   -0.22681    0.77931    0.34301    0.26590    0.73245    0.17144   -0.07735    0.61718    0.58133    0.37989    0.13643    0.66108    0.62042    0.42381   -0.18535    0.23933    0.80766    0.33056   -0.09299   -0.03978   -0.00300    0.70659    0.47880    0.27449
    0.01484   -0.15290    0.76663    0.75296    0.78644    0.64632    0.47163    0.03003    0.16927    0.26645   -0.00338    0.41797    0.34773    0.24421    0.44242    0.55196    0.57005    0.20496    0.04042    0.52681    0.15442    0.71494    0.14485    0.07283    0.45501    0.29572    0.11449   -0.06424    0.73055    0.22310   -0.12185    0.25269   -0.05193   -0.07777   -0.10887    0.55784    0.17571   -0.13531    0.57160    0.61094
    0.66310    0.03539    0.75859    0.09174    0.24968    0.68274    0.34547    0.11425    0.70420    0.51939   -0.04913    0.46611    0.50165   -0.28887    0.00202    0.32746    0.02081    0.60661    0.58077   -0.33488   -0.16976    0.28976    0.24821   -0.08591    0.63760    0.61725    0.71291    0.30044    0.08020    0.43695    0.17503    0.20882    0.75763    0.11089    0.80709    0.05857   -0.07697    0.28707    0.07613    0.13816
    0.08793    0.56152    0.69694    0.77003    0.46328    0.18545    0.52786    0.68988    0.16070   -0.17336    0.63230    0.54902   -0.05657    0.28371    0.28416    0.20308    0.24407   -0.26119    0.12796    0.18869   -0.24098    0.42783   -0.02736   -0.22626    0.19143    0.54250   -0.02829    0.75492    0.23047   -0.09907    0.69154    0.59959   -0.01032    0.22134    0.52137    0.60435    0.32575    0.26678    0.30430    0.26984
   -0.30212   -0.22488   -0.17310    0.61624    0.66210    0.57433   -0.04310   -0.16774    0.53312    0.45728    0.52479   -0.06679   -0.19153    0.54092    0.14591    0.69652    0.08248    0.41274   -0.04018    0.18318    0.57695    0.41955    0.15750    0.40623    0.57822    0.21292    0.41327   -0.03525   -0.24402    0.25568   -0.06289    0.75720    0.75477    0.49544   -0.09184    0.49683   -0.15178    0.12154    0.10952    0.16880
    0.01244    0.55389    0.18266    0.12335    0.70170   -0.05810    0.05023    0.20675    0.44104   -0.08420    0.50387    0.09403    0.84520   -0.00364    0.35026    0.82094    0.61706    0.10649    0.51412    0.71962    0.72802    0.26359    0.02574    0.69855    0.24274    0.57363    0.72591    0.66133    0.70514    0.72380    0.13273    0.77455    0.84483    0.54969    0.73896    0.39088    0.40185    0.08997    0.56464    0.25460
    0.35924    0.10407    0.45424    0.24856    0.89482    0.16517    0.81244    0.40229    0.79492    0.37118    0.66467    0.55748    0.73701    0.23239   -0.18148    0.11128   -0.12069   -0.14911   -0.06827   -0.12965    0.62080    0.50517   -0.13187    0.33150    0.01623    0.43622    0.64842    0.52267    0.55007    0.66220    0.58445    0.42755    0.48184   -0.11725    0.39848    0.11272    0.44213   -0.03090   -0.16072    0.24536
    0.21572    0.25724    0.12745    0.19497    0.34879    0.21147    0.15540   -0.04472    0.64091   -0.03132    0.64286    0.03622   -0.12754    0.46914   -0.21128    0.30111   -0.13148    0.72022    0.17942   -0.19892   -0.12508   -0.04540    0.77694    0.41840    0.07190    0.08761    0.75631    0.10168   -0.03121    0.10133    0.41127    0.70890   -0.00875    0.27070    0.44089    0.75378    0.52390    0.29247    0.20636    0.21267
   -0.20581   -0.24182    0.14360    0.81827    0.74066    0.58522    0.41090    0.68658   -0.01953    0.22025   -0.11868    0.74453    0.43683    0.49238    0.39520    0.17332    0.11116    0.73089   -0.05958    0.66566   -0.12861    0.54192    0.16472   -0.06685    0.80301    0.76015    0.57949    0.82927    0.67289    0.07322   -0.05138    0.63981    0.74308    0.72730    0.52156    0.39876    0.38135    0.66453    0.76649    0.64740
    0.69898    0.06478    0.04775    0.70279    0.11528    0.67636   -0.04499   -0.14021    0.19240    0.06590   -0.07591    0.38837    0.61823    0.20056    0.01480   -0.24285   -0.17711    0.57607    0.57904    0.20946    0.30786    0.71795    0.53087    0.57854    0.53722    0.73233    0.51596    0.71069    0.10624    0.65726   -0.13441   -0.12633   -0.03080    0.12128    0.29347    0.81313    0.63196    0.77606    0.49176    0.85120
   -0.09386   -0.01248    0.72956    0.17501    0.75987    0.15831    0.54145    0.56316    0.12421    0.66015    0.40570    0.48406    0.64935    0.14323   -0.12652    0.01166    0.02541    0.61803   -0.26219   -0.12865    0.65921    0.50345    0.37230    0.11661   -0.27282   -0.18766    0.04032    0.07736   -0.24924    0.00247    0.54714    0.01720    0.14537    0.07876   -0.14852    0.52236   -0.05331   -0.09898    0.77619    0.50476
   -0.31181   -0.10617    0.48204    0.79242   -0.15523    0.18490    0.51965    0.47403    0.70947   -0.01878    0.49398    0.33094    0.69621   -0.28213   -0.39884    0.66695   -0.20242    0.66743    0.64488   -0.35286    0.39627    0.64068    0.35261    0.21991    0.33563    0.50567    0.40202    0.37607   -0.16081   -0.20043    0.49572    0.58204    0.76129   -0.16655    0.41437    0.13819   -0.13973   -0.21452   -0.05514    0.05407
    0.03272    0.32346    0.30974    0.22520    0.39256    0.86713    0.47297    0.51125    0.20139    0.93439    0.25177    0.01948    0.86898    0.23349    0.79239    0.63540    0.55359    0.71448    0.65825    0.50061    0.39804    0.73811    0.57408    0.23733    0.57941   -0.02878    0.22944    0.66794   -0.02231    0.63233   -0.02379   -0.15526   -0.13900    0.14393    0.81944    0.73978    0.36140    0.40157    0.05565    0.23840
    0.30383   -0.19990    0.78990    0.48149    0.51217    0.89837    0.05791    0.19546    0.74392    0.06163    0.25440    0.22764    0.92199   -0.07927    0.19531   -0.07969    0.70238    0.75137   -0.06803    0.17404    0.09034    0.37335   -0.16436    0.13449   -0.09832    0.31732   -0.02034    0.10145    0.57655    0.09007    0.27694    0.47115    0.56262    0.81019    0.42385    0.71188    0.60599    0.24483    0.51103   -0.05978
bs
    1.57328    1.41598    1.84754    1.77755    2.02076    1.87745    1.63901    2.02630    2.17067    2.13697    2.51892    2.38669    2.32586    1.91042    1.80057    2.28571    2.05785    2.67870    2.31988    1.85106    2.22540    2.44790    2.18921    1.98023    2.08222    2.04572    1.77393    1.79345    1.32812    1.53612    1.43329    1.62134    1.43791    1.36941    1.39284    1.45276    1.25567    1.06848    1.23054    1.32497
Alpha:        0.1446
Eta:        0.0831
Activation Function: LOGISTIC
MeanSquaredError:   7.182835E-03
MeanSquaredError - validation:   2.672099E-01
Epoch :      1000
NFE:        100
