  2.493390E-01
  2
 22
 23
wh1
    0.73793    0.96180    0.29101    0.52019    0.35780    0.31971    0.15739    0.96486    0.12236    0.93107    0.05195    0.40847    0.28855    0.52881    0.48785    0.82449    0.27586    0.38423    0.50492    0.94849    0.49704    0.96624
    0.47024    0.08385    0.97482    0.57966    0.14431    0.58634    0.62774    0.21637    0.36471    0.51468    0.90030    0.27145    0.07859    0.96003    0.01761    0.08373    0.46329    0.47239    0.35436    0.49527    0.24585    0.14463
    0.79896    0.94447    0.06063    0.52039    0.29944    0.58993    0.55673    0.96058    0.31821    0.80261    0.93656    0.21824    0.13666    0.13590    0.12361    0.77813    0.20515    0.93250    0.67574    0.42160    0.60800    0.50874
    0.87640    0.20489    0.79419    0.84066    0.93649    0.41749    0.55926    0.85601    0.26369    0.99026    0.87939    0.81898    0.55936    0.75803    0.53052    0.41095    0.57176    0.05496    0.97703    0.29965    0.64832    0.59706
    0.91320    0.52424    0.23570    0.89176    0.23547    0.24792    0.78148    0.35180    0.24360    0.43263    0.02234    0.69052    0.95620    0.21291    0.81078    0.74594    0.12136    0.28261    0.68319    0.44442    0.97408    0.53714
    0.80954    0.99637    0.03190    0.71080    0.74550    0.07194    0.41984    0.34979    0.13348    0.72045    0.34220    0.27031    0.45196    0.33936    0.24626    0.84927    0.34747    0.28170    0.61915    0.97216    0.26560    0.78412
    0.52041    0.30807    0.38488    0.73937    0.51575    0.96324    0.63958    0.30294    0.58829    0.33391    0.36351    0.97526    0.72413    0.23641    0.51999    0.06653    0.97690    0.43583    0.02822    0.47893    0.22713    0.26444
bh1
    0.60547    0.68156    0.74310    0.71908    0.61278    0.59449    0.53682    0.25634    0.24656    0.52614    0.16659    0.38655    0.57172    0.57145    0.15101    0.21522    0.41312    0.94379    0.07714    0.01614    0.24760    0.28281
wh2
    0.67224    0.72345    0.18806    0.33850    0.37022    0.59440    0.79783    0.12147    0.31932    0.90140    0.61655    0.21881    0.64731    0.72780    0.10334    0.92373    0.94070    0.12076    0.92671    0.48040    0.83567    0.43886    0.64003
    0.81480    0.79123    0.49893    0.30504    0.58953    0.46445    0.87450    0.58739    0.43795    0.19804    0.94255    0.85373    0.71671    0.19074    0.63986    0.10932    0.73157    0.10575    0.51589    0.51992    0.38203    0.83048    0.89893
    0.74026    0.79492    0.71492    0.96105    0.60345    0.78045    0.19372    0.52749    0.78865    0.54691    0.04692    0.18983    0.44559    0.38637    0.10172    0.31340    0.87730    0.92875    0.46629    0.96976    0.58568    0.16183    0.55410
    0.62972    0.30896    0.96511    0.82358    0.83071    0.18197    0.71586    0.28673    0.11633    0.56006    0.49034    0.48255    0.39386    0.70446    0.38865    0.22183    0.97379    0.53509    0.05976    0.10427    0.35981    0.32920    0.81908
    0.02925    0.37435    0.23595    0.04628    0.42514    0.27063    0.64220    0.25077    0.14585    0.84307    0.72962    0.00544    0.85720    0.67394    0.08322    0.41773    0.68792    0.33645    0.75357    0.73340    0.52704    0.64393    0.86260
    0.55295    0.41787    0.41160    0.74429    0.44641    0.31873    0.31172    0.52955    0.15932    0.84877    0.23069    0.83981    0.57497    0.99559    0.33730    0.56919    0.66088    0.47154    0.97119    0.48651    0.59155    0.15776    0.55196
    0.05901    0.47594    0.94511    0.40682    0.92452    0.16717    0.12772    0.29059    0.48392    0.39968    0.36567    0.59913    0.42512    0.27427    0.67042    0.99790    0.09385    0.29828    0.95441    0.97452    0.08421    0.44824    0.49840
    0.88737    0.38242    0.89856    0.70799    0.19599    0.04532    0.53529    0.20564    0.89621    0.22565    0.96972    0.45754    0.08692    0.39901    0.54953    0.89957    0.94769    0.10250    0.15170    0.67505    0.12268    0.56202    0.43725
    0.37308    0.28611    0.71037    0.60434    0.26672    0.59092    0.18822    0.27265    0.67732    0.75674    0.69791    0.86171    0.84338    0.99662    0.74025    0.28305    0.73377    0.82083    0.95999    0.35620    0.11860    0.68587    0.14568
    0.07567    0.95305    0.54284    0.88708    0.01690    0.86943    0.98430    0.34966    0.83854    0.32408    0.58962    0.14976    0.11854    0.07748    0.65489    0.37616    0.33239    0.18858    0.67824    0.23785    0.98496    0.31782    0.93986
    0.36075    0.41030    0.71295    0.76022    0.91903    0.82555    0.62835    0.04482    0.54882    0.27680    0.09980    0.18201    0.01322    0.07377    0.75073    0.75521    0.59376    0.34784    0.23906    0.70712    0.39428    0.26148    0.19050
    0.27639    0.49637    0.25778    0.46916    0.67916    0.17198    0.67976    0.07524    0.92678    0.22316    0.89680    0.19118    0.39234    0.03929    0.92596    0.52041    0.03132    0.69252    0.28167    0.55092    0.56582    0.40368    0.27009
    0.25953    0.04083    0.37949    0.36438    0.53265    0.78773    0.73232    0.61942    0.73142    0.19481    0.08061    0.71279    0.00653    0.73016    0.63247    0.21769    0.11632    0.82053    0.40681    0.38015    0.17151    0.66816    0.11802
    0.76352    0.71911    0.94776    0.31826    0.50880    0.98342    0.44934    0.55981    0.79504    0.13884    0.89722    0.00745    0.94845    0.57259    0.48964    0.10775    0.74991    0.01813    0.86013    0.89683    0.57815    0.52911    0.08840
    0.61091    0.17653    0.41241    0.96271    0.94525    0.71492    0.77053    0.85946    0.76091    0.77877    0.11831    0.00998    0.06856    0.67941    0.18630    0.45253    0.25132    0.13231    0.50987    0.98609    0.88828    0.25317    0.35378
    0.45868    0.64779    0.68282    0.95713    0.48922    0.87848    0.86847    0.16439    0.68224    0.99636    0.54031    0.35743    0.65136    0.83256    0.08549    0.46848    0.73566    0.93981    0.48207    0.48681    0.44639    0.75278    0.86815
    0.17516    0.80915    0.40522    0.90264    0.54127    0.98028    0.46309    0.77050    0.42870    0.67760    0.58097    0.10057    0.36419    0.79119    0.13063    0.60727    0.99679    0.74117    0.21417    0.98843    0.61726    0.42238    0.49872
    0.93739    0.86792    0.48731    0.17202    0.39215    0.68579    0.58450    0.85027    0.52752    0.60826    0.29657    0.56202    0.64503    0.89089    0.83133    0.35396    0.30712    0.17520    0.11701    0.45615    0.02189    0.84413    0.86098
    0.36670    0.59157    0.48885    0.27004    0.26877    0.85004    0.02570    0.82686    0.96769    0.08439    0.84880    0.87924    0.39753    0.44065    0.65211    0.02615    0.85458    0.57069    0.78413    0.38400    0.01959    0.39908    0.80115
    0.87152    0.70718    0.38534    0.39456    0.48608    0.20190    0.88587    0.85067    0.92489    0.20789    0.03695    0.44692    0.53214    0.69095    0.35156    0.99386    0.54170    0.88760    0.69249    0.00454    0.30293    0.57852    0.88658
    0.50924    0.98170    0.18774    0.31786    0.12735    0.80339    0.17566    0.12992    0.73563    0.87595    0.60589    0.12851    0.99080    0.63338    0.64701    0.27213    0.87915    0.29189    0.29942    0.25620    0.30864    0.64452    0.59528
    0.97515    0.29008    0.52658    0.25079    0.76918    0.71286    0.88372    0.91875    0.86813    0.32456    0.90058    0.13535    0.30409    0.19283    0.52121    0.18166    0.95058    0.33326    0.97834    0.54680    0.89920    0.55711    0.20693
bh2
    0.11632    0.62834    0.60449    0.56455    0.54483    0.36342    0.75640    0.50452    0.84176    0.24432    0.80978    0.90903    0.56234    0.35601    0.50186    0.14189    0.77070    0.44843    0.99184    0.45100    0.62195    0.58996    0.86942
ws
   -0.08790    0.08706    0.11531    1.33279    2.01663    1.97210    2.20178    2.49600    2.39190    1.95678    1.96575    1.73336    1.59367    1.72112    1.68691    0.54283    1.10835    0.63126    0.03795    0.02793   -0.43772   -0.61220   -1.09500   -1.39545   -1.94857   -1.64000   -1.12507   -1.33036   -0.84209   -0.56355   -0.61591   -0.12710   -0.08623   -0.01024   -0.00559    0.23946   -0.47123   -0.12547   -0.53967   -0.85766
   -0.77815   -0.57363   -0.31405   -0.05666    0.43553    0.02275    0.53080    0.81596    0.53435    1.29034    1.13990    0.51701    1.25904    0.51859    0.85639    0.82814    0.83121    1.24963    1.28291    1.42545    1.08196    1.35391    0.75170   -0.21674   -0.51313   -0.64245   -0.89832   -0.72603   -1.34441   -1.21442   -1.07041   -0.36559   -0.60610   -0.64683   -0.94669   -1.25520   -1.11652   -1.57964   -1.14908   -1.05266
   -0.89219   -0.31766   -0.34698    0.09032   -0.54940   -0.28891   -0.34763   -0.08194    0.17095   -0.02600    0.26577    0.53688    0.50536    0.61228    0.64526    1.10779    1.39750    1.07302    1.42318    1.65086    1.77218    0.98554    1.21223    0.80395    0.00887   -0.38968   -0.55355   -1.15081   -0.92045   -0.64791   -0.92853   -1.04139   -1.03557   -0.73377   -0.31595   -0.69765   -0.81924   -0.52964   -1.41685   -1.05741
   -0.67765   -0.38844   -0.45378    0.04459    0.16841    0.11294   -0.43259   -0.53843   -0.34187   -0.10606    0.13231    0.27056    0.06339    0.28401    0.46596    0.63038   -0.07747    0.11886    0.53556    0.25717    0.49502   -0.01309   -0.12729    0.07650    0.19036    0.05108   -0.57081   -0.42084   -0.44255   -0.02288   -0.07989   -0.40303    0.42992   -0.04891   -0.04095   -0.14018    0.55697   -0.05810    0.62788    0.21460
    0.70087    0.36919   -0.47707   -0.98871   -0.44507   -1.54581   -1.67090   -1.55078   -1.72228   -1.53037   -1.45146   -0.83665   -0.89986   -1.31716   -0.64172   -0.56020   -0.78631   -1.15756   -1.12379   -0.44874   -0.54840   -0.46701   -0.31896    0.18352    0.45654    0.86730    0.34761    0.83313    0.88451    0.87474    0.57652    0.62265    0.41534    0.36792    1.27745    0.47794    1.09194    0.91123    1.29305    0.85827
   -0.85039   -0.61473    0.02208   -0.44285   -0.40720   -0.72477   -0.33986   -0.22180    0.30540    0.72403    0.54445    0.12554    0.59832    0.58717    0.01100    0.00837    0.50083    1.06088    0.65429    0.71747    0.74777    0.54411    1.29550    0.55898    0.20928   -0.07854    0.02509   -0.53634   -0.06157   -0.50448   -0.24827   -0.11525   -1.00374   -0.81144   -0.28794   -0.30362   -0.58403   -0.70806   -1.05517   -0.79916
    0.46418    0.45248    0.48594    0.89284    0.97713    1.19468    1.07662    0.92565    0.95158   -0.00508   -0.46395    0.18245   -0.44140   -0.87875   -0.55628   -0.63401   -1.06884   -1.37557   -1.37754   -2.42273   -2.31737   -2.03885   -1.52963   -1.56108   -0.57989   -0.48560    0.34530    0.26703    0.26372    0.55781    1.00473    0.35423    0.61349    1.07243    0.64171    0.30294    0.51856    1.21320    0.45492    0.45892
    0.76665    0.39278    0.24617    0.87146    1.26913    1.22053    0.99402    0.56970    0.79083    0.53608    0.49166   -0.34916    0.39405    0.07972   -0.43777    0.01813   -0.28755   -0.44188   -0.42422   -0.78707   -1.63590   -1.90750   -1.38561   -1.15399   -0.75850   -0.36231    0.18901    0.38442    0.03417    0.28434    0.26480    0.25278    0.24861    0.96101    0.93772    1.06407    0.33778    0.68843    1.10106    1.11396
    0.37959   -0.26054   -0.06545    0.28235    0.21930    0.57966    0.52314    0.76478    1.25202    1.03720    0.90377    0.76086    0.11375    0.23954   -0.11331    0.14660   -0.12512   -0.18340    0.01030   -0.17968   -0.12128   -0.17722   -0.34960    0.55187    0.01362   -0.04484   -0.38969   -0.23095   -0.36041   -0.75739   -0.53473   -0.83485   -0.16310   -0.77079   -0.72551   -0.37485   -0.93469   -0.77053   -0.90182   -0.75102
   -0.06026    0.27486   -0.00267   -0.92215   -0.65395   -0.46586   -0.39184   -0.68693   -1.30936   -0.73223   -0.48642   -0.91827   -1.07224   -0.91148   -0.62515   -0.44518   -0.53701   -0.41066   -0.93810   -0.36821   -0.14227   -0.57648    0.40544    0.55819    0.82436    0.43256    0.52539    1.12233    1.18558    0.53874    0.62829    0.83884    0.44307    0.95388    0.31243    0.58379    0.35779    0.83024    0.55809    1.19272
    0.02324    0.09862    0.61250    0.19241    0.67454    0.09071    0.83079    0.38397    0.29862    0.47990   -0.23248   -0.37440    0.09686   -0.18722    0.18405    0.26934   -0.16903   -0.61363    0.51790    0.56086    0.59896    0.99283    0.75313    0.92588    1.37236    0.72608    0.62405    0.10589   -0.27158    0.17003    0.07614   -0.37919   -0.44927   -0.37652   -0.91645   -0.62711   -1.16943   -0.81030   -0.50433   -0.43332
    0.35876    0.07357   -0.23150   -0.14236   -0.59850   -0.10644   -0.64680   -0.27054   -0.54155   -0.47649   -0.59257   -0.21854   -0.53797   -0.44838   -0.46993   -0.47599   -0.05471   -0.20323    0.75928    0.09802    0.11611    0.89523    0.45989    0.42464    0.10958   -0.33495    0.31204   -0.09282    0.06828    0.12044   -0.06088    0.55928    0.19925    0.04774   -0.40897    0.39933    0.35595    0.28222   -0.05402    0.18491
    0.05890    0.34145    0.42125   -0.49245    0.02230   -0.11129   -0.46279    0.19874   -0.02479   -0.42309    0.48053    0.38509    0.19292    0.47517    0.01102    0.19832   -0.21154    0.49130   -0.06123    0.65502    0.49921    0.75931    0.62867   -0.06234   -0.00921    0.02182    0.35605    0.11618   -0.36549    0.19596   -0.16259   -0.30271    0.16144   -0.61145   -0.44657   -0.10482    0.01938    0.07002   -0.13284   -0.47300
    0.54460    0.59451   -0.06341    0.14192   -0.15251   -0.20710   -0.45959   -0.70922   -1.25162   -0.74843   -0.33083   -0.81264   -0.82817   -0.90257   -0.93752   -1.30357   -1.10962   -1.06608   -1.18550   -1.11661   -1.20732   -0.79835   -0.99523   -1.27812   -0.74633    0.03102    0.20304    0.16495    0.36363    1.02764    0.59883    1.00743    1.08473    0.89160    1.30181    1.03273    1.82892    2.06010    1.09249    1.71232
   -0.17771   -0.67289   -0.56912   -0.13449   -0.57075   -0.35819   -0.29351   -0.70134   -0.59981   -0.50550   -0.34997   -0.41679   -0.25744    0.11873    0.63091   -0.04288    0.25837    0.82289    0.97233    0.92064    1.37509    0.94944    0.77849    0.60135    0.56209   -0.14370    0.27646    0.25401   -0.57372   -0.26128   -0.69912   -0.44422   -0.73253   -0.35429   -0.18682   -0.15475   -0.02423   -0.70723    0.01973    0.02970
   -0.09592    0.11976    0.13919    0.07115   -0.32581    0.30035    0.28318    0.61235    0.08197   -0.14186    0.24551    0.55051    0.35968    0.40234    0.30071    0.56541    0.12257    0.57480   -0.28764   -0.41860   -0.59398   -0.20501   -0.64516   -0.45779   -0.04916   -0.24909    0.28376    0.51556    0.16079    0.26008    0.01488    0.36846    0.42102    0.89499    0.96087    1.11354    1.15250    0.80483    1.33378    1.24710
   -0.57985   -0.14591    0.19071    0.13992   -0.02400   -0.11985    0.64251    0.59144    0.82321    0.93463    0.57999    0.68418    0.69734    0.84533    0.79214    0.87707    1.24166    1.06953    1.03773    1.04424    0.72184    0.78091    0.36549   -0.13003    0.22435   -0.06772   -1.19478   -0.78942   -0.67213   -1.14714   -1.38823   -1.10503   -0.99016   -0.85672   -1.09213   -1.01562   -0.64257   -1.08384   -0.76199   -1.66769
    0.91247    0.13084    0.45304   -0.91175   -0.80009   -1.10208   -1.13172   -1.26502   -0.61076   -1.32965   -1.23205   -1.49006   -0.76375   -0.44647   -0.86835   -1.15276   -0.59905   -1.23102   -1.20771   -1.43033   -1.35282   -0.61761   -1.17558   -0.71004   -0.29979    0.59615    1.10278    1.23492    1.15108    1.54456    1.67676    1.64040    1.56647    1.53975    0.80616    1.69365    1.82487    1.44849    1.83148    2.04447
   -0.00446    0.52914    0.00812   -0.31128   -0.28294   -0.84081   -0.33632   -0.37405   -0.56621   -0.59467   -0.60964   -0.24373   -0.49951   -0.22054   -0.46478   -0.59504   -0.46768    0.09411   -0.30295    0.28610   -0.21374   -0.13413    0.26066    0.88723    1.01866    0.80236    0.74964    0.61962    0.41352    0.27154    0.06748   -0.06172    0.12332   -0.00248   -0.23831   -0.29256    0.04773   -0.45993   -0.51469   -0.29460
   -0.12349   -0.63764   -0.82280   -0.92925   -1.33195   -0.84175   -1.44745   -0.78440   -1.02197   -0.87615   -0.34512   -0.28632   -0.43403    0.30931   -0.03973    0.29138    0.31951    0.59208    0.39775    0.11264    1.08852    0.45905    0.43305    1.21526    0.35792   -0.06921    0.22415   -0.28151    0.28453    0.04871    0.39160   -0.37448    0.32493   -0.44456    0.21040    0.04639   -0.32572   -0.09182    0.28140   -0.02921
    0.09339    0.74486    0.42877    0.30411   -0.12226    0.55858    0.85883    0.32342   -0.06051    0.24736   -0.54233    0.08155    0.28316   -0.87245   -0.34212   -0.76753   -0.16267   -0.69090   -0.40490   -0.95532   -0.18922   -0.13665   -0.21467   -0.04968   -0.05731    0.78541    0.54707    0.23572    1.03348    0.08902    0.56429    0.73642    0.57477   -0.11507    0.11728    0.17665    0.07805   -0.02633    0.38046    0.65784
    0.13043    0.12284    0.61591    0.30986    0.49551    0.31827   -0.00800   -0.38872   -0.20064    0.16776   -0.49460   -0.14971   -0.28865   -0.27209   -0.40709   -0.06030   -0.70237   -0.45342   -0.85219   -0.29307   -0.81206   -0.39552   -0.06271   -0.24332   -0.26036    0.38515    0.24800    0.48833    0.83123    0.49704    0.65838    0.72975    0.46759    0.29025    0.27697   -0.27998   -0.17601    0.18039    0.44061   -0.03513
    0.54462   -0.20471   -0.06256    0.67376   -0.03931    0.55448   -0.17381   -0.27884    0.17174   -0.40436    0.05930   -0.05468   -0.22670    0.19106    0.15973    0.15919    0.27990   -0.25513    0.17907    0.24466    0.66449    0.39972    0.42074    0.52363   -0.00422    0.13674   -0.49405    0.21446    0.12299   -0.20304    0.22048   -0.16297   -0.82552   -0.05113   -0.16199   -0.30279   -0.50616   -0.23988   -0.81167   -0.51892
bs
   -0.77606   -0.77646   -0.72801   -0.67034   -0.48230   -0.41683   -0.14586   -0.12042   -0.07575   -0.10554   -0.00647   -0.13579   -0.09044   -0.06933   -0.09204   -0.24655   -0.28552   -0.25839   -0.91697   -0.98454   -1.06947   -1.24072   -1.29720   -1.27111   -1.10846   -1.01114   -0.91405   -0.78925   -0.73059   -0.76041   -0.77609   -0.70941   -0.64101   -0.45577   -0.35077   -0.38500   -0.49914   -0.57396   -0.40013   -0.50350
Alpha:        0.1762
Eta:        0.8014
Activation Function: TANGENT
MeanSquaredError:   3.708267E-03
MeanSquaredError - validation:   2.739021E-01
Epoch :      1000
NFE:          7
