  2.549050E-01
  1
  9
wh1
    1.98279    2.63707   -0.21377    1.25819   -0.73884    0.85898    0.83169   -0.50238    0.36872
    1.28000    0.57077    0.11170    0.66455    0.42344   -0.33500   -1.14453    0.06828   -0.00533
    1.29201   -0.52066    0.22807   -0.39389    1.32752   -0.49550   -1.45975    0.86883    0.60245
   -0.09153   -2.27521   -0.41130    0.46269    1.62100   -0.25473   -0.51760    1.18622    0.98390
   -0.43273   -1.44335   -0.10467    0.84278    0.44908    0.76337    0.18639    0.45403    0.90070
   -0.86860    0.06780    0.59760    1.08784   -0.41360    1.01643    0.72181    0.20593    0.53920
   -1.23998    0.99842    0.84988    1.30176   -0.99467    1.68045    1.51240   -0.06746    0.89825
bh1
    0.00878    0.13395    0.74877   -1.13453   -0.40844   -0.72678   -0.33145   -0.18791   -1.82208
ws
    0.07847    0.09128    0.32162    1.07264    0.61422    0.65917    0.98785    1.21220    1.20152    1.27917    0.86473    1.05807    0.85602    0.98410    0.70853    0.48500    0.73870    0.69735    0.65658    0.56464    0.57488    0.61861    0.28968   -0.24549    0.35138   -0.16212   -0.28640   -0.27726   -0.24610   -0.45073   -0.25134    0.08747   -0.37481   -0.36642   -0.44944   -0.41320   -0.33743   -0.18067   -0.20377   -0.61854
   -0.08500    0.23961    0.33518    0.57943    1.01269    1.25226    1.29862    1.15847    1.05591    0.76354    1.07787    0.71956    0.74902    0.54763    0.75880    0.53496    0.35046    0.27237   -0.05426   -0.33116   -0.57346   -1.06216   -0.79708   -0.58887   -1.26738   -0.54719   -0.46184   -0.23240   -0.33499    0.19198   -0.09416   -0.15765    0.52927    0.58455    0.84340    0.94088    0.75988    0.84835    0.48525    0.83427
    0.15423   -0.03877    0.34004    0.01434    0.41416    0.33671   -0.01196    0.19915    0.30607    0.10729    0.33588    0.32214    0.71498    0.23085    0.64967    0.58580    0.46388    0.16362    0.24949    0.50170   -0.14353    0.14943   -0.04783    0.50512    0.23362    0.35741    0.41797    0.26760    0.61808    0.29505    0.68943    0.31587    0.85929    0.83101    0.49447    0.79029    0.73591    0.61698    0.61028    0.58188
   -0.06499   -0.06493    0.28577    0.49166    0.93240    0.63340    0.08303    0.57317    0.68766    0.76326    0.79619    0.78343    0.61186    0.37947    0.12860    0.45665    0.01657   -0.14976    0.18768   -0.12453   -0.26044    0.26990    0.27997    0.25842    0.34522   -0.05164    0.37075    0.32961    0.66399    0.73934    0.52512    0.53068   -0.00330    0.86349    0.47217    0.67714    0.35468    0.32753    0.63863    0.64035
    0.08316    0.38643    0.23330    0.21531    0.02494    0.15846    0.51211   -0.02178    0.52732   -0.04078    0.85366    0.82049    0.39719    0.46258    0.88482    0.72296    0.59850    0.74879    0.80946    0.70844    1.50426    0.96312    1.12290    1.49607    0.68022    0.60353    0.93365    0.30684    0.18539   -0.02903   -0.05054   -0.25722    0.49809    0.43067    0.11475    0.34593   -0.25264   -0.20311   -0.64843    0.28393
    0.65639    0.56243    0.60659    0.53693    0.46768    0.77457    0.77010    0.24301    0.49863    0.60607    0.64185    0.02236    0.11727    0.25618    0.45697    0.17739   -0.14824    0.23649   -0.26989   -0.24741    0.37776   -0.26392   -0.26052   -0.01058    0.68428    0.59501    0.64977    0.73624    0.62425    0.33584    0.38505    0.51807    0.89917    0.31480    0.87948    0.64516    1.04671    0.75090    0.94554    0.61585
    0.61943    0.77711    0.41144    1.03419    0.15935    0.21150    0.83019    0.71495    0.59719    0.19634    0.11542    0.77639    0.05953    0.30064    0.02810   -0.49896   -0.02150   -0.18710   -0.30524   -0.65260   -0.13018   -0.04696   -0.06649   -0.40322    0.21456    0.21898    0.59185    0.52889    0.46710    0.55008    0.56177    1.02947    0.60052    0.88289    0.49717    0.73743    0.51572    1.19008    0.62178    1.11971
    0.19381    0.47541    0.51512    0.04664    0.06299   -0.04320    0.30609    0.57095    0.37303    0.57594    0.25127    0.29391    0.66068    0.67774    0.86930    0.12497    0.76481    0.64255    0.44165    0.98668    0.55241    1.01384    1.15784    1.16582    0.41354    0.81187    0.74375    0.56794    0.63035    0.60730    0.36874    0.60708    0.00767    0.34721    0.44975    0.33364    0.22907    0.12037    0.28631    0.37240
    0.55203    0.58917    0.41823    0.60537    0.50679    0.21113    0.48700    0.21996    0.18480    0.18826   -0.02391    0.34587    0.30329    0.82995    0.10812    0.25238    0.38835    0.08353    0.29943    0.72442    0.42708    0.80329    0.70182    0.88520    0.19627    0.58065    0.13440    0.53480    0.35351    0.11408    0.81341    0.29703    0.77052    0.12352    0.15415    0.32604    0.60663    0.32918    0.72088    0.24456
bs
    0.42748    0.53936    0.35722    0.76694    0.57793    0.33847    0.62122    0.34899    0.61684    0.63411    0.57836    0.75741    0.34100    0.92398    0.20142    0.10413   -0.01003   -0.11863   -0.05644    0.00570    0.41896    0.67219    0.68516    0.76529    0.53925    0.47890    0.56533    0.71783    0.60849    0.29289    0.58447    0.42429    0.37044    0.25190    0.22121    0.36827    0.37971    0.13389    0.58312    0.33088
Alpha:        0.0715
Eta:        0.1649
Activation Function: TANGENT
MeanSquaredError:   2.135097E-03
MeanSquaredError - validation:   2.801820E-01
Epoch :      1000
NFE:        105
