  2.499525E-01
  1
 23
wh1
    0.60647    0.75324    0.65111    0.49887    0.04237   -0.02941   -0.08819    0.38460    0.18131    0.41385    0.27709    1.44505    0.62288    1.11360    0.44416    1.11202    0.88107    1.63438    0.63270    0.22698    0.26108    0.47445    0.83607
    0.57182    0.51687    0.85189    0.55378    0.00992    0.05440    0.06832    0.27999    0.17199    0.38003    0.41228    1.36791    0.36795    0.55242    0.24534    1.29685    0.65730    1.11189    1.12262   -0.08130    0.60640    0.89543    0.54268
    0.30828    0.27662    0.55933    0.43304    0.16969    0.51641    0.24496    0.23672    0.50262    0.73654    0.64124    1.02195    0.05809    1.03926    0.38752    0.58315    0.05294    0.89970    0.75173    0.62978    0.24047    0.69216    0.16874
    0.72014    0.58737    0.05608    0.36991    0.48568   -0.12697    0.38744    0.26690    0.42674    0.34581    0.62463    0.84968    0.80073    0.87176    0.89164    0.53953    0.77317    1.06293    0.77127   -0.07656   -0.12943    0.35018    0.23983
    0.83421    0.34195    0.00579    0.69533    0.74753    0.70355    0.23772    1.05531    0.32900    0.65546    0.57811    0.69695    0.15199    0.94585    0.38018    0.97275    0.51308    0.80140    0.47705    0.06036    0.02997    0.45439    0.86286
    0.95641    0.92738    0.70578    0.17706    0.22184    0.29988    0.33043    1.00089    0.35972    0.81735    0.29309    0.55038    0.18107    1.39258    0.81405    1.40753    0.86747    0.47893    0.21793    0.67235    0.02559    0.39184    0.02513
    1.19334    0.88193    0.37582    1.20022    0.08857    0.00844    0.56554    1.01919    0.75604    0.84009    0.15724    0.71572    0.21972    1.30561    1.08833    1.23205    1.13076    0.61725    1.00936    0.07043    0.43807    0.39576    0.12911
bh1
    2.46706    2.84061    2.87777    2.53387    2.89304    3.07984    2.91949    2.53302    2.64013    2.78329    2.94795    2.04054    3.11438    2.38316    2.51719    2.10496    2.32096    2.18433    2.37900    2.94485    2.85157    2.68841    2.92600
ws
    0.42017    0.63482    0.51757    0.37539    0.51814    0.75363    0.16157   -0.04722    0.59545    0.62753    0.41723   -0.03867    0.02804    0.44891    0.64440    0.15233    0.29710    0.32118   -0.23224   -0.34410   -0.06228    0.29538    0.17438    0.32881   -0.25431    0.58677    0.31085    0.38233    0.80645    0.24282    0.59366    0.41889   -0.03559    0.64329    0.30283    0.82747    0.83953    0.65061    0.68064    0.13543
    0.13565    0.37662    0.20309    0.09195    0.63316    0.78412    0.67662    0.57204    0.87779    0.88429    0.16260    0.72847   -0.09541    0.76415    0.80611    0.52422    0.53115    0.15845    0.57778    0.59501    0.56455    0.14195   -0.07991    0.10844    0.68537    0.54327    0.16930    0.60306    0.47422    0.02586    0.15904    0.29165    0.18280    0.60734    0.77256    0.67268   -0.05029    0.46621   -0.02466    0.27021
    0.42267    0.25724    0.47634    0.34680    0.24646    0.85539    0.32545    0.39944    0.66404    0.23802    0.77304    0.39879    0.27126    0.30234   -0.12812    0.22744    0.80817    0.06838   -0.04737    0.03304    0.03429    0.37862    0.14361   -0.08949    0.14946    0.78712    0.44719    0.78217    0.71944    0.19565    0.76370    0.58830    0.73796    0.65827    0.18192    0.65897    0.76573    0.21767    0.24974    0.63549
    0.33868    0.16100   -0.00778    0.38469    0.08584   -0.12303    0.23015    0.14736    0.41275    0.05118    0.73283   -0.08664    0.61234   -0.15402    0.70373    0.26579   -0.07011   -0.16187    0.43644   -0.13234   -0.03800    0.42902   -0.10081    0.34967    0.65800    0.48007    0.01163    0.49487    0.33475    0.20995    0.45993    0.76198    0.14688    0.36086    0.36403    0.31482    0.37113    0.75138    0.44858    0.70362
    0.29880    0.68645    0.69368    0.31625    0.34940    0.32502   -0.14010    0.65417    0.19369    0.75373    0.13470    0.42173   -0.07897   -0.21051    0.31057    0.17109    0.36162   -0.05370    0.11454    0.49344   -0.09617    0.03823    0.57706    0.69242   -0.11092    0.47913    0.06704    0.56708   -0.12572    0.24470    0.16115    0.71686   -0.15907   -0.10223    0.35031    0.64692    0.39219    0.19307    0.45247    0.50601
    0.49774    0.68564    0.50648    0.67480    0.35277    0.13875    0.43930    0.37089    0.74635    0.53890    0.62270    0.04996    0.44530    0.36981   -0.20083   -0.04553    0.46495   -0.06829    0.46972    0.26063   -0.25904    0.56245    0.50702    0.60773    0.06723    0.73970    0.09952   -0.13441   -0.12994    0.69022    0.29285    0.71786   -0.03076    0.35131    0.08376    0.73093    0.22629    0.51160    0.82439   -0.01161
    0.21372    0.27852   -0.16236    0.23823    0.19576   -0.18500   -0.00342   -0.10905    0.72611   -0.01985    0.32534    0.58755    0.05539    0.25675    0.46249    0.61513    0.42588    0.14594    0.68388    0.33495   -0.00530    0.65602   -0.18662    0.35921    0.60593   -0.11601    0.09638    0.72048    0.70382    0.32097    0.31201    0.36212    0.12296    0.76779    0.70544    0.73478    0.38575    0.54760    0.16661    0.40127
    0.55452    0.46730    0.29073    0.07638    0.35614   -0.06626    0.64502    0.65534    0.69527    0.30426    0.71742    0.58499    0.29756    0.25081    0.60765    0.19958   -0.09285   -0.13182   -0.16932    0.10641   -0.24443    0.38898   -0.20868    0.31283    0.21939    0.52737    0.83366    0.85724    0.34204    0.53362    0.47935   -0.04407    0.24229    0.03539    0.96173    0.73214    0.35915    0.24950    0.92915    0.00316
    0.51298   -0.05620    0.38685    0.12543    0.16305   -0.14116    0.06472    0.34552    0.46991   -0.15039    0.12494    0.12027    0.47140   -0.03643    0.23265    0.47271    0.39881    0.00928    0.67829    0.43503    0.13483    0.06157   -0.04551   -0.04219   -0.00106    0.07910    0.24506    0.41662   -0.07372    0.36078    0.31637    0.55254    0.20505    0.07420    0.13115    0.17925    0.13513    0.65613    0.09158    0.19823
    0.38704   -0.16367    0.47370    0.53505    0.48041    0.76073   -0.06253    0.86983    0.74853    0.74689    0.52834   -0.13918    0.75023    0.50451    0.58006    0.12663    0.67876    0.33329    0.26009    0.62898    0.28673    0.06039   -0.19225    0.64938    0.46879   -0.12381    0.31089    0.02674    0.59233    0.08533    0.30912    0.65169    0.80229    0.09798    0.65312    0.14048    0.27138    0.72061    0.91994    0.11221
    0.60741    0.45865    0.83592    0.38541    0.73526    0.61441    0.87742    0.18577    0.33264    0.28420    0.25829    0.42775    0.03860    0.04488    0.13147    0.49783    0.46558    0.03933    0.58171    0.06474    0.35671    0.40713    0.71238    0.53934    0.65943    0.46243    0.14053   -0.08387   -0.11430    0.21613    0.27770    0.16437    0.45888   -0.09958    0.46354    0.24017    0.78995    0.49930    0.07451    0.28546
    0.12183   -0.12281    0.67192    0.17075    0.47170    0.32528    0.93572    1.04304    0.89704    0.31544    0.28282    0.95960    0.37037    0.37448    0.85200    0.16222    0.59487    0.28421    0.38952    0.18948    0.58371    0.18712   -0.03920    0.23632    0.11645   -0.27587    0.13094    0.59195    0.20638    0.03810    0.21459    0.49666    0.70810    0.71304    0.17843    0.17334    0.40243    0.10751    0.15580    0.14694
    0.48493    0.37971    0.32866   -0.11743    0.66529    0.45911    0.05484    0.31641    0.80619   -0.02639    0.18275   -0.02446    0.12367    0.57613    0.14305    0.55506   -0.01390    0.40310    0.13703    0.62572    0.38870    0.21659    0.14668    0.69175    0.45490    0.30317    0.48977    0.79754   -0.09127    0.37008    0.26235    0.81763    0.40661    0.84069    0.15480    0.74910    0.60356    0.49768    0.62993    0.47910
    0.16325    0.65321    0.70219    0.13970    0.62905    0.83902    0.52227    0.77539    0.11972    0.75859    0.63175    0.50795    0.45871    0.67339    0.40349    0.37028   -0.06503    0.29768    0.45342    0.20675   -0.14112    0.18748    0.46107    0.73909    0.42913    0.54878    0.63535    0.24409    0.32973    0.93545    0.59894    0.79955    0.72966    0.84084    0.14731    0.30232    0.88567    0.40964    0.70670    0.66171
    0.32569    0.06001    0.54945    0.83922   -0.11445    0.74259    0.54979    0.60402    0.06573    0.63468   -0.07884   -0.03693    0.60984   -0.05402    0.05967    0.20237    0.00213   -0.13247   -0.01405    0.01443    0.02814   -0.01387    0.67264    0.74283    0.19940    0.07995    0.61517    0.34206    0.66940    0.11667    0.79229    0.69368    0.75541    0.17396    0.39416    0.09946    0.71701    0.73447    0.46186    0.21581
   -0.00107    0.10160    0.30892    0.65120    0.86447    0.56011    0.73072    0.17044    0.87990    0.51649    0.67824    0.65457    0.74139    0.66974    0.03548    0.33609   -0.07577    0.72218    0.67848    0.53092    0.23318    0.02248    0.57295   -0.11630    0.22795    0.48263    0.49364    0.24943    0.36338    0.02330   -0.04175    0.00224    0.15494    0.35262    1.01092    0.93313    0.63583    0.52273    0.95119    0.91040
    0.48131    0.05813   -0.09440    0.35241    0.64296    0.49087    0.36988   -0.05530    0.66886    0.71466    0.32603    0.15530    0.41284    0.07032    0.02945    0.13084   -0.04160    0.27042   -0.03705    0.10711   -0.06389    0.40535    0.54220    0.46745    0.38526   -0.03834   -0.01058   -0.15718    0.78180    0.30072    0.69392    0.29324    0.89522    0.26030    0.77119    0.12874    0.61078    0.22044    0.51401    0.13474
    0.05335    0.78402    0.32992    0.22774    0.94231    0.83772    0.46928    0.28554    1.01029    0.25601    0.88321    0.91704    0.13512    0.93526    0.78025    0.50415    0.39013    0.18282   -0.12267    0.40314    0.35551    0.22063    0.19131    0.32998   -0.00659    0.37994   -0.07036   -0.07772   -0.18693    0.02748    0.40539    0.00843   -0.11890    0.61516    0.50179    0.45488    0.07031    0.69426    0.32558    0.45716
   -0.01126    0.27239    0.11410    0.16733    0.17453    0.20797    0.23128    0.66337    0.19592    0.83381    0.20546    0.37259    0.86647    0.36758    0.33286   -0.07572    0.17512    0.30061    0.62972    0.25749    0.22597    0.03196    0.00851   -0.04465   -0.07512    0.23370    0.08466    0.52565    0.34630    0.42330    0.72728    0.48682    0.09133    0.07681    0.45201    0.85337    0.02838    0.30695    0.07903    0.52901
    0.46869   -0.15923   -0.00565    0.13324    0.04868    0.45394    0.71576    0.54637    0.01189    0.13961   -0.15638   -0.01737    0.50431    0.64457   -0.08326    0.10760    0.69556   -0.18852    0.43477    0.70910    0.41297    0.47955    0.24604    0.72075    0.64896    0.40204    0.42753    0.61253    0.74570    0.39898    0.71409    0.62395    0.35370    0.50910    0.51943    0.26232   -0.01002   -0.08312   -0.02419    0.62877
    0.21708    0.65141   -0.10156    0.42842    0.69227    0.17310    0.63863    0.39988    0.31594    0.81997   -0.10494    0.54681    0.27785   -0.22117    0.63518   -0.10362    0.70398    0.62579    0.00876    0.36379    0.69328    0.60289    0.35489   -0.02602    0.07838    0.32431    0.40603    0.06793   -0.12091    0.43860    0.61165   -0.00879   -0.04426    0.12635    0.20417    0.68720    0.24429    0.67801    0.26201   -0.03642
    0.38920    0.04063    0.17949    0.64954    0.65526    0.81487   -0.01283    0.88908    0.08469    0.00437    0.85539    0.77690    0.86183   -0.01658    0.15995    0.23929    0.81128   -0.16516    0.73243   -0.15404    0.23896    0.63127   -0.01691    0.25037    0.20287    0.13190   -0.11781    0.00911    0.04337    0.43406    0.64854    0.60108    0.83436    0.58631    0.55872    0.06755    0.35333    0.17335    0.12162    0.05982
    0.57748    0.21888    0.31997    0.67886    0.79893    0.16063    0.32566    0.68345    0.49865    0.23163   -0.00404    0.69744    0.22615    0.69203    0.31093   -0.07619    0.74589    0.63898    0.35409   -0.11823    0.06257    0.65461    0.41232    0.13726   -0.12232    0.58915    0.00657    0.63416    0.62021    0.57447    0.77773   -0.06409    0.69771   -0.08395    0.65888    0.12890    0.75791    0.11366    0.68038    0.28611
bs
    1.66327    1.50849    1.50728    1.42758    1.91942    1.86880    1.84594    2.00333    2.38890    2.14186    2.18815    2.27972    2.25379    2.18757    2.28925    2.02614    2.16787    2.00901    2.30275    2.08923    1.84423    2.04237    1.88014    2.00683    1.57102    1.67042    1.45282    1.57319    1.50643    1.29096    1.71289    1.49730    1.34658    1.38933    1.60271    1.48018    1.41116    1.32390    1.37609    1.08518
Alpha:        0.4080
Eta:        0.0712
Activation Function: LOGISTIC
MeanSquaredError:   8.855172E-03
MeanSquaredError - validation:   2.740622E-01
Epoch :      1000
NFE:        112
