  2.548745E-01
  1
 12
wh1
    0.66805    0.49556    1.44301    1.78059    2.59496    1.88605    1.11871    0.38099    1.50695    0.25212   -2.54214   -0.51535
    0.65463    0.46640   -0.44041    0.37925    1.95890   -1.22033    0.52647    0.56360   -0.42224   -0.24065    0.05437    0.72174
    0.70611    0.67532    0.19323    0.04355    1.04425   -1.93078    0.22772    0.45449   -0.54903    0.35321    1.57749    0.49547
    0.31075    0.06081    0.14568   -0.06708    0.14237   -1.34439    0.43463   -0.48085   -0.93577    0.41205    2.10490    0.56061
    0.71130    0.63655    0.69127    0.44541   -1.01263    0.31059    1.06762   -0.87062   -0.57382    0.66194    1.24597    0.20323
    0.40718    0.67834    1.22567    1.06378   -0.90424    0.60426    0.48568   -0.24368    0.11619    0.66917    0.15753   -0.49361
    0.50172    1.23601    1.59616    1.73621   -0.92993    1.95171    1.31363   -0.84707    0.48997    0.96214   -0.42692   -0.19582
bh1
   -2.36766   -2.04539   -1.33585   -1.24854   -0.57627    0.55382   -2.02166    2.18063    1.87159   -1.59748    0.12070    1.96282
ws
   -0.04311    0.66382    0.18087    0.52511    0.12003    0.84256    0.27394    0.31315    0.41340    0.86107    0.42257    0.32876    0.18545    0.36598    0.33346    0.52418    0.62852    0.73830    0.43406    0.68378    0.27082    0.57313    0.58467    0.98508    0.06920    0.04914    0.19577   -0.12808    0.64901    0.10803    0.78207    0.43639    0.37561    0.73397    0.08449    0.73050   -0.17089    0.40103   -0.02927    0.02805
   -0.13310    0.16442    0.78552    0.36854    0.51644    0.56162   -0.04560    0.09025    0.56160    0.09894    0.50188    0.58997    0.72493    0.69814    0.26140    0.31911    0.02036    0.79621    0.25262    0.63411    0.52966    0.67350    0.09482    0.11093    0.12237    0.74590    0.61402    0.79394    0.47383    0.26946    0.69931    0.41738    0.42616    0.19710    0.13153    0.25145    0.91635    0.59496    0.91406    0.48244
    0.61074   -0.00056    0.23355    0.92012    0.32260    0.30415    0.88648    0.39189    0.83909    0.14056    0.60628   -0.00505    0.85662    0.18030    0.57026    0.60186   -0.24263   -0.14709    0.03825    0.07386   -0.18894   -0.09146    0.08019    0.08253    0.86461    0.58126    0.26197    0.52470    0.09858    0.70323    0.26897    0.91830    0.64048    0.85372    0.37941    0.86556    0.76122    0.80873    0.24314    0.73170
    0.40145    0.45118    0.65686    0.51753    0.15771    0.60307    0.66786    0.48405    0.60462    0.91365    0.33344    0.72262    0.14393    0.24902    0.16565   -0.33215    0.27591    0.04546   -0.30827   -0.42866    0.40505    0.18180   -0.21420    0.13514   -0.11319   -0.23867    0.08299    0.25110    0.10706   -0.00056    0.00801    0.41797    0.60673    0.63622    1.19478    0.68562    0.39302    0.87658    0.84378    0.36577
   -0.06067    0.09453    0.15195    0.90229    1.10589    0.99612    1.08615    1.33790    1.22018    1.36870    1.27709    1.18377    1.18580    1.18690    1.17597    0.88447    0.84705    0.81449    0.68622    0.72726    0.66200    0.30512    0.49236    0.19952    0.15291   -0.11462   -0.33647   -0.36859   -0.29225   -0.34457   -0.21394   -0.28640   -0.18301   -0.13383   -0.01725    0.06628   -0.24491   -0.29896   -0.30693   -0.43061
    0.53546    0.66602    0.27561    0.61361    0.99651    0.85230    0.62655    0.75248    0.30328    0.53896    0.49555    0.49576    0.16718    0.31334    0.25615    0.10393   -0.16527   -0.25240   -0.59473   -0.73036   -0.69385   -0.86572   -0.43488   -0.39378   -0.00765    0.19047    0.20840    0.36014    0.77079    0.75472    1.01072    0.68056    0.80472    0.84890    0.94325    1.08028    1.11000    1.15655    1.22696    1.15782
    0.36246    0.64475    0.63472    0.31873    0.79428    0.13957    0.14228    1.03976    0.30178    0.59343    0.19327    0.32156    0.08170    0.73392    0.25622    0.18785    0.47396   -0.13553    0.70640    0.12143    0.08142    0.14469    0.29553    0.81896    0.15871    0.45952    0.57534    0.10334    0.36922    0.70823    0.15731    0.23206    0.63270    0.72713    0.31074    0.16918    0.51440    0.04225    0.00931    0.57372
   -0.04892   -0.09828    0.52040    0.79446    0.24770    0.66277    0.78112    0.90155    0.90718    0.94676    0.94188    0.67696    0.34875    0.23982    0.28382    0.80158    0.50618    0.62815    0.61819    0.31298    0.70744    0.93815    0.64669    0.60357   -0.02871    0.07703   -0.12296    0.18975   -0.06364    0.21499   -0.03428    0.30304    0.48832    0.32324    0.50656    0.35526    0.27656    0.68269    0.43569   -0.13498
    0.25898    0.38449    1.01522    0.97270    1.01631    0.98034    0.40904    0.53435    1.06941    0.84072    0.61012    0.58648    0.96434    0.68373    0.09627   -0.24826    0.02752    0.16028   -0.03061    0.21202    0.09746   -0.19554   -0.01887    0.06791   -0.36409    0.26816    0.25929    0.78618    0.07391    0.26451    0.23157    0.35581    0.61185    0.78306    0.70896    0.84642    0.44309    0.45945    0.67759    0.29906
    0.11830    0.01533    0.56163    0.19651    0.39777    0.34859    0.58128    0.37516    0.54511    0.13985    0.38189    0.11430    0.36647    0.29607    0.31617   -0.07870    0.35402    0.33377    0.48704    0.64026    0.19104    1.09305    0.68994    0.28878    0.18087    0.29813    0.84515    0.97311    0.86085    0.34001    0.27320    0.32738    0.52670    0.37710    0.80462    0.70765    0.72832    0.41003    0.79348    0.32478
    0.10773    0.09474   -0.21320   -0.16790   -0.25900   -0.46149   -0.69093   -0.26012   -0.49999    0.08042    0.03427    0.22452    0.27298    0.24134    0.39573    0.49207    0.52938    0.39161    0.69100    1.07848    1.53012    1.26595    1.88502    2.04282    1.85649    1.54416    1.09976    0.98155    0.73396    0.54242    0.78546    0.37844    0.32213    0.12771   -0.03935    0.05827   -0.05615    0.20638   -0.06030    0.21829
   -0.16868    0.27419    0.46160   -0.01481    0.12476   -0.03318    0.22738    0.01841    0.20459    0.25219    0.48014    0.57094    0.22093    1.02306    0.54287    0.18090    0.15140    0.69076    0.66456    0.59948    0.47655    1.04047    0.71172    0.55040    0.86345    0.49843    0.19422    0.17414    0.57588    0.02335    0.36209    0.23547    0.34484    0.53028    0.01146    0.25907    0.60273    0.00826   -0.02823   -0.30881
bs
    0.40234    0.59149    0.29452    0.46853    0.41732    0.60159    0.46545    0.81454    0.74680    0.55858    0.27270    0.17699    0.69755    0.59057    0.78356    0.30666    0.63413    0.14395    0.30449    0.55811   -0.02155    0.49786    0.04069    0.80073    0.25767    0.36753    1.17631    0.36336    0.85270    0.45609    0.54416    0.59452    0.55076    0.68125    0.36719    0.66067    0.41228    0.44478    0.17502    0.91178
Alpha:        0.2757
Eta:        0.1978
Activation Function: TANGENT
MeanSquaredError:   2.266307E-03
MeanSquaredError - validation:   2.801353E-01
Epoch :      1000
NFE:         35
