  2.520976E-01
  2
 22
 17
wh1
    0.68426    0.47936    0.36129    0.79556    0.26307    0.65529    0.97403    0.92820    0.85499    0.99679    0.36740    0.73415    0.75811    0.13268    0.36342    0.86341    0.09423    0.69291    0.43599    0.78220    0.22838    0.53249
    0.38577    0.70931    0.87190    0.15977    0.26802    0.42446    0.40973    0.08830    0.70771    0.51432    0.99169    0.14711    0.73991    0.67584    0.16595    0.79840    0.47390    0.74923    0.90068    0.01056    0.24542    0.54712
    0.04715    0.07754    0.84855    0.49929    0.76552    0.71567    0.26887    0.03962    0.15690    0.04859    0.73548    0.53930    0.92598    0.54604    0.78025    0.47208    0.32127    0.28836    0.13750    0.75266    0.92538    0.35753
    0.12401    0.01106    0.08541    0.23577    0.68284    0.72891    0.44383    0.21550    0.51273    0.88808    0.24890    0.42169    0.19332    0.67493    0.21398    0.54998    0.95946    0.42761    0.89892    0.69716    0.28198    0.55109
    0.76521    0.15814    0.95391    0.85644    0.82592    0.63742    0.71818    0.11453    0.49170    0.15700    0.50501    0.58731    0.88304    0.24389    0.87577    0.13713    0.96930    0.65784    0.58365    0.97213    0.12453    0.25485
    0.22048    0.71745    0.54950    0.04532    0.65006    0.02136    0.76779    0.72227    0.92898    0.46323    0.43793    0.89061    0.37034    0.56505    0.92502    0.26601    0.71445    0.43814    0.15859    0.11815    0.30854    0.40093
    0.82515    0.85643    0.80808    0.19869    0.79864    0.77621    0.54231    0.45794    0.54219    0.94343    0.31818    0.48424    0.11452    0.52707    0.75943    0.15710    0.04446    0.70476    0.80040    0.60701    0.09018    0.07557
bh1
    0.07787    0.07175    0.00447    0.62019    0.05516    0.35777    0.98276    0.53599    0.06809    0.77008    0.41105    0.37652    0.73233    0.08018    0.64811    0.58048    0.48971    0.87617    0.91648    0.02513    0.07402    0.13906
wh2
    0.97036    0.40093    0.84255    0.72328    0.27301    0.95805    0.16534    0.93140    0.44126    0.66820    0.21666    0.79378    0.28685    0.30375    0.10483    0.10610    0.61979
    0.24429    0.11301    0.21208    0.08475    0.19154    0.80995    0.98920    0.15240    0.56551    0.05728    0.42841    0.58537    0.89763    0.76157    0.59628    0.24602    0.57793
    0.32456    0.89968    0.00553    0.50406    0.18928    0.35193    0.54901    0.28573    0.95966    0.76776    0.37315    0.29774    0.23471    0.80002    0.68563    0.13657    0.76947
    0.32741    0.04824    0.65372    0.87037    0.74626    0.91973    0.35106    0.38389    0.39023    0.67171    0.12011    0.08473    0.36727    0.60208    0.96350    0.81361    0.86579
    0.23661    0.94676    0.97639    0.96688    0.42864    0.21851    0.07315    0.54727    0.01240    0.04729    0.38675    0.07690    0.75974    0.31708    0.23535    0.56520    0.42002
    0.50001    0.40749    0.23534    0.25614    0.98266    0.93794    0.96985    0.16106    0.57658    0.20788    0.53136    0.92276    0.42402    0.63129    0.22344    0.91932    0.68887
    0.94543    0.12175    0.48721    0.67371    0.81518    0.12735    0.67878    0.25829    0.58584    0.03050    0.45952    0.44556    0.06852    0.06004    0.23400    0.83897    0.44746
    0.67552    0.75902    0.40462    0.68079    0.49176    0.40491    0.62500    0.02707    0.65122    0.71775    0.05372    0.04872    0.84272    0.84212    0.43110    0.14937    0.57825
    0.56272    0.61867    0.74019    0.55334    0.24430    0.81490    0.07627    0.27847    0.97004    0.14749    0.06719    0.29009    0.62961    0.61980    0.04745    0.02256    0.97302
    0.95445    0.08254    0.26891    0.23247    0.17807    0.62538    0.66302    0.95315    0.59596    0.72673    0.91517    0.30629    0.20525    0.42538    0.84075    0.54363    0.08839
    0.34732    0.64007    0.69441    0.49880    0.26284    0.79510    0.22575    0.67705    0.21886    0.11680    0.28524    0.38103    0.89002    0.34961    0.39751    0.75478    0.00470
    0.38095    0.49644    0.64146    0.63715    0.41167    0.06029    0.31353    0.49414    0.67998    0.31591    0.74947    0.12465    0.40086    0.49401    0.87884    0.65405    0.83242
    0.76910    0.04199    0.73876    0.90449    0.91415    0.49752    0.84098    0.29199    0.65216    0.87310    0.97240    0.11778    0.93873    0.27233    0.39586    0.00238    0.43526
    0.18266    0.52118    0.74322    0.69888    0.24904    0.59465    0.13521    0.08567    0.85982    0.85456    0.41262    0.17658    0.86371    0.58898    0.11179    0.41088    0.32565
    0.70617    0.56013    0.84556    0.71065    0.65046    0.95075    0.81157    0.44484    0.08721    0.15008    0.01992    0.19540    0.74168    0.23486    0.15989    0.40329    0.28697
    0.01495    0.10679    0.97307    0.68238    0.98121    0.18204    0.13717    0.37548    0.19470    0.72299    0.34751    0.94559    0.35378    0.51549    0.99233    0.40046    0.45391
    0.13284    0.00051    0.84258    0.39555    0.10449    0.58091    0.72860    0.69943    0.06901    0.95552    0.30600    0.35262    0.23603    0.87871    0.19737    0.54687    0.00707
    0.79318    0.64562    0.06635    0.94061    0.71441    0.97762    0.02476    0.09295    0.64391    0.03774    0.49192    0.87237    0.50400    0.32634    0.39284    0.38073    0.38040
    0.68076    0.57321    0.79410    0.50807    0.67677    0.05501    0.02001    0.94776    0.59933    0.28697    0.35832    0.60396    0.50351    0.13784    0.58509    0.84449    0.92274
    0.03547    0.24201    0.12205    0.32087    0.35191    0.29861    0.62808    0.17468    0.92942    0.12376    0.92186    0.99868    0.18777    0.67748    0.91123    0.95365    0.47548
    0.23199    0.22687    0.72626    0.20630    0.00931    0.02635    0.46982    0.60665    0.45727    0.27972    0.33258    0.02983    0.89550    0.17519    0.07206    0.09411    0.28765
    0.44603    0.31531    0.24319    0.78089    0.46832    0.95143    0.72138    0.53654    0.34607    0.07333    0.32449    0.18741    0.48593    0.54748    0.26213    0.59402    0.53728
bh2
    0.43403    0.08432    0.87107    0.13765    0.37519    0.89725    0.97981    0.72202    0.69658    0.32902    0.44548    0.00692    0.67764    0.77892    0.75908    0.48090    0.10355
ws
    2.00263    1.59551    1.03864    0.72970    0.81554    0.64111    0.44625   -0.50972   -0.25233   -1.35967   -0.96629   -0.94371   -1.00232   -1.58405   -1.24625   -1.42554   -2.21336   -2.33327   -2.80179   -2.98399   -3.36787   -3.12569   -2.89702   -2.15681   -1.18967    0.12845    0.61315    0.92037    1.23794    1.72992    1.54841    1.90357    1.75331    1.57642    1.72989    2.03182    2.35580    2.03869    1.97637    2.77510
    0.78234    0.43802    0.52323   -0.97416   -0.60340   -1.03696   -1.39863   -1.40215   -1.72905   -1.68620   -1.39890   -1.16283   -1.18383   -1.45413   -1.00549   -0.51784   -0.79771   -0.96499   -0.78643   -0.84484   -0.92276   -0.22105   -0.66559   -0.29443    0.71075    0.98240    1.40830    1.60854    1.24186    1.92213    1.92605    1.78520    1.80667    1.38979    1.69297    2.01821    2.22778    2.16825    2.23006    2.51310
   -0.25997   -0.53423   -0.97654   -0.68438   -0.97644   -1.26975   -2.14504   -1.80236   -1.92085   -1.01631   -0.99198   -0.61513   -0.25537   -0.27182   -0.21650   -0.19399    0.22143    0.36735    0.94184    1.68571    1.82941    1.40326    1.91090    2.03183    1.50645    0.83734    0.87076    0.02088    0.17602   -0.07830    0.47563   -0.59601   -0.43834   -0.23623   -0.13116   -0.36461   -0.37840   -0.50713   -0.94894   -0.60698
   -0.66440   -0.36877   -0.50126    0.08937   -0.20095    0.55754    0.57105    0.62869    0.69255    0.61573    0.67544    0.35220    0.43134    0.48392    0.20081   -0.16011    0.35364   -0.12782   -0.05379   -0.00251   -0.07960    0.04100   -0.19388   -0.02206   -0.29150   -0.24302   -0.33555   -0.22450   -0.62963   -0.36653   -0.66032   -0.69423   -0.56414   -0.36919   -0.42736   -0.54680   -0.78921   -0.39996   -0.62834   -0.56208
   -0.57548   -0.28941    0.56765    1.00907    1.36620    1.45651    1.86425    1.68143    2.03961    1.48251    1.18788    1.84917    1.35920    1.37981    1.07480    1.67079    1.22828    1.73774    1.75420    1.81858    1.11985    0.89506    0.73334   -0.27617   -0.33094   -0.48550   -0.91987   -1.12954   -1.58190   -0.91650   -1.38767   -1.13981   -1.21609   -1.25872   -1.52711   -1.23136   -1.81898   -1.34055   -1.63807   -1.47473
    0.37900    0.13666    0.09097   -0.37756   -0.37334   -0.24048   -0.57181   -0.54037   -1.00282   -0.87440   -0.96273   -0.71635   -0.72027   -0.73468   -0.42392   -0.84264   -0.43385   -0.54294   -0.87934   -1.35333   -1.14192   -0.75627   -0.93154   -0.77227   -0.76811    0.00346    0.42221    0.51014    0.11416    0.58245    0.47685    0.27622    0.74099    0.90323    1.14425    0.85529    1.16052    1.11523    0.84870    0.81419
    0.05502    0.40954   -0.36504   -0.12697   -0.38145   -0.13765   -0.84048   -0.85602   -0.78418   -0.58512   -0.90588   -1.18201   -1.31077   -0.96885   -1.21477   -0.95839   -1.10026   -1.16922   -0.37191   -0.76289   -0.56468    0.05396    0.24105    0.45890    0.51362    0.29772    0.51444    0.84867    1.08877    0.53130    0.43550    0.87349    0.20927    0.38789    0.18093    0.19277   -0.17049    0.74621    0.66255    0.46707
   -0.00672   -0.19386    0.14015   -1.32890   -1.13002   -1.56462   -1.22215   -1.24513   -1.48258   -1.07355   -1.28230   -0.60820   -0.43044   -0.75406   -0.65303   -0.76770   -0.12676   -0.29819   -0.37575    0.11806    0.92306    0.42214    0.95265    1.18585    0.98031    1.21868    0.49254    0.68968    0.59182    0.93275    0.65385    0.25793    0.13304    0.31881   -0.17692   -0.35844    0.33996   -0.24209    0.49159   -0.09242
    0.69372    0.16585    0.21108    0.92026    1.20284    1.09940    0.24669    0.36501    1.08137    0.74529    0.15857    0.65817    0.40212    0.51384    0.32718   -0.31478   -0.74227   -0.07663   -0.98347   -0.72088   -0.90011   -1.70493   -1.42768   -1.41253   -1.33349   -1.18776   -0.68948   -0.70529   -0.01493   -0.26338    0.08110    0.34365    0.50233    0.47827    0.39728    0.81828    0.58859    0.36075    0.69697    0.85596
   -0.37250   -0.45673    0.15773   -0.19787    0.00347    0.38309    0.71360    0.85756    0.88877    1.00406    1.44994    1.41214    1.07662    0.59846    1.22204    1.57701    0.99357    1.63869    1.31278    1.39568    1.76965    1.46270    0.85518    1.33879    0.40927    0.54321    0.10267   -0.45259   -0.62707   -0.53892   -1.33977   -0.56060   -0.95048   -1.35980   -0.88248   -1.09921   -1.84075   -1.40260   -1.77279   -1.46383
   -0.91824   -0.52143    0.06110    0.53571    0.15292    0.45302    0.10632    1.06909    0.85804    1.13757    1.20393    0.79395    1.09464    0.46523    0.56073    0.85069    0.80689    0.65147    0.89522    1.22691    1.02091    0.77311    0.71635    1.10707    0.63023   -0.49057   -0.76814   -0.45876   -0.73071   -0.63222   -0.42476   -0.82033   -0.69303   -0.60545   -0.84658   -1.09773   -0.56485   -1.52317   -0.93243   -1.48001
   -0.08783    0.23564    0.56628    0.49440    1.08054    0.55907    1.41933    1.24758    1.46510    1.81134    1.72369    1.51972    0.92738    0.43696    1.07901    1.11034    0.46302    0.48703    0.51449   -0.00087    0.49392   -0.27724   -0.02093    0.07982   -0.63367   -0.13305   -0.72181   -0.57123   -0.06708   -0.68328   -0.13155   -0.85950   -0.29688   -0.33401    0.16221    0.05791    0.19061   -0.25591   -0.17109    0.01392
   -1.12193   -0.86106   -0.81552   -0.77845   -0.60865   -0.92358   -0.55622   -1.06094    0.05006   -0.20086    0.03542   -0.09877    0.59032    1.25799    1.29051    0.64458    1.38408    1.78028    1.19328    1.44203    0.99700    0.76222    0.85324   -0.72581   -0.58577   -1.05408   -1.24091   -0.94011   -0.63079   -0.66519   -0.73567    0.01094    0.32388    0.33783   -0.07405    0.55696    0.13578    0.41150    0.08152   -0.10634
   -0.19288    0.36204    0.14940   -0.52374   -0.39434   -0.47685   -0.28049   -0.41156   -0.55770   -0.87805   -0.22001   -0.59933   -0.60354   -0.19465   -0.60320   -0.64865   -0.14316   -0.55335   -0.26505   -0.67680   -0.78557    0.20007   -0.00222    0.07987    0.41303    0.41305    0.76312    0.34398    0.37352   -0.10624    0.13939   -0.09954    0.03050    0.35855    0.27175   -0.07306    0.19322   -0.15242    0.20614   -0.01332
    0.13622   -0.11138    0.56057    1.19576    1.14331    1.23229    1.82623    1.93229    1.87248    1.83510    1.60010    0.74382    1.08084    1.24090    1.03573    0.62693    1.13232    0.20121    0.29013    0.04576    0.03285    0.21535   -0.68011   -0.76737   -0.94619   -1.12771   -1.34435   -0.61516   -1.01042   -1.19992   -0.60906   -0.72731   -0.92780   -0.96706   -0.48125   -0.52111   -0.27626   -0.86544   -0.61121   -0.76096
    0.22105    0.22614   -0.74871   -0.52080   -1.23660   -1.34046   -0.82934   -0.68500   -1.33230   -1.21548   -0.98935   -1.07443   -1.22182   -0.60944   -0.69979    0.04220   -0.66162   -0.46375    0.61229    0.77098    1.02092    1.67324    1.79966    1.78099    2.24398    1.56846    1.52707    0.71800    0.91950    0.05459   -0.06749    0.07507   -0.03710   -0.93738   -1.02405   -1.12385   -1.06910   -0.53836   -0.68367   -0.72517
    0.19657    0.12908    0.21724    0.88112    0.75437    1.04225    1.49931    1.68850    0.83554    1.11589    0.60829    0.44184    0.33066    0.40671   -0.26833    0.09144   -0.03208   -0.12849   -0.75819   -1.06429   -1.08784   -1.40951   -1.03419   -1.02161   -0.71442   -0.62492   -0.30638    0.07274    0.09641    0.27906    0.15135    0.52434    0.01157    0.56272    0.44248    0.30646    0.21341    0.69026    0.77497    0.30615
bs
   -0.60825   -0.63984   -0.59589   -0.87091   -0.59330   -0.60093   -0.35832   -0.19854   -0.36198   -0.20095   -0.08721   -0.16549   -0.31994   -0.44864   -0.36588   -0.23577   -0.42659   -0.41128   -0.86202   -1.10231   -1.13296   -1.26450   -1.30518   -1.20732   -0.98846   -0.83324   -0.62702   -0.52221   -0.49031   -0.38621   -0.34855   -0.41120   -0.22463   -0.19101   -0.04168   -0.01167   -0.06271   -0.07514   -0.00745   -0.05445
Alpha:        0.0847
Eta:        0.9987
Activation Function: TANGENT
MeanSquaredError:   3.369050E-03
MeanSquaredError - validation:   2.769704E-01
Epoch :      1000
NFE:          4
