  2.407081E-01
  2
  8
 21
wh1
    0.87987    0.46561    0.83314    0.58666    0.06858    0.29663    0.44297    0.71417
    0.09140    0.23941    0.88785    0.14875    0.45542    0.70077    0.36645    0.54062
    0.73612    0.43462    0.00068    0.81816    0.69832    0.49143    0.85681    0.90811
    0.65270    0.59766    0.59693    0.43988    0.95575    0.02561    0.14714    0.46646
    0.79286    0.10675    0.60374    0.07652    0.76032    0.19671    0.73654    0.39079
    0.02533    0.77485    0.14367    0.23157    0.71336    0.36698    0.75415    0.88095
    0.60045    0.04207    0.09041    0.75570    0.17165    0.04030    0.86679    0.47943
bh1
    0.11840    0.13244    0.22125    0.10904    0.57825    0.76510    0.23099    0.78502
wh2
    0.83367    0.90126    0.79049    0.49519    0.40254    0.01591    0.25034    0.49597    0.78149    0.93647    0.38566    0.77593    0.50124    0.19117    0.03855    0.44526    0.24919    0.03293    0.53941    0.24797    0.41005
    0.00017    0.47670    0.14645    0.49709    0.16174    0.13098    0.30157    0.53544    0.43226    0.52782    0.67261    0.84994    0.03483    0.15900    0.15315    0.40453    0.11242    0.65395    0.03217    0.57558    0.02607
    0.64829    0.48641    0.26475    0.40463    0.20442    0.59337    0.34364    0.39382    0.14332    0.63362    0.34279    0.10293    0.65417    0.86870    0.63905    0.73125    0.02529    0.17477    0.88984    0.43280    0.69644
    0.36666    0.47196    0.98365    0.53188    0.32773    0.26303    0.71716    0.97157    0.51225    0.48104    0.15160    0.68710    0.51125    0.24827    0.06278    0.54175    0.76084    0.55479    0.64251    0.22231    0.79174
    0.85463    0.08671    0.05465    0.10266    0.74155    0.26891    0.34484    0.67092    0.02255    0.04283    0.54513    0.78827    0.96253    0.14533    0.21191    0.89613    0.25260    0.10819    0.43400    0.39049    0.75390
    0.74727    0.61719    0.15041    0.15541    0.13859    0.52113    0.72336    0.88350    0.46910    0.75663    0.97170    0.65649    0.93945    0.97999    0.88511    0.91825    0.37467    0.28432    0.58547    0.59811    0.50556
    0.32745    0.29194    0.25745    0.55444    0.75355    0.41253    0.43827    0.42455    0.15234    0.73128    0.76454    0.49709    0.79176    0.14170    0.83264    0.15747    0.72564    0.06473    0.17147    0.42579    0.57345
    0.49375    0.15157    0.40989    0.56449    0.76654    0.84917    0.81874    0.49096    0.59046    0.27836    0.05058    0.94401    0.24354    0.63121    0.24229    0.08564    0.61971    0.32344    0.80392    0.19972    0.38787
bh2
    0.50140    0.20400    0.62620    0.38793    0.32165    0.52370    0.88109    0.17721    0.62040    0.01541    0.11538    0.81584    0.30094    0.93827    0.08888    0.45013    0.96794    0.63265    0.16407    0.96579    0.94428
ws
   -0.17692    0.37607   -0.01592   -0.20734    0.70163    0.27510    0.26437    0.29608   -0.22845   -0.12901   -0.02958   -0.16221   -0.15588    0.24278   -0.08552    0.06487   -0.09992    0.21596    0.08859    0.31056   -0.10010    0.48018    0.50539    0.01399    0.65846    0.62307    0.58573    0.59683    0.17385    0.49791    0.16169   -0.21159    0.54708    0.64726   -0.04311   -0.09892    0.13350    0.32621    0.47743   -0.01168
    0.09225    0.03835   -0.08102    0.34333   -0.13035    0.09758    0.27013   -0.47706   -0.44238    0.12970    0.50689    0.26247   -0.17952   -0.05011   -0.46009   -0.06814    0.18083   -0.15004    0.17678   -0.07148   -0.18165    0.37433   -0.09685    0.41901   -0.11998   -0.11668    0.02216   -0.13632   -0.21294    0.57567    0.43376    0.19959   -0.27707    0.37692    0.30765   -0.06359    0.29448    0.35907    0.17389    0.50207
   -0.63676   -0.76450   -0.63368   -0.51461   -0.98331   -0.70340   -1.06813   -0.90525   -0.55070   -0.18927   -0.94112   -1.07844   -0.36988   -0.62794   -0.33450   -0.93117    0.02197   -0.72476   -0.02927    0.10803   -0.24861   -0.15030   -0.63562   -0.11502   -0.27168   -0.71781   -0.20427   -0.59507   -0.52706   -0.64732   -0.17231   -0.31614   -0.71043   -0.42104   -0.06203   -0.59126   -0.20333   -0.33477   -0.92804   -0.36372
    0.18397   -0.04461   -0.12083   -0.49338   -0.12688    0.25014   -0.54264   -0.47729   -0.43920   -0.25409   -0.00512    0.06408   -0.78064    0.00409   -0.26126    0.17601    0.22009   -0.30668    0.09152   -0.20884   -0.21080   -0.38818    0.14700    0.21658   -0.20024    0.05689   -0.04705   -0.24091    0.12091   -0.39409    0.15087    0.05795   -0.16731   -0.30241   -0.08427   -0.22192    0.17206   -0.68299   -0.34011    0.12889
   -0.28254   -0.31422    0.35890   -0.45691   -0.14279   -0.20392   -0.26918    0.25583   -0.33042    0.01706   -0.49016   -0.31339   -0.37994   -0.37411   -0.42439   -0.22993    0.05691   -0.34326   -0.06042    0.23627   -0.13750    0.04459    0.56714   -0.55761    0.21368   -0.34161    0.19986    0.20357   -0.12156   -0.23273    0.36559    0.42097    0.16453   -0.08773   -0.19616    0.05892    0.10185   -0.23127    0.01693   -0.48308
    0.20824   -0.25615    0.20101    0.27122    0.14314    0.03568   -0.52913   -0.65563   -0.08427    0.05070   -0.30220   -0.31463   -0.17669   -0.47963    0.03276   -0.27644    0.07206   -0.43785    0.10025   -0.06657    0.21393    0.49111   -0.35295   -0.06482    0.32253   -0.39842   -0.34148    0.15000   -0.39631    0.21840    0.16884   -0.31995   -0.45976   -0.08521    0.48266   -0.17956   -0.56938    0.01960    0.15777   -0.31190
   -0.29974   -0.25076    0.20535    0.34153   -0.48392   -0.25783    0.20804    0.32408   -0.27203   -0.34227   -0.45646    0.27448    0.31864    0.18247   -0.59667    0.09721    0.22953   -0.19270    0.30435    0.11680    0.49970   -0.37552    0.24997   -0.21797    0.45202    0.15396    0.00178   -0.08772   -0.32044    0.14504    0.36568   -0.08114   -0.17105   -0.31128   -0.25084   -0.23725    0.43241    0.16134    0.34666    0.14263
    0.37064    0.11441    0.18387    0.77196    0.76006    0.29271    0.77307    0.83387    0.19803    0.48479    0.32439    0.07569    0.50848    0.59698    0.40727    0.16373    0.42564    0.24395    0.35825   -0.04367    0.44899    0.65846    0.75686    0.08998   -0.04103    0.45893    0.45937    0.17588    0.45605    0.75101   -0.05633    0.47933    0.64118    0.54690    0.27401   -0.06647    0.59215   -0.13465    0.12898    0.13745
    0.21603   -0.33991   -0.30652   -0.20630    0.02724   -0.70023   -0.02399   -0.38821   -0.33373   -0.58180   -0.39699   -0.13831   -0.09894   -0.40753   -0.65526    0.15563   -0.11527    0.29599   -0.32438    0.30332   -0.32672    0.33194    0.14489   -0.15160    0.18950   -0.31561   -0.02585   -0.28514   -0.26815   -0.71462   -0.19584   -0.44593   -0.04091    0.03291   -0.28403   -0.32053   -0.23714   -0.34781    0.17671   -0.27455
    0.31611    0.36761    0.41749   -0.22211    0.51057   -0.18861    0.31321    0.73980   -0.19993    0.30562    0.61854    0.33222    0.36754    0.12225   -0.19808    0.58362    0.00205    0.15816    0.14627    0.77320    0.76490    0.78416    0.40296   -0.17743    0.41236    0.15943    0.22953    0.63322    0.72970    0.32257   -0.10741    0.70055   -0.11485    0.25647    0.55454    0.82044    0.17015   -0.08705   -0.02043    0.33042
    0.43410    0.62354    0.07173    0.01473    0.49526    0.49310   -0.01258    0.48802    0.45291   -0.04067    0.46603    0.68175    0.25724   -0.29032    0.30211    0.35839    0.78858   -0.04812    0.31551   -0.05659    0.34400    0.73043    0.33653    0.40917    0.02724    0.52430   -0.05327   -0.03626    0.01376    0.02098    0.77333    0.28121    0.56458    0.72444    0.58488    0.31150    0.21612    0.06583    0.24913   -0.05098
    0.71312   -0.14063    0.15796    0.10544    0.23689    0.59114    0.17700    0.48276   -0.05820    0.78520   -0.01735   -0.25538    0.13348    0.45301    0.23903    0.24984    0.68268    0.12920   -0.08298    0.60216    0.66846    0.02187    0.60487    0.67376    0.14089    0.72587   -0.02100    0.43438    0.77890    0.18377    0.29472    0.38690    0.12907    0.63052    0.51491    0.18037    0.04633    0.49110    0.28608    0.27486
    0.13727    0.73884    0.16181    0.41716    0.27443    0.10654    0.05754    0.61433    0.27907   -0.08897    0.40076    0.66660    0.12980   -0.01093    0.68852    0.58575   -0.09341    0.29858    0.42022   -0.14172   -0.10992    0.49000   -0.06830   -0.12008    0.27673    0.51373    0.71490    0.45201    0.18913    0.30355    0.19501   -0.04946    0.55694    0.12900    0.16411    0.46978    0.64138    0.45709    0.11772    0.58092
    0.50804   -0.26506    0.33925    0.18776   -0.54433   -0.37484   -0.63488   -0.50365   -0.16115   -0.19997    0.14347   -0.22202   -0.35487   -0.30655    0.17111    0.24877    0.34026   -0.10143    0.34919   -0.20827   -0.18989    0.22135    0.24705    0.18893    0.03519    0.54253    0.27380    0.08707   -0.21814    0.16304    0.30729    0.26362    0.33822    0.12193    0.03352   -0.36691    0.29510   -0.19227    0.17689    0.00242
    0.50497   -0.03688   -0.28823   -0.01207   -0.21270    0.16785    0.57826    0.14108    0.01623   -0.12727    0.15914    0.32711   -0.07049   -0.41827   -0.10457    0.50507    0.16626    0.15155    0.20055    0.60402    0.69765    0.09273   -0.05452   -0.05121   -0.10517    0.28014    0.27042   -0.11164   -0.25669    0.41012    0.28047    0.57036    0.11952   -0.26553    0.03664    0.33585    0.28690    0.55475    0.41404    0.21915
   -0.14956    0.32370    0.71337    0.47996    0.69013    0.62070    0.57269    0.42515    0.38378   -0.19172   -0.19781    0.52868    0.39460    0.59674   -0.12074    0.22251   -0.20418    0.62666    0.59527    0.40986    0.41020    0.58127   -0.18421   -0.01192    0.42439   -0.07660    0.38817   -0.07723   -0.00442    0.36573    0.20853    0.71775    0.79929    0.68881   -0.02310    0.14548    0.69049   -0.22004    0.75889    0.77428
   -0.20656   -0.17852   -0.77208   -1.13004   -0.49512   -0.38671   -0.58947   -1.12488   -1.06924   -0.93133   -1.21731   -0.50412   -1.13085   -0.97000   -0.52317   -0.87262   -1.02344   -0.06117   -0.63546   -0.62596    0.16657   -0.69871   -0.61877   -0.67771   -1.00379   -0.50953   -0.34940   -0.56782   -0.49894   -0.53758   -1.03620   -1.10056   -0.33250   -0.78371   -1.01734   -1.01870   -0.49811   -0.53905   -1.11476   -0.94287
   -0.16954    0.00045   -0.24492   -0.49233   -0.55811   -0.99882   -0.38389   -0.41695   -0.48077   -0.95043   -1.07427   -0.76979   -0.24433   -0.41671   -0.59709   -0.31557   -0.11905    0.03899    0.02450   -0.30872   -0.33918   -0.14567   -0.29320   -0.00353   -0.43586   -0.67627   -0.27948   -0.33437    0.09347   -0.62854   -0.69910   -0.12638   -0.64040   -0.68230   -0.33311   -0.10897   -0.98844   -0.51199   -0.50518   -0.56984
    0.05039   -0.07025   -0.19462    0.32766    0.50810   -0.16050    0.37644   -0.06959   -0.26019    0.25327   -0.15202    0.27393    0.30554    0.53563    0.30924    0.14452    0.12091   -0.02192    0.64492    0.50377    0.13425    0.41618    0.10922    0.63892    0.40057    0.75189   -0.01932    0.25375    0.45841    0.34015   -0.21322    0.14922    0.10230    0.69060    0.33708   -0.07956    0.67374    0.59058    0.70389    0.44355
   -0.49561   -0.01545   -0.19862   -0.11576   -0.55641   -0.45587   -0.43638   -0.57875   -0.64144   -0.92847   -0.10388   -1.14375   -0.80682   -0.56561   -0.49303    0.03222   -0.74420   -0.36414   -0.26241   -0.01295   -0.52943   -0.55165   -0.26587   -0.65040   -0.13441   -0.07330   -0.96131   -0.21205   -0.63631   -0.08513   -0.57883   -0.56544   -0.52534   -0.46154   -0.73668   -0.16577   -0.64143   -0.12959   -0.03845    0.04223
   -0.29686    0.24964   -0.41957   -0.55909   -0.43327    0.03950   -0.62649    0.06472    0.14213   -0.45919   -0.07868   -0.70350   -0.57564   -0.26765   -0.03212    0.10610   -0.51300    0.03103    0.15893    0.48401   -0.26972   -0.45516    0.05596   -0.04054   -0.33941    0.35281   -0.44363   -0.17485    0.29022    0.32972   -0.06273   -0.06681    0.22262   -0.09577   -0.35407    0.47155   -0.51233   -0.05218   -0.07926    0.51120
bs
   -1.34560   -1.27972   -1.25598   -1.36442   -1.41443   -1.48397   -1.52155   -1.65935   -1.71964   -1.83899   -1.93323   -1.93983   -1.90646   -1.93223   -1.92107   -1.80564   -1.79711   -1.81996   -1.69967   -1.68772   -1.75758   -1.67153   -1.70014   -1.56028   -1.48501   -1.45538   -1.33058   -1.31356   -1.24818   -1.26701   -1.23064   -1.13933   -1.18720   -1.17196   -1.11568   -1.08584   -1.12386   -1.04468   -1.04622   -0.97523
Alpha:        0.2165
Eta:        0.0975
Activation Function: GAUSS
MeanSquaredError:   9.251784E-03
MeanSquaredError - validation:   2.638537E-01
Epoch :      1000
NFE:          3
