  2.548967E-01
  1
  9
wh1
    1.31032    0.97735    1.14995    0.46658    0.98134    4.66973    1.20145    0.95958    4.31979
    0.36063   -0.45493    0.61885   -1.40686    1.15221    3.68505    0.90797    0.24853    2.54028
    0.64670   -0.49648    0.78788   -1.20214    0.63176    2.68180    0.24603    0.64909    1.56853
    0.75644   -0.99891    0.23875   -0.32936    0.61455    1.25656    0.29934    0.78438    0.37989
    0.96600   -0.05860    0.10236    1.47358    0.01104    0.23110   -0.05438    1.54154   -0.06947
    0.85925    1.55661    0.90473    3.54838    0.33399    0.00022    0.88912    1.47360    0.10496
    0.74140    3.03346    1.23305    4.79664    0.02915   -0.83580    0.86554    0.97175    0.87881
bh1
    2.33771    0.93632    2.27574    1.63807    1.93880    1.11513    2.33189    2.00662    1.24823
ws
    0.20483    0.20307    0.65404    0.04148    0.42027    0.04538   -0.04811    0.63156    0.31530    0.11727    0.39858    0.20622    0.14470    0.75691    0.80231    0.62728    0.12848    0.23222    0.35792    0.10478    0.83825    0.38385    0.17960    0.23198    0.65240    0.42993    0.53473    0.50318    0.13349    0.63644    0.69792    0.27508    0.06936    0.69960   -0.03005   -0.00388    0.77280    0.10675    0.71539    0.46428
    0.32053    0.17769    0.86624   -0.01289    0.33436    0.66001    0.11053    0.23052   -0.00347   -0.21803   -0.10737    0.06511   -0.49868    0.01143   -0.31390   -0.21878   -0.12143   -0.25099   -0.50736   -0.90185   -0.85909   -0.63293   -0.76889   -0.44477   -0.08122   -0.01417    0.10849    0.28093    0.38186    0.11936    0.57954    0.56869    0.68073    0.45060    0.30778    1.08415    0.63152    1.08746    1.06122    0.71907
    0.57120    0.09195   -0.04993    0.73184    0.40877    0.20521    0.58189    0.14082    0.65000    0.82131    0.43254    0.63438    0.52659    0.17232   -0.12440    0.33212    0.71977    0.59171   -0.05602    0.32665    0.13094    0.30540   -0.16490    0.86839    0.50203    0.30729    0.63339   -0.05194    0.14519    0.10628    0.42198    0.15328    0.81454    0.25770    0.75296    0.07351    0.15864    0.47850    0.50224    0.67648
    0.84991    0.65221    0.22143    0.36088    0.05974    0.21086    0.12332   -0.23491   -0.19048   -0.37429   -0.06974   -0.18218    0.01869   -0.38501   -0.26077   -0.82376   -0.99726   -1.10853   -1.24860   -1.26869   -0.91695   -0.90767   -0.23657    0.11343    0.35784    1.01229    0.92732    1.38696    1.47314    1.33751    1.34829    1.32602    1.13260    1.27681    1.46864    1.16306    1.48755    1.41809    1.39005    1.56567
    0.37760    0.51263   -0.05857    0.32419    0.00397    0.65198   -0.00678    0.45218    0.73115    0.11192    0.40492    0.05561    0.57151    0.08344    0.08853    0.25968    0.76287    0.37457    0.42685    0.71753    0.18806    0.48707    0.82229    0.52853    0.10672    0.03841    0.23579   -0.09059   -0.15335   -0.07345    0.28965    0.48782    0.53415   -0.17963   -0.23211    0.29435    0.20858    0.08888    0.17273    0.11178
   -0.54306   -0.31736    0.47321    0.71185    0.59561    1.18109    1.17880    1.13034    1.23841    1.35885    1.65101    1.74474    1.83275    1.55704    1.75672    1.32351    1.34448    1.40498    1.59247    1.40766    1.20938    1.08556    1.21726    0.65071    0.15639   -0.03484   -0.40422    0.01531   -0.12379   -0.47101   -0.24198   -0.11684   -0.13835   -0.10810   -0.38884   -0.34463   -0.33074   -0.26994   -0.15177   -0.57572
    0.29675    0.38434    0.66665    0.55956    0.33857    0.61569    0.56977    0.76435    0.49426    0.65518    0.36598    0.66302   -0.01068    0.27328   -0.06528    0.68084    0.32996   -0.01576    0.46384    0.39696    0.03054    0.62961    0.42323   -0.07073    0.09059    0.36052    0.72142    0.00694   -0.15836    0.58238    0.22364    0.42120   -0.09680    0.83851    0.09378    0.21696    0.77411    0.70230    0.85209    0.33709
    0.57191    0.64517    0.17076   -0.03380    0.72411   -0.08624    0.13372    0.25540   -0.07953    0.67534   -0.14793   -0.08074    0.71391    0.25380    0.41329    0.48173    0.15170   -0.03741   -0.09163    0.42841   -0.13382    0.44064    0.36708    0.44898    0.95066    0.35806    1.17483    0.97313    0.74993    0.98880    0.05700    0.19562    0.82259    0.50051    0.22210    0.57992    0.22292    0.19512   -0.01771    0.16254
    0.03956    0.33514    0.08465    0.91053    0.97598    0.55551    1.07411    1.30749    1.58909    1.45994    1.47357    1.19407    0.81924    1.31142    1.05648    0.94564    1.02340    1.06000    0.70439    0.60353    0.73615    0.30265   -0.08105    0.06986   -0.00211    0.03281   -0.14661   -0.37535   -0.10167    0.00072   -0.16144   -0.20357   -0.31005   -0.19711    0.50899    0.38405    0.09167    0.05367   -0.23340    0.13494
bs
    1.61707    1.51208    1.59467    1.76933    1.89619    2.09853    2.10975    2.35236    2.48896    2.49030    2.72733    2.75691    2.68340    2.72914    2.60356    2.39961    2.37575    2.16178    1.90398    1.75032    1.66382    1.68167    1.67991    1.72012    1.66618    1.62050    1.65249    1.64159    1.61787    1.49896    1.55417    1.47103    1.48749    1.41494    1.37252    1.59056    1.50554    1.55290    1.51967    1.30481
Alpha:        0.0666
Eta:        0.3141
Activation Function: LOGISTIC
MeanSquaredError:   2.976267E-03
MeanSquaredError - validation:   2.800887E-01
Epoch :      1000
NFE:         42
