  2.528805E-01
  2
 11
 15
wh1
    0.39560    0.49807    0.48423    0.44133    0.53439    0.81977    0.83036    0.38409    0.62772    0.21863    0.23617
    0.65871    0.32579    0.51036    0.78536    0.87440    0.68397    0.09422    0.52196    0.69739    0.45597    0.91673
    0.66298    0.26314    0.44501    0.18194    0.77725    0.80406    0.53996    0.14731    0.18005    0.05809    0.69409
    0.15058    0.34681    0.12594    0.85189    0.90337    0.37634    0.66887    0.38031    0.33146    0.31174    0.06116
    0.75466    0.09281    0.85652    0.79334    0.30713    0.40681    0.14824    0.86612    0.93421    0.72438    0.36985
    0.04848    0.72477    0.51712    0.72241    0.45213    0.99037    0.66147    0.77264    0.43425    0.52529    0.14959
    0.57540    0.04023    0.59129    0.41874    0.73094    0.71154    0.65218    0.13401    0.90015    0.16493    0.57076
bh1
    0.93244    0.36281    0.30340    0.70492    0.05481    0.24811    0.71579    0.50356    0.28700    0.95521    0.05837
wh2
    0.96014    0.34019    0.49311    0.61106    0.55174    0.25463    0.66897    0.33267    0.71981    0.29953    0.03674    0.31570    0.90595    0.30557    0.84768
    0.64702    0.95118    0.33785    0.49940    0.08110    0.82014    0.58491    0.21002    0.45583    0.44286    0.34597    0.04145    0.83013    0.31476    0.91478
    0.47985    0.85853    0.10896    0.94442    0.30528    0.57766    0.33461    0.87569    0.54076    0.20408    0.68642    0.10790    0.75432    0.74462    0.95992
    0.63529    0.51569    0.31260    0.51446    0.15566    0.31717    0.25659    0.00584    0.43716    0.29663    0.23298    0.03273    0.75813    0.24904    0.02940
    0.22793    0.16977    0.51190    0.65321    0.95481    0.67244    0.82845    0.50451    0.04073    0.45788    0.51755    0.76091    0.07514    0.36139    0.33619
    0.81302    0.66161    0.91725    0.47502    0.59268    0.56102    0.79303    0.40885    0.63518    0.42483    0.81810    0.96620    0.83736    0.19427    0.97584
    0.62180    0.17135    0.82644    0.95728    0.52249    0.61292    0.69465    0.29815    0.91506    0.10667    0.52439    0.65274    0.45103    0.25930    0.35886
    0.98638    0.93643    0.22094    0.81209    0.73023    0.83841    0.21308    0.80298    0.36895    0.14587    0.97053    0.73494    0.47463    0.71467    0.58666
    0.58255    0.65063    0.32842    0.51213    0.38737    0.45934    0.20532    0.79759    0.30743    0.16009    0.52961    0.30844    0.83156    0.44930    0.21088
    0.50838    0.48417    0.33038    0.86435    0.75034    0.55160    0.21338    0.71139    0.45082    0.31381    0.29819    0.23811    0.61333    0.92968    0.89755
    0.08690    0.19892    0.15568    0.17564    0.62382    0.85833    0.27587    0.29378    0.65171    0.02728    0.59648    0.33749    0.26213    0.57284    0.50367
bh2
    0.91553    0.79752    0.81504    0.46833    0.35984    0.75683    0.92325    0.52817    0.07769    0.28980    0.68143    0.51086    0.91363    0.86270    0.92462
ws
   -0.00490    0.14077    0.34568    0.48124    0.15979    0.07259    0.63246    0.57721    0.17223   -0.03928   -0.04667   -0.02519    0.03465    0.24030   -0.14257    0.02380    0.35310    0.36398    0.04397   -0.12771    0.24580    0.60761    0.49247    0.00484    0.22311    0.50664    0.44681    0.70947    0.42452    0.20973    0.50151    0.78575    0.45039    0.47366    0.76749   -0.01289   -0.16094    0.30657    0.52646    0.66570
   -0.05869   -0.21845   -0.02493   -0.07879   -0.06101   -0.23243    0.33180    0.19971   -0.51975   -0.33312   -0.51473   -0.52829    0.04386   -0.60354   -0.41536   -0.13025    0.14123   -0.35123    0.16900   -0.13407   -0.11320   -0.27044    0.23023   -0.47068    0.04898   -0.31002   -0.51728   -0.00862   -0.52451    0.04722    0.42251   -0.23272    0.27732   -0.13799   -0.13845   -0.44126    0.43971   -0.20833   -0.35231   -0.04779
   -0.98040   -0.60736   -1.07730   -1.21373   -1.28632   -1.02478   -1.17075   -1.17044   -1.87488   -1.74191   -1.65546   -1.51256   -1.66838   -1.22149   -1.57453   -1.32026   -0.97127   -0.54413    0.04629   -0.02386   -0.06400   -0.79644   -0.58707   -1.43444   -1.02256   -0.91579   -0.78334   -1.37224   -1.51643   -1.07603   -0.84804   -1.23424   -0.93918   -1.40897   -0.68662   -0.59477   -0.55164   -0.70644   -0.87812   -0.80187
    0.82267    0.75015    0.28502    0.87404   -0.03433   -0.05794   -0.01157   -0.03041    0.35412    0.47076    0.78954    0.22605    0.47453    0.75667   -0.09291   -0.03215    0.85448    0.31463    0.41250    0.21211    0.38756    0.29012    0.48281    0.58822    0.12945   -0.10597    0.56442    0.70835    0.71100    0.78819    0.54082   -0.02888    0.81962   -0.03172    0.78219    0.53209    0.27414    0.00557    0.53308    0.89472
   -0.21370    0.19085    0.32401    0.21510    0.25087    0.04413   -0.26338   -0.18970    0.47783   -0.43446    0.25028    0.01164   -0.32435   -0.45476   -0.07026    0.41786    0.35069    0.64800    0.61534    0.29862    0.29092    0.33074    0.38165   -0.16604   -0.06009   -0.06258    0.27454   -0.07433    0.17176    0.02693    0.43871    0.09679    0.10051    0.29654    0.27959    0.27430    0.41562    0.60927   -0.17075   -0.05877
    0.13543    0.51198   -0.31301   -0.14816   -0.14881   -0.01512   -0.20201    0.22238    0.58054   -0.32762    0.17802    0.18832   -0.19472    0.24609    0.23410    0.44215   -0.04565    0.43888    0.77711    0.37770    0.59419    0.54858    0.20101    0.63090    0.29423    0.04143    0.52343    0.43457   -0.35678    0.05849    0.63967    0.27676    0.39510    0.00057    0.06582    0.39730    0.07861    0.15677   -0.13760   -0.02606
   -0.10456   -0.36748   -0.80748   -0.65762   -0.56743   -0.85257   -0.97720   -1.35728   -1.52677   -1.47828   -0.82323   -1.31736   -0.93476   -1.24048   -1.55866   -0.73145   -0.62051   -1.00193   -0.61141   -0.58554   -0.10481   -0.01445   -0.95942   -0.91232   -0.45281   -0.36999   -0.97045   -0.85074   -0.68671   -1.01044   -0.33834   -0.54646   -0.22652   -0.22787   -0.38479   -1.00427   -0.94741   -0.83470   -0.45839   -0.70391
   -0.50402   -0.16339    0.00852   -0.46615   -0.65642    0.20873   -0.31174   -0.45275    0.07887    0.00042   -0.54400   -0.55664   -0.68639   -0.82056   -0.30879    0.28339    0.08353    0.52494    0.17732   -0.10292   -0.10285   -0.15805   -0.16313   -0.18232   -0.42279   -0.27184   -0.28056    0.05827    0.01715   -0.16147   -0.34719   -0.33525   -0.36909   -0.37849    0.27156   -0.64147   -0.39491   -0.47888   -0.47787    0.21569
   -0.16334    0.27779    0.04323    0.50351   -0.20557   -0.03982    0.06588   -0.07073    0.62864   -0.12210    0.19878    0.54213   -0.18155   -0.04039   -0.17199    0.56003   -0.12537   -0.17970    0.33841    0.46073   -0.02875    0.18679    0.53557    0.56463    0.53240    0.47951    0.14430   -0.18295    0.67639    0.39747    0.32357    0.08790    0.23014    0.21090    0.56838    0.38539    0.43776    0.67199    0.13920    0.29620
   -1.81459   -2.20528   -2.08380   -2.72715   -2.73901   -2.92000   -2.86237   -2.71069   -2.86562   -3.03304   -3.76181   -3.23624   -3.13181   -3.01495   -2.84424   -2.12223   -1.66964   -1.35987   -0.86468   -0.68566   -1.17763   -1.51181   -1.25578   -1.72193   -2.03128   -2.59922   -2.28729   -2.41955   -2.24614   -2.09149   -2.40700   -1.76102   -1.94627   -1.98792   -2.36061   -2.23387   -2.27764   -2.22953   -1.97653   -1.69933
   -0.59915   -0.38082   -0.02081   -0.43308   -0.58387   -1.05576   -0.78402   -0.94324   -1.04875   -0.86742   -0.41320   -0.98323   -0.67058   -0.99307   -0.43451   -0.37266   -0.76273   -0.26678   -0.26568    0.01995   -0.33638   -0.28963   -0.20569   -0.78608   -0.74002   -0.11410   -0.99540   -0.37607   -0.32951   -0.28847   -0.31724   -0.04191   -0.91809   -0.26695   -0.32260   -0.63629   -0.80852   -0.53121   -0.20940   -0.29270
   -0.78950   -1.38371   -1.02748   -1.36986   -0.94304   -1.16196   -1.31271   -1.95752   -1.76695   -1.66573   -2.16786   -2.02422   -2.17852   -1.76120   -1.33990   -1.53339   -1.26242   -0.42636   -0.73344   -0.51640   -0.38213   -0.23421   -0.51327   -1.08959   -1.71642   -1.24043   -1.12402   -1.13713   -1.18111   -1.07683   -1.12572   -1.13872   -1.14931   -0.82396   -1.46473   -0.69673   -0.71654   -0.99164   -1.34160   -1.29128
    0.23222   -0.11413    0.79838    0.62634    0.21204    0.29939    0.15205   -0.10830    0.53674   -0.16320   -0.11638   -0.04617    0.32749    0.06766    0.14063    0.80856    0.34603    0.19163    0.26201    0.59255    0.72651    0.13904    0.15861    0.65295    0.61985    0.38883   -0.01215   -0.01178    0.27077    0.32487   -0.18028    0.76652    0.70823    0.31808    0.07200   -0.14130    0.55725    0.78720    0.77119    0.10308
   -0.19972    0.24760   -0.52542   -0.02837   -0.39745    0.17739   -0.01072    0.04935   -0.19365   -0.11656   -0.13591   -0.22941   -0.12894   -0.68982   -0.18508    0.06971    0.39786   -0.15631   -0.04654   -0.30012   -0.28300   -0.12166   -0.61867   -0.23124   -0.27479   -0.70603   -0.18654   -0.20235   -0.28347   -0.43495   -0.57229   -0.56312   -0.28496   -0.67739   -0.00386    0.29416   -0.38385    0.16579    0.29344   -0.42749
   -0.01866    0.73050   -0.12304    0.46247    0.52259    0.64835   -0.01942    0.69869    0.02316   -0.15459    0.54164   -0.11348    0.46638    0.54201    0.34135    0.04470    0.12191    0.14649    0.84837    0.10848   -0.08191    0.21627   -0.06226   -0.10678    0.45219    0.69740    0.49283   -0.08577    0.61242    0.16224    0.04470   -0.07551   -0.15295    0.78361    0.61507   -0.14851    0.18399    0.33595    0.56697    0.77905
bs
   -1.40571   -1.31979   -1.20367   -1.23639   -1.24797   -1.27694   -1.33846   -1.41410   -1.49269   -1.56789   -1.67924   -1.72382   -1.75428   -1.77422   -1.77670   -1.78123   -1.77209   -1.75087   -1.73848   -1.72013   -1.71439   -1.68693   -1.64366   -1.60140   -1.51220   -1.43972   -1.35750   -1.30593   -1.26287   -1.19817   -1.18039   -1.09098   -1.06203   -1.03423   -1.03468   -0.99450   -0.98144   -0.95246   -0.92951   -0.89507
Alpha:        0.0533
Eta:        0.9351
Activation Function: GAUSS
MeanSquaredError:   9.491710E-03
MeanSquaredError - validation:   2.772194E-01
Epoch :      1000
NFE:        116
