  2.478885E-01
  2
 19
 15
wh1
   -0.36221    0.29830    0.45539    1.03359   -0.08731    0.61547    0.26100    1.12290   -0.37805    0.03487    0.97685    0.63910   -0.21013    0.72995    0.39257    1.36775    0.81972    0.74453    0.87796
   -0.00658   -0.17237   -0.22711    0.73152   -0.08090    0.21820    0.21199    0.61369    0.46344   -0.05442    0.71119    0.72324    0.32887    0.99907    0.78136    0.40733    0.91524    1.19233    0.54709
   -0.02977    0.06193    0.03550    0.79754   -0.22256    1.12070   -0.20988    1.16615   -0.02045    0.38761    0.56079    0.50905    0.63189    0.23994    0.47248    0.85548    1.31195    0.62861    0.62694
    0.18134    0.32245    0.02440    0.67927   -0.21741    1.10141    0.09223    1.00974   -0.13728   -0.34914    1.18917    0.45466    0.12366    0.33354    1.04824    1.02242    0.90391    0.46083    0.51836
   -0.17100    0.27314    0.01071    0.80941    0.09379    0.35505    0.32720    0.60251    0.10459   -0.15043    1.24862    1.17947   -0.41622    0.74198    1.15344    1.10721    1.02808    1.27723    1.06608
    0.19265    0.27304    0.15639    1.00344   -0.01589    0.67525   -0.71139    1.63003   -0.17190   -0.09992    0.78726    0.69625   -0.23832    0.45644    0.60886    1.60103    1.32554    1.06863    0.55844
   -0.29992   -0.32775   -0.29586    0.92957    0.06884    1.27322   -0.68663    1.42417   -0.39678   -0.57727    1.20916    1.70584   -0.25348    0.98237    1.04817    1.07668    1.94111    1.05782    0.68105
bh1
    3.75321    3.74113    3.82693   -3.50946    3.82713   -2.29204    4.42180   -3.06361    2.87551    3.87972   -2.33021   -3.17310    3.63856    0.09317   -1.97365   -3.59996   -5.16457   -3.08978   -0.59391
wh2
    0.66994    0.33446    0.56911    0.94436    0.35695    0.61640    0.29008    0.94082    0.10528    0.45346    0.62174    0.74119    0.68343    0.15444    0.04252
    0.01003    0.49661    0.98030    0.75743    0.20245    0.83507    0.79668    0.42385    0.91015    0.43116    0.73540    0.50637    0.07925    0.75083    0.22415
    0.15687    0.29656    0.88912    0.64870    0.98013    0.39669    0.74395    0.63101    0.64232    0.71366    0.66590    0.19848    0.56133    0.03565    0.61761
    0.21571    0.95095    0.07986    0.93587    0.37400    0.36084    0.56287    0.85242    0.77143    0.90145    0.14898    0.74561    0.69280    0.26293    0.41036
    0.86808    0.51046    0.94391    0.92746    0.72673    0.78681    0.10417    0.45640    0.49714    0.71019    0.49035    0.88190    0.43553    0.15773    0.43351
    0.34766    0.56311    0.20534    0.06297    0.29228    0.82127    0.20956    0.84826    0.49792    0.44134    0.57472    0.58109    0.70991    0.08452    0.22629
    0.62116    0.73225    0.38468    0.23557    0.59868    0.68312    0.29398    0.84861    0.90519    0.48688    0.82847    0.82825    0.13511    0.62550    0.41703
    0.38931    0.89080    0.56216    0.98612    0.69820    0.68273    0.00413    0.78081    0.75481    0.60841    0.78931    0.82413    0.20815    0.43574    0.41790
    0.54038    0.47192    0.52752    0.68638    0.61487    0.03328    0.33017    0.33608    0.47117    0.25432    0.07711    0.63687    0.79080    0.50647    0.28672
    0.02561    0.26911    0.24159    0.29508    0.59295    0.66512    0.36680    0.76779    0.28351    0.72786    0.50055    0.24063    0.99353    0.07602    0.97139
    0.06857    0.50374    0.38025    0.92863    0.22260    0.70073    0.37071    0.75039    0.64895    0.82879    0.83385    0.16188    0.88131    0.44606    0.54911
    0.19872    0.40200    0.46635    0.61147    0.55438    0.06407    0.11414    0.50319    0.41486    0.68888    0.02917    0.65786    0.64976    0.10447    0.34436
    0.03933    0.03180    0.20450    0.55502    0.85557    0.88932    0.36396    0.40096    0.21804    0.12089    0.77324    0.91161    0.19519    0.74378    0.88817
    0.42272    0.78614    0.40008    0.55096    0.77136    0.98125    0.43948    0.52401    0.33349    0.38512    0.96087    0.72681    0.03775    0.68094    0.16544
    0.85192    0.78159    0.44642    0.66733    0.91873    0.88572    0.91086    0.43349    0.57514    0.28421    0.93027    0.87289    0.05500    0.72072    0.44617
    0.87423    0.04124    0.67830    0.97998    0.43396    0.16426    0.48872    0.28579    0.65473    0.34394    0.20515    0.23930    0.42985    0.78792    0.58590
    0.03372    0.26028    0.77714    0.61943    0.47270    0.75465    0.71242    0.39815    0.23076    0.88637    0.43665    0.33282    0.01228    0.87640    0.65977
    0.94232    0.42500    0.70376    0.92668    0.98538    0.45504    0.14375    0.22302    0.81535    0.15081    0.71229    0.80973    0.46186    0.29751    0.76866
    0.30318    0.36356    0.23350    0.06105    0.20251    0.48271    0.49514    0.72045    0.05386    0.93763    0.98873    0.39866    0.22028    0.57268    0.22965
bh2
    0.22586    0.22534    0.06587    0.04435    0.10650    0.40896    0.88370    0.62876    0.58508    0.41941    0.29356    0.04242    0.59081    0.31841    0.54963
ws
    0.39820    0.28351   -0.21874    0.08457    0.48402   -0.39441    0.10297    0.14606   -0.26901   -0.26907   -0.21477    0.01861    0.10438   -0.38931   -0.17023    0.15805   -0.42723    0.26687    0.30244   -0.30322   -0.09158    0.19589   -0.05066   -0.32697    0.20412    0.03546    0.13564    0.26539    0.34266   -0.17894   -0.30651    0.22282   -0.11927    0.31758   -0.14621   -0.28594    0.29719    0.33634    0.11150   -0.36516
   -0.24002    0.15725    0.41498   -0.14805    0.23220    0.26528    0.01149   -0.06515    0.24433    0.17208   -0.14446   -0.34886    0.17211   -0.02578   -0.17311    0.34949   -0.20588   -0.24177   -0.30694    0.33520    0.54592   -0.24545    0.28585   -0.07226    0.13898    0.27618   -0.52611    0.03789   -0.31750    0.35351    0.21440    0.09249    0.17426    0.08923   -0.08153    0.00931    0.32537   -0.03115   -0.34264    0.38491
    0.17157    0.40326    0.11848    0.74533    0.04719    0.56119    0.66939    0.96965    0.55018    0.03542    0.19069    0.46058    0.18782    0.75746    0.21330    0.12533    0.03277   -0.26378   -0.09403    0.05605    0.45692   -0.05118    0.27799    0.22725   -0.25322    0.96571    0.34087    0.28489    0.41706    0.11804    0.48531    0.29156    0.67259    0.75994    0.46600    0.71037    0.63429    0.73388    0.63347    0.15874
    0.11030    0.52466    0.66125    0.16492    0.79415    0.19085    0.58616    0.56356    0.36874    0.57185    0.17691    0.47092    0.13680    0.36843    0.41000    0.23280    0.35397    0.37143    0.32748    0.13901   -0.02881    0.62185    0.83863    0.27586    0.56551    0.58185    0.63275    0.25443    0.64225    0.32065    0.79119    0.50985    0.84774    0.80917    1.18960    0.91394    0.42994    0.96170    1.10567    0.44466
    0.55534    0.08484    0.32815    0.24041    0.59954   -0.07143   -0.04441    0.55007    0.52177   -0.14356    0.30041   -0.25323    0.45479    0.01126    0.39313    0.40532    0.43061    0.16714    0.55943   -0.07831   -0.12360    0.36868   -0.44301    0.16507   -0.17290   -0.20500    0.21985    0.28582    0.35837   -0.13942   -0.27299   -0.15349   -0.37398    0.53163    0.06588   -0.21689   -0.20719    0.03644   -0.45480    0.53250
   -0.28246    0.09044   -0.24260   -0.05376   -0.16262   -0.13719    0.35482   -0.07103    0.25867    0.21864    0.23893    0.08073    0.20404   -0.28598    0.52877   -0.04286   -0.18039    0.12857   -0.21012   -0.26112   -0.13047    0.30866    0.01572   -0.13288   -0.30374    0.21347    0.08043    0.02071   -0.43763    0.58555   -0.43856   -0.06085   -0.06466   -0.24284   -0.03022   -0.41744   -0.03842   -0.38926    0.06651    0.36916
   -0.08781    0.36192    0.25201   -0.21230   -0.00798   -0.15026    0.38718   -0.05926   -0.16052    0.10856   -0.05084   -0.13894    0.59508    0.44240    0.02639    0.06997   -0.33738    0.02047   -0.01579    0.30544    0.07467   -0.22864    0.05398    0.24826   -0.00454   -0.18824    0.07039    0.50600    0.30014    0.05020    0.04064   -0.08300    0.26633    0.00169    0.23446    0.75497    0.64112    0.22131    0.24685    0.30763
    0.20110   -0.14998   -0.43494    0.19626    0.03653    0.48228    0.34661    0.14998   -0.01142    0.58535   -0.29368    0.39741   -0.35469   -0.09683   -0.19667    0.06312    0.23831   -0.18745   -0.32331   -0.34146   -0.27727   -0.12748   -0.46465    0.18522   -0.40148   -0.34087   -0.72753   -0.15166   -0.40375    0.17396    0.10390    0.01969   -0.18136   -0.02528    0.12539    0.25964   -0.28214   -0.24609    0.20513   -0.01457
    0.46129   -0.00710    0.24226   -0.08195    0.60650    0.64848    0.04619    0.41009    0.35049    0.35876    0.53075   -0.02036   -0.05416    0.53987    0.45091   -0.09337   -0.11760   -0.34389    0.72583    0.19818    0.24348    0.23890    0.41212    0.32760   -0.01739   -0.10249    0.76651    0.45767    0.55252    0.26561    0.58109    0.07076   -0.15413   -0.12612    0.18753    0.66212    0.81306    0.35688    0.25093    0.78973
    0.48441    0.13881    0.56210    0.78637    0.40345    0.14513    0.53602    0.45327    0.11018    0.53445    0.66463    0.70313    0.04601    1.04122   -0.03644    0.49641    0.55276    0.51713   -0.03190    0.87048    0.06711    0.36304    0.19479    0.19490    0.00245    0.18030    0.21278    0.53002    0.20366    0.56406    0.41641    0.27956    0.73139    0.32736    0.32240    0.45911    0.26259    0.60184    0.32172    0.69947
   -0.41369   -0.39850    0.08107    0.14596    0.23723    0.27786   -0.52395   -0.13945    0.35560    0.35856   -0.06773    0.52724   -0.05953    0.27031   -0.28604   -0.00014   -0.17158    0.00544   -0.34733   -0.06392   -0.17748   -0.10137    0.23836   -0.37748    0.26178   -0.13007    0.00388   -0.32581    0.33673   -0.26459    0.40878    0.12074    0.24639   -0.34063   -0.23064    0.06736   -0.12078    0.32264    0.27042   -0.35912
   -0.29565    0.20976    0.15251    0.18171   -0.30337   -0.14937    0.22045    0.04366   -0.40769   -0.10870    0.55218   -0.26791    0.32891   -0.21407    0.30370    0.03968    0.26713    0.09304    0.03666    0.03717    0.50791   -0.19858    0.00670    0.33760    0.52761    0.31564    0.08733   -0.13375   -0.38052   -0.24969   -0.37633    0.15942   -0.25073   -0.02798   -0.17531    0.00747    0.20138   -0.03042   -0.15822   -0.34425
   -0.06534   -0.02771    0.41477    0.03548   -0.10811    0.20845   -0.23108    0.34574    0.01151    0.09393    0.05080    0.34909    0.32411   -0.13149    0.58718    0.41110    0.46827    0.29715    0.23581   -0.20009    0.17969   -0.35521    0.36657   -0.22470    0.43304    0.20106    0.36625   -0.47410    0.12195   -0.11534    0.28470   -0.18175    0.29700    0.27697   -0.04240    0.07740    0.06787   -0.04152    0.37463   -0.35275
    0.23435    0.27948   -0.04342    0.39777   -0.11715    0.57734    0.29640   -0.11218    0.51914   -0.14663    0.60270    0.03390   -0.13054    0.35640    0.04360   -0.34950    0.66255    0.14838    0.37796    0.29418   -0.10411   -0.18673   -0.04067    0.66136    0.36625    0.18720    0.54632    0.35345    0.53611    0.39913    0.65236    0.27422    0.63157    0.50592    0.74105    0.21263    0.15440    0.54144    0.04683   -0.00403
    0.67247   -0.15868    0.09919   -0.18545    0.16055    0.26059    0.39080    0.25645    0.20408    0.12156    0.28628    0.60094    0.72712    0.09088    0.37613   -0.17979   -0.11041    0.24321    0.26106    0.17532    0.01359    0.37056   -0.16831   -0.05627    0.51712    0.07692    0.16817    0.54921    0.40533    0.20685   -0.07972    0.76931   -0.00403    0.47849    0.61657    0.08887    0.20376   -0.11403    0.67943    0.74588
bs
    0.01301    0.03102    0.26676   -0.03056    0.62301   -0.00313    0.16615    0.06749    0.13973    0.25077    0.47033    0.02765   -0.25096    0.47580   -0.18430    0.13121    0.23016    0.12678    0.20154    0.51283    0.00669    0.21285    0.46095    0.09183    0.37138    0.08708    0.07769    0.17775    0.12101    0.13216    0.40437    0.10719    0.25430    0.16074    0.30423    0.00243    0.05615    0.48731   -0.26084   -0.00722
Alpha:        0.0904
Eta:        0.0478
Activation Function: TANGENT
MeanSquaredError:   6.554865E-03
MeanSquaredError - validation:   2.720218E-01
Epoch :      1000
NFE:        100
