  2.531096E-01
  2
  7
 22
wh1
    0.03890    0.71279    0.65765    0.56560    0.00396    0.16128    0.76438
    0.96042    0.71253    0.41067    0.47218    0.90711    0.23578    0.83672
    0.86756    0.08942    0.67602    0.64007    0.02017    0.04983    0.84520
    0.30377    0.91628    0.56548    0.73524    0.26106    0.18938    0.30655
    0.92884    0.13329    0.63438    0.98374    0.52823    0.47585    0.62161
    0.25711    0.21527    0.87517    0.25685    0.94883    0.58115    0.62308
    0.05790    0.78864    0.22989    0.23814    0.23221    0.31356    0.08145
bh1
    0.32948    0.07184    0.16140    0.56838    0.85463    0.01846    0.45315
wh2
    0.34107    0.75205    0.01117    0.79487    0.36934    0.19940    0.91921    0.98478    0.70900    0.43929    0.81946    0.57328    0.50378    0.68873    0.52452    0.56144    0.99203    0.05346    0.43852    0.07466    0.81029    0.55258
    0.21058    0.65088    0.91544    0.81212    0.59094    0.36796    0.83792    0.84668    0.36936    0.01251    0.65402    0.10761    0.68643    0.60050    0.77913    0.77760    0.01103    0.95680    0.95766    0.24799    0.20075    0.94337
    0.45793    0.28831    0.44382    0.27899    0.14564    0.90304    0.84156    0.12215    0.59765    0.24217    0.54247    0.84694    0.25722    0.67184    0.00112    0.77413    0.29830    0.86492    0.50557    0.59767    0.34174    0.36883
    0.51105    0.45433    0.70818    0.11996    0.93768    0.71345    0.33679    0.19989    0.29666    0.00392    0.77258    0.22259    0.21738    0.64292    0.13148    0.88269    0.93304    0.35115    0.27217    0.22469    0.42184    0.18659
    0.07931    0.30208    0.96593    0.97289    0.91826    0.39672    0.84333    0.35229    0.93703    0.15926    0.22936    0.18270    0.41940    0.38829    0.31447    0.90151    0.28956    0.92608    0.80514    0.84825    0.92430    0.00760
    0.53855    0.49147    0.11009    0.06308    0.68691    0.02368    0.23265    0.45388    0.77267    0.04296    0.62386    0.92057    0.65575    0.65816    0.99267    0.70508    0.29073    0.59923    0.54012    0.22945    0.95546    0.04834
    0.73898    0.26070    0.22084    0.11833    0.34906    0.93253    0.01524    0.84683    0.51203    0.70669    0.53809    0.14115    0.81562    0.39899    0.37424    0.65595    0.31058    0.77880    0.19208    0.23653    0.38493    0.56302
bh2
    0.41464    0.17454    0.12564    0.36488    0.47481    0.71515    0.15359    0.53087    0.59079    0.31268    0.91912    0.86045    0.39453    0.71735    0.29450    0.64108    0.82946    0.90701    0.29214    0.11460    0.93985    0.32903
ws
   -0.17013    0.50727    0.55574    0.20978    0.42653   -0.09413    1.03169    0.73497    0.45177    0.51571    0.57258    0.49049    0.16660    0.79940    0.30675    0.52783    0.83173    0.48495    0.43961    0.77913    0.19335    0.68511    0.38426    0.62961   -0.19604   -0.43478   -0.33757   -0.52741   -0.51651   -0.11080   -0.24805   -0.47942   -0.46104   -0.56373   -0.32008   -0.09964   -0.76725   -0.07263   -0.49586   -0.01588
   -0.14178   -0.26793    0.47991    0.69034    0.31337    0.49462    0.68423    0.43407    0.71710    0.12202    0.32548   -0.04076    0.71834    0.86038    0.63281    0.65007    0.83148    0.63288    0.83413    0.84901    0.47419    0.10911    0.33808    0.18315   -0.02631    0.62491    0.29211   -0.26909    0.36709    0.16597   -0.00895    0.46095    0.36967    0.20414    0.06306    0.54758    0.32999    0.24951   -0.20965   -0.19815
    0.01623   -0.01088    0.42092   -0.24608   -0.02303    0.36942   -0.00216   -0.25090    0.38132   -0.06768   -0.08458    0.13697    0.21373   -0.12717   -0.52980   -0.57703   -0.17516   -0.61057   -0.35065   -0.90621   -0.22836   -0.26334   -0.74191    0.19607    0.05840   -0.01637    0.15050    0.99442    0.85669    0.88023    0.86431    0.61681    0.68927    1.14476    0.99046    0.99394    0.65354    0.79716    0.64365    0.57910
    0.39879    0.45401   -0.10143    0.39253   -0.58088   -0.06028    0.00345   -0.40006   -0.46352   -0.42285   -0.44233    0.14897   -0.28848    0.30261    0.51118    0.04551    0.14911    0.52736   -0.06836   -0.18061    0.50453    0.14658   -0.02433   -0.38530   -0.35107    0.48465    0.44119    0.48281    0.07809    0.27652   -0.03412    0.29600    0.24642   -0.04544    0.43595    0.47936    0.15091    0.48189    0.39571    0.80685
    0.56444   -0.16596    0.25342   -0.05494   -0.77114   -0.51861   -0.61996   -0.27334   -0.41897   -0.30759   -0.06945   -0.28176   -0.86878   -0.60844   -0.09648   -0.09241   -0.11633   -0.86114   -0.80364   -0.02615   -0.65330   -0.37058    0.08535   -0.30066    0.45814    0.29803    0.26741    0.49161    0.41032    0.00785    0.56294    0.15561    0.25817    0.19295   -0.16257    0.22479    0.57444   -0.07816   -0.12088    0.79643
   -0.14922   -0.12440   -0.39037    0.38913    0.25900   -0.04297    0.10407    0.79979    0.35533    0.16891    0.41108    1.08530    0.28436   -0.01012    0.45972    0.36374    0.29380    0.05431    0.84986    0.38080    0.61676    0.08247   -0.16655   -0.01688   -0.47326    0.01567   -0.44060   -0.98285   -0.53226   -0.68044   -0.51743   -0.67874   -0.67889   -0.75929   -0.67006   -0.53430   -0.41391   -1.03177   -0.96910   -0.48589
    0.01007    0.55284   -0.30990   -0.40105    0.26401   -0.08267    0.28732    0.12226   -0.28106   -0.02840   -0.21250   -0.23864    0.04500    0.13464   -0.45837    0.15107   -0.18258    0.20423   -0.53162    0.22734   -0.18302    0.31490    0.65439   -0.13515    0.02035    0.01189    0.38157    0.63787    0.58984    0.40707    0.31208    0.16187    0.71636    0.10305   -0.02181    0.35291    0.71867    0.20825    0.72516    0.39131
   -0.44508   -0.25825   -0.33886    0.69029    0.01775   -0.09136   -0.04631    0.22198    0.43843    0.87348    0.69015    0.48312    0.37794    0.72908    0.19661    0.66747    0.92682    0.73716    0.50968    0.41495    1.13328    0.73148    0.66820    0.41524    0.07752   -0.63767   -0.59286   -0.41883   -0.33857   -0.51116   -0.32541   -0.71104   -0.59204   -0.86540   -0.54275   -0.64117   -0.80592   -0.28628   -0.83360   -0.72241
    0.15414    0.38407    0.12526   -0.62385   -0.32770   -0.14013   -0.50367   -0.77626   -0.80489   -0.32441   -0.29021   -0.08201   -0.16534    0.09652   -0.29027    0.30346   -0.21754   -0.58066   -0.32595   -0.66772   -0.64886   -0.13581    0.26227    0.16605    0.49520   -0.14876   -0.03234   -0.13564    0.26161    0.61914    0.05348    0.49773   -0.01950    0.73071    0.58657   -0.18970    0.44247   -0.32763    0.26009    0.23310
    0.05638   -0.57420    0.62024    0.00525    0.44589    0.35506    0.63418    0.37419    0.48247    1.21567    0.71085    1.18188    1.24974    1.13173    1.18869    0.59505    0.88375    1.55808    0.82362    1.33082    0.42596    0.63108    1.00864    0.86860    0.47593   -0.28822   -0.28323   -0.23027   -0.72858    0.04310   -0.19634    0.12169   -0.27628   -0.08788   -0.52029   -0.51660   -0.83810   -0.45981   -0.22901   -0.13349
   -0.25516   -0.16079   -0.60766    0.30262    0.05334   -0.56770   -0.15245    0.51308    0.54925    0.49729    0.39080    0.13307    0.00594    0.27078    0.35473    0.20600   -0.04291   -0.00707    0.12550    0.90576    0.68501    0.21433   -0.01832   -0.22063    0.10664   -0.52099   -0.60238   -0.06331   -0.50648   -0.33116   -0.86319   -0.85888   -0.40462   -0.84862   -0.77540   -0.32105   -0.57415   -0.37451   -0.27656   -0.47851
   -0.05830   -0.24542    0.26698   -0.04270    0.11133   -0.49281   -0.05781   -0.07907   -0.08840   -0.21144   -0.45359   -0.64898   -0.19315    0.04339   -0.37173   -0.59038   -0.23080   -0.70175   -0.30091   -0.14760   -0.54607   -0.03008    0.18717   -0.00470   -0.07468    0.06632    0.59298    0.24088    0.47454    0.56173    0.75852    0.22105    0.00775    0.28168    0.65335    0.43775   -0.22461   -0.12870    0.53680   -0.05525
   -0.33349   -0.03637    0.18185    0.62872    0.43163    0.49963    0.86634    0.04714    0.64712    0.59457    0.21997    0.01438    0.05962    0.30743    0.31914   -0.10454    0.01207    0.71461    0.50940    0.55855    0.22461   -0.08368   -0.41098    0.04234    0.27683    0.21499   -0.15003    0.33794   -0.39581   -0.53432   -0.51145   -0.24927    0.42573    0.16444    0.39370   -0.29485   -0.45088    0.15008    0.42941   -0.31328
    0.23031    0.01845   -0.30883   -0.53353    0.18446    0.00419   -0.41115    0.02139    0.20990    0.34560    0.10659    0.36381   -0.13894   -0.52998    0.02253   -0.09898   -0.35279    0.26356   -0.04280    0.07670    0.52434    0.15908    0.55508    0.13690   -0.34109    0.24287    0.18593   -0.27511    0.27517    0.20874   -0.21153   -0.39990    0.20749   -0.24014    0.06125   -0.20116    0.24189   -0.29838   -0.11833   -0.08440
    0.43729    0.07732    0.43573    0.74639    0.45952    0.13799    0.60176    0.64751   -0.17182   -0.22411    0.62495   -0.04072   -0.15785   -0.19407    0.39043   -0.18690    0.11466   -0.05108   -0.17945   -0.72239   -0.38657   -0.42346   -0.66386    0.23901   -0.18932    0.44512    0.59202    0.26109    0.79798    0.74762    0.56866    0.39692    0.87264    0.97601    0.69696    1.23987    0.47641    0.73318    1.26728    0.66453
   -0.53571    0.20989   -0.01012    0.02591    0.15708    0.30180   -0.09858   -0.18669   -0.04104    0.07246   -0.31371    0.04855    0.09288   -0.29107    0.03182   -0.52206   -0.83370   -0.15822   -0.72801   -0.30327   -0.61888   -0.71073    0.20854   -0.19965    0.41952    0.14185    0.39538   -0.02418    0.28054    0.04577    0.04149   -0.15065   -0.19545    0.09448    0.21677   -0.11746    0.36033    0.13701   -0.34935   -0.15816
   -0.48355   -0.66278   -0.04194   -0.59998   -0.75928    0.15772   -0.48412   -0.00310    0.08703    0.07738    0.23616   -0.21646    0.41993    0.58771    0.16728    0.90662    0.96189    0.56363    1.09761    0.86608    1.43114    1.35608    0.64402    0.35321    0.11271   -0.10312   -0.79741   -0.30988   -1.04251   -0.84713   -0.44896   -1.00251   -1.15470   -1.18691   -1.36111   -1.10733   -0.67250   -1.48611   -1.21367   -1.48971
    0.53035   -0.15881   -0.29825   -0.37114    0.36705    0.37818   -0.27969   -0.27816    0.18193   -0.44091   -0.37745   -0.35948   -0.52525   -0.73965   -0.24310   -0.87525   -0.46760   -0.99930   -0.68839   -1.38564   -1.29399   -0.72032   -0.79394   -0.65909   -0.19902   -0.27578   -0.10580    0.43873   -0.28703    0.02554    0.46993    0.78771    0.30284   -0.00565    0.31981    0.40567   -0.01915    0.86391    0.10813    0.36675
    0.62320    0.30079    0.01631    0.56893   -0.01035    0.49140   -0.35860   -0.44115   -0.20243   -0.50076   -0.48173   -0.11332    0.16632   -0.47632   -0.29615   -0.48530   -0.37892   -0.09620   -0.44727   -0.80095   -0.70658   -0.24842   -0.59830    0.14199   -0.31373    0.33443    0.05569    0.50160    0.86128    0.20078    0.30773    1.15179    0.78687    0.71359    0.71863    0.49010    1.18249    0.91646    1.19475    1.29430
    0.14672    0.94801    0.58444    0.33170    0.21747    0.10195   -0.06598   -0.34916   -0.27481   -0.57387    0.10423   -0.43924    0.01302   -0.44823   -0.31975   -0.24007   -0.75586   -0.37168   -0.19504    0.04999   -0.38101   -0.37134   -0.19117   -0.00461    0.48653    0.41025    1.01563    0.42142    0.45653    0.81784    1.08187    0.83683    0.46793    0.75964    0.35920    0.87834    0.78667    0.80298    0.50140    0.50667
    0.20371   -0.57586    0.14621   -0.72800   -0.06239   -0.69479   -0.23093   -0.33561   -0.93128   -1.01867   -0.41411   -0.82813   -0.55211   -0.71445   -0.71008   -0.12093   -0.20135   -0.23508   -0.02375   -0.72942   -0.29183   -0.21277   -0.51530    0.42286    0.04699    0.15577    0.40719   -0.18823   -0.23497    0.05002    0.32050   -0.08844   -0.15606    0.34514   -0.07947   -0.30394   -0.38667    0.36984    0.38494   -0.27602
    0.02135    0.30269    0.26039    0.11960    0.14552    0.85902    1.29888    1.30193    0.68618    1.42538    0.80162    0.72675    1.15762    1.19754    0.51288    1.03722    0.76991    0.56246    1.20557    1.08771    1.04018    0.59967    0.07401   -0.21178    0.12860    0.09015   -0.33585   -0.56395   -0.59712   -0.87937   -0.80228    0.11530   -0.68027    0.13043   -0.28322   -0.45682   -0.32206   -0.20194   -0.20237   -0.25363
bs
   -0.62425   -0.15171   -0.65801   -0.34216   -0.58209   -0.34775   -0.20300   -0.58893   -0.47691   -0.42908   -0.52873   -0.42601   -0.24592   -0.33002   -0.49579   -0.52709   -0.52352   -0.18043   -0.58071   -0.37009   -0.62195   -0.70652   -0.60494   -0.66625   -0.67880   -0.46711   -0.47404   -0.46041   -0.10902   -0.54167   -0.75163   -0.33023   -0.20321   -0.33525   -0.42743   -0.34834   -0.34726   -0.42031   -0.51106   -0.46930
Alpha:        0.0260
Eta:        0.4027
Activation Function: TANGENT
MeanSquaredError:   4.571090E-03
MeanSquaredError - validation:   2.779634E-01
Epoch :      1000
NFE:        110
