  2.522835E-01
  2
  8
  9
wh1
    0.65083    0.80779    0.75867    0.94010    0.01978    0.95756    0.83402    0.24947
    0.50476    0.78668    0.63500    0.23579    0.29574    0.60809    0.64807    0.50931
    0.91810    0.43165    0.20583    0.28743    0.48719    0.47683    0.25086    0.88020
    0.00668    0.93607    0.13741    0.03729    0.08336    0.88262    0.44654    0.63926
    0.05060    0.69589    0.00039    0.20038    0.49381    0.12353    0.06088    0.15649
    0.05620    0.95258    0.12460    0.61452    0.90448    0.90371    0.08155    0.28924
    0.01803    0.83576    0.33294    0.56797    0.40119    0.22451    0.26528    0.81001
bh1
    0.09136    0.40819    0.47750    0.32850    0.04392    0.60620    0.19789    0.45664
wh2
    0.05780    0.45136    0.46208    0.39692    0.10988    0.02786    0.54371    0.09493    0.72380
    0.97600    0.02893    0.01191    0.64948    0.22375    0.60330    0.33629    0.01226    0.01167
    0.98826    0.53683    0.30818    0.09035    0.42681    0.69198    0.21520    0.42275    0.12537
    0.04067    0.80313    0.13826    0.93074    0.44773    0.53851    0.00920    0.13280    0.74257
    0.14238    0.73753    0.36061    0.99405    0.49902    0.09964    0.74990    0.23897    0.66835
    0.96511    0.74496    0.94500    0.86901    0.39641    0.93058    0.67525    0.92535    0.48400
    0.14290    0.00696    0.34444    0.10918    0.63728    0.03584    0.17160    0.32596    0.00093
    0.02016    0.29450    0.98340    0.94510    0.91156    0.08180    0.06389    0.58615    0.96662
bh2
    0.74094    0.63817    0.29956    0.99273    0.38177    0.31039    0.10928    0.67593    0.55202
ws
    0.38146   -0.15063    0.30793   -0.11663    0.44962    0.48496    0.74899    0.08387    0.69298    0.19235    0.17256    0.67764    0.11294   -0.30050   -0.29617   -0.26239    0.28886   -0.34150   -0.38835   -0.47039   -0.27561   -0.45397    0.09341   -0.38981   -0.29693    0.40303    0.03861   -0.03353   -0.12774    0.14212   -0.07827    0.02208   -0.27532   -0.54123   -0.23751   -0.50405   -0.06630   -0.70217   -0.20270   -0.31958
    0.14045    0.30629    0.28016    0.59694    0.68311    0.82452    0.10953    1.00584    0.25974    0.68792    0.72303    0.58145    0.27486    0.27324    0.45713    0.41401    0.13673    0.43008   -0.47273   -0.15010   -0.83614   -0.52706   -0.93437   -0.94165   -0.69312   -0.54462   -0.37281   -0.36587    0.19770   -0.13587    0.21962   -0.30587    0.10561   -0.11579    0.46711   -0.32707    0.29622    0.21249    0.40901    0.06237
   -0.94468   -0.27172   -0.71237    0.80299    0.30761    0.65562    0.63935    1.18758    0.85204    1.24287    0.68796    0.92159    1.46156    0.71769    1.10641    0.94233    1.08832    1.78282    1.69607    2.17024    1.74935    1.93698    1.67527    0.61223    0.29191   -0.20896   -0.91028   -1.21848   -0.82895   -1.34494   -0.87555   -0.57501   -0.53873   -0.58646   -0.32597   -0.58515   -0.66139   -0.97880   -0.55482   -1.08588
    0.92895    0.80854   -0.00043   -0.76430   -0.82890   -0.73584   -1.54610   -1.76252   -1.63239   -1.92884   -1.57860   -1.71927   -1.36660   -1.70921   -1.62666   -1.61153   -1.41996   -1.83616   -1.44867   -1.57783   -1.30997   -0.75475   -0.32993    0.46825    0.84716    0.99295    1.45931    1.84217    1.50619    1.37170    1.12263    1.38824    1.13572    0.94688    0.79766    1.21476    1.10446    1.06758    1.26694    1.91686
    0.14860   -0.21099    0.40325    0.64953    0.21466    0.31915    0.10050   -0.07192    0.21888   -0.02610    0.49603    0.24026    0.09862    0.81092    0.54237    0.51355   -0.16316    0.36229    0.28454    0.45931    0.30589   -0.03309   -0.31789    0.15723   -0.04282   -0.50215   -0.16693   -0.10966   -0.08784   -0.29419   -0.04433   -0.23773    0.53824    0.27068    0.63606    0.31530    0.57180    0.73372   -0.03096   -0.06666
    0.21821    0.45577    0.18823    0.82731    0.35921    0.50154    0.81578    1.28053    0.94591    0.75509    0.62653    0.20177   -0.12916    0.37986    0.07922   -0.10048    0.25250   -0.62161   -0.29051   -1.07879   -0.49344   -0.98057   -0.83179   -0.20032   -0.05741   -0.19173    0.20918    0.55892    0.36339    0.40363    0.60823    0.41793   -0.17694    0.82192   -0.11378    0.47691    0.67769    0.37627   -0.03596    0.10344
   -0.19650    0.32639    0.21094    0.23127    0.62915    0.24170    0.95217    0.89118    0.43712    0.85666    1.05342    0.89264    0.75571    0.99845    0.95926    1.15258    0.76698    0.51499    0.70194    0.88891    1.29464    0.61783    0.66333    0.50149    0.56046    0.51416    0.05088    0.10765    0.25770    0.40197    0.16829    0.12259    0.15708   -0.12630   -0.20532    0.11995   -0.00832   -0.22039    0.22314   -0.03362
   -0.79067   -0.65472   -0.08014   -0.29259    0.00486   -0.22623    0.57931   -0.01533    0.15570    0.84854    0.18280    0.90832    0.84064    0.72678    0.17291    0.90636    0.51446    0.69597    0.88388    0.99694    0.97323    0.70895    0.43335    0.69227    0.22716   -0.19566   -0.44716   -0.27205   -0.63217   -0.80607   -1.01242   -1.14795   -0.27920   -0.20008   -0.93919   -0.41945   -1.08983   -0.57603   -0.86597   -0.96396
    0.04599   -0.32746    0.34782   -0.28567    0.02893   -0.38884   -0.04642   -0.19903    0.32582    0.02621   -0.08529   -0.35135    0.11272    0.49060    0.66977   -0.10965    0.03778    0.64518    0.36665    0.25093    0.06140    0.58484    0.36944   -0.21695   -0.41984   -0.00858    0.10494   -0.56011   -0.55410    0.37041    0.02059    0.37050   -0.11636    0.29042    0.60906    0.48979   -0.35992    0.68269    0.28457    0.29736
bs
   -0.73471   -0.66555   -0.94514   -0.75734   -0.89704   -0.89393   -0.80225   -0.58189   -0.71486   -0.66965   -0.48532   -0.66381   -0.56909   -0.39846   -0.29282   -0.30754   -0.36268   -0.30412   -0.20122   -0.20047   -0.13732   -0.31388   -0.36195   -0.49938   -0.53299   -0.71496   -0.81171   -0.90907   -0.84219   -0.87283   -0.82264   -0.87091   -1.04126   -1.07144   -1.05907   -1.08239   -1.04803   -1.15286   -1.16058   -1.20787
Alpha:        0.2750
Eta:        0.5932
Activation Function: TANGENT
MeanSquaredError:   3.221662E-03
MeanSquaredError - validation:   2.771897E-01
Epoch :      1000
NFE:         99
