  2.520238E-01
  2
  7
 18
wh1
    0.03105    0.46463    0.61299    0.09806    0.30198    0.78059    0.27463
    0.31941    0.91906    0.95543    0.77101    0.11139    0.11291    0.64099
    0.93509    0.92292    0.56797    0.31086    0.68391    0.89083    0.70836
    0.04698    0.19661    0.07700    0.69129    0.04517    0.47794    0.65785
    0.08523    0.32558    0.13287    0.41544    0.12079    0.58320    0.09713
    0.47875    0.37025    0.61072    0.33996    0.70013    0.77342    0.36784
    0.52111    0.19293    0.27618    0.77801    0.34457    0.39861    0.48959
bh1
    0.73509    0.54546    0.28779    0.67003    0.76475    0.06078    0.06471
wh2
    0.42249    0.53044    0.06164    0.21153    0.52777    0.04284    0.07830    0.70347    0.89589    0.29064    0.50018    0.60331    0.54368    0.08900    0.69298    0.81134    0.18037    0.00425
    0.40544    0.75072    0.27376    0.60089    0.23984    0.38736    0.84409    0.90373    0.40668    0.10427    0.93448    0.78694    0.41205    0.77053    0.75029    0.19435    0.25180    0.88089
    0.44893    0.00572    0.15064    0.48686    0.89579    0.19482    0.14720    0.43886    0.37671    0.79711    0.39090    0.50156    0.36872    0.43953    0.82880    0.19697    0.52680    0.19160
    0.18642    0.16387    0.67638    0.67861    0.50756    0.83931    0.95543    0.52915    0.46689    0.09508    0.70157    0.89664    0.06543    0.28848    0.87189    0.97306    0.26059    0.37175
    0.72897    0.10296    0.00686    0.83929    0.39214    0.91331    0.43163    0.10203    0.93600    0.36666    0.29422    0.95455    0.35563    0.17565    0.93165    0.43837    0.80247    0.31772
    0.81164    0.28611    0.87696    0.24061    0.30454    0.39769    0.12810    0.49862    0.42939    0.67881    0.10453    0.10742    0.36675    0.27970    0.82471    0.12690    0.16925    0.97256
    0.83043    0.70970    0.92847    0.22369    0.19700    0.55651    0.04605    0.77509    0.01354    0.26795    0.72092    0.13058    0.33722    0.07946    0.44675    0.63361    0.67676    0.95943
bh2
    0.09404    0.04511    0.97942    0.54444    0.20614    0.57203    0.18416    0.67360    0.35404    0.37752    0.50448    0.59674    0.76740    0.97283    0.09650    0.62704    0.90989    0.47273
ws
    0.00087    0.10332    0.31884    0.54148    0.16729    0.37693    0.32441    0.38032    0.16303    0.15526    0.63075    0.78435    0.06995    0.20195    0.32427    0.44646    0.32444    0.03017    0.15418    0.38313    0.21555   -0.00263    0.23173   -0.05029    0.59952   -0.05491    0.33501    0.36843    0.34338    0.41746    0.65220    0.10424    0.68584    0.63639    0.20343    0.86554   -0.07630    0.59962    0.58460    0.22175
   -0.13091    0.17003    0.75823    0.73084    0.38898    0.40911    0.55281    0.65927    0.04690    0.62263    0.19548    0.72347    0.73002    0.48944    0.26347    0.34500    0.38176    0.45153    0.26515    0.04560    0.51391    0.37709    0.35126    0.39686   -0.06823    0.24845    0.45511    0.54540    0.08247   -0.11185    0.55132    0.27610    0.33414    0.16231    0.50099    0.18709    0.08745    0.66518    0.56854    0.16646
   -0.25598   -0.32409    0.25805   -0.46271   -0.28062   -0.33132    0.42579   -0.49862    0.14089    0.19547   -0.15511   -0.05279    0.29446    0.16349    0.19795   -0.27203   -0.21489    0.41138    0.25033   -0.17699    0.29500    0.45136    0.29923   -0.07562    0.41526   -0.02057    0.50653   -0.50333   -0.31482    0.37061   -0.13934   -0.39893    0.30283   -0.32213   -0.48439    0.25484    0.50059   -0.21504    0.11270    0.48700
    0.27421    0.22298   -0.15126   -0.36890   -0.45821   -0.27851   -0.34589   -0.11588    0.16275   -0.29057    0.05829   -0.44986   -0.09862    0.20281    0.14216   -0.11130   -0.06788    0.22082   -0.11064    0.01370    0.00093   -0.14153   -0.16272    0.20163    0.19996   -0.35344   -0.53851   -0.45725    0.15182    0.07668   -0.14510   -0.10555   -0.42232    0.17666   -0.11829   -0.33005   -0.20018   -0.11005    0.09966   -0.36797
    0.33325    0.29335    0.40557    0.45287    0.47229    0.62060    0.36130    0.12167   -0.01011    0.56332   -0.13508    0.07145    0.56692    0.49167    0.40553    0.65373    0.10601    0.01849   -0.13653    0.11232    0.50959    0.12375    0.06619    0.34805   -0.18610   -0.21974   -0.42682    0.50146   -0.05537    0.09944   -0.02840    0.12411    0.46073    0.08193   -0.19218   -0.11659   -0.20676    0.16449   -0.11784    0.29299
    0.42811    0.05955   -0.00317   -0.25880    0.23257   -0.46310    0.52305    0.26060   -0.27866   -0.46827   -0.17477    0.14778   -0.53645   -0.24393   -0.20779    0.06333    0.31234    0.10692   -0.52237   -0.36854   -0.22314   -0.01315   -0.43830    0.12620    0.12014    0.56838   -0.35799    0.32443    0.17054   -0.11749    0.17043    0.51575   -0.16281    0.00060    0.46156   -0.22587   -0.34305    0.48168    0.00120    0.05412
   -0.03874   -0.16881    0.37234   -0.17403   -0.21670   -0.01378   -0.09855    0.16877    0.30679    0.38598    0.01295    0.36105    0.47544    0.58588    0.48720    0.08327    0.32170    0.42501    0.09350    0.57699   -0.08522    0.55223    0.08387   -0.00683    0.25801    0.58426    0.05609    0.50962    0.36144    0.58911   -0.31256    0.50402    0.00788   -0.15338    0.26414    0.03514    0.64304    0.37312    0.55394   -0.18629
   -0.09112   -0.45667    0.01245    0.39861    0.34080    0.23174   -0.37339   -0.10016    0.27653    0.10948    0.00802   -0.06870    0.22716   -0.32819    0.38790   -0.41701   -0.05289    0.16407    0.39520   -0.03599    0.25423   -0.08665   -0.13271    0.21271   -0.30382    0.07990   -0.54694   -0.47363    0.22285   -0.06976    0.11351   -0.45942    0.31902    0.32466    0.35096   -0.21379   -0.15390   -0.45658   -0.24916   -0.25602
   -0.30694    0.19077   -0.34304    0.13097    0.29934    0.41103   -0.29190   -0.08189    0.40840    0.07515    0.31491   -0.13789   -0.00877   -0.44718    0.09748   -0.19867   -0.42498   -0.10076   -0.34183   -0.40304   -0.44930    0.14077    0.13039    0.28768   -0.35120   -0.11644    0.26582    0.23070   -0.13917   -0.30765   -0.17575   -0.23263   -0.31030    0.50412   -0.03550   -0.29370    0.17161    0.27274   -0.33388    0.18610
    0.58042    0.41143    0.11119    0.50718    0.33002    0.72695    0.05138   -0.15280    0.59016    0.45792    0.30340    0.74127    0.54033    0.41554    0.13351    0.55578    0.12131   -0.31968   -0.03331    0.72316    0.67849   -0.21436   -0.26061   -0.18567    0.14164   -0.04197    0.51529   -0.30919    0.11962    0.23828   -0.04901   -0.10346    0.26808    0.48699    0.23433    0.44576    0.15164    0.06428    0.47354    0.58418
   -0.01567   -0.25579   -0.38463    0.11315   -0.01809    0.00667   -0.23762   -0.14877    0.30851   -0.17580   -0.17943    0.00116    0.08554    0.28216    0.03317   -0.33612   -0.10088   -0.28262    0.25115   -0.26172   -0.11998   -0.05595   -0.12281   -0.38489    0.18882   -0.31696    0.08886   -0.02382    0.44116    0.05126   -0.17398    0.34953   -0.54993    0.35369   -0.16761   -0.28770    0.20135   -0.12158    0.29359    0.17947
   -0.58440    0.15422   -0.14787   -0.58583   -0.07775    0.14646    0.13527    0.08545   -0.66400   -0.09171    0.07991   -0.04289   -0.12056   -0.05172   -0.37936    0.27811   -0.47494    0.08700   -0.05260   -0.30968   -0.34425   -0.52075    0.31142    0.10444   -0.50881   -0.24879   -0.14459   -0.18072    0.26322   -0.58344   -0.30924   -0.17766   -0.13727   -0.57528    0.15713   -0.45206   -0.16905   -0.50189   -0.50755   -0.09726
   -0.27299    0.28489    0.31327    0.31093   -0.32482    0.19864   -0.32769    0.14645    0.34048    0.40304    0.03935   -0.23353    0.15106   -0.37849    0.04144    0.24545    0.41164    0.21207    0.11848    0.12360   -0.20490    0.17787    0.16729   -0.01203    0.18571   -0.00034    0.05975    0.30645   -0.13583    0.08318    0.15668   -0.52243   -0.47904    0.21790   -0.15893   -0.33976   -0.18617    0.00692   -0.48636    0.41735
   -0.21843   -0.42417   -0.41511   -0.36049   -0.37816   -0.63248   -0.27537    0.09161    0.28052   -0.12906    0.45255    0.14990    0.31550    0.15641   -0.00337    0.13483   -0.33062    0.16723   -0.36674   -0.02551   -0.19385   -0.11404   -0.40353   -0.04037    0.24289    0.18310    0.07873   -0.03504   -0.05655   -0.03060   -0.47739   -0.64992   -0.07529   -0.13705   -0.38395    0.36576   -0.34228   -0.03961   -0.05973   -0.40776
    0.28902    0.01745    0.41308    0.36003    0.17431    0.03462    0.41120    0.30728   -0.06914    0.22487    0.34705    0.06743   -0.10723    0.18116    0.13504   -0.43313    0.06103   -0.02722    0.10860    0.35205    0.19365    0.06318    0.23586   -0.12550    0.01747    0.28573    0.20510    0.34799    0.01531    0.45829    0.19476    0.46549    0.00764   -0.15044    0.11101    0.72551    0.44911    0.42416    0.26619    0.26325
    0.06640    0.01280   -0.40112   -0.55053   -0.31311   -0.59239    0.37868   -0.18405   -0.59339   -0.11638   -0.35994   -0.33403   -0.50686    0.10444   -0.02863   -0.43993   -0.25550   -0.08954   -0.38461    0.04675   -0.50868   -0.46058    0.18974    0.15519    0.01031   -0.05154   -0.39668   -0.13586   -0.36536    0.19093    0.22178    0.33986    0.26120   -0.04155   -0.08876    0.25296    0.10191   -0.40551    0.12624   -0.25292
   -0.00890    0.01168   -0.24790    0.33222   -0.26101    0.06275    0.18355    0.05106   -0.01502    0.20813   -0.15280   -0.22280    0.23732   -0.05748   -0.42894    0.22409    0.08796   -0.26148    0.12305   -0.13215    0.16369    0.14441    0.16463   -0.00780   -0.42775   -0.41795    0.10060   -0.07236   -0.59067   -0.54290   -0.21684   -0.43817    0.01640   -0.55529   -0.29991   -0.22941   -0.43839   -0.19160   -0.46809   -0.47315
   -0.00873    0.24092   -0.21931    0.01928    0.71959    0.32098   -0.05688    0.49363    0.51808   -0.19203    0.20839    0.00449   -0.19760   -0.08493   -0.24168    0.61330    0.58584   -0.10841    0.43546   -0.07772   -0.11448    0.37022   -0.16362   -0.07171   -0.01975    0.23380    0.30452   -0.23734   -0.07675   -0.32302    0.25995    0.52611    0.32874    0.14905    0.61594    0.32607    0.59555    0.15047    0.16269    0.04914
bs
   -0.33030   -0.60978   -0.36825   -0.40351   -0.39864   -0.48675   -0.74358   -0.65644   -0.84994   -0.72966   -0.63510   -0.23250   -0.74223   -0.51947   -0.46181   -0.42175   -0.12021   -0.65060   -0.15423   -0.09251   -0.03132   -0.32544   -0.47301   -0.72386   -0.47519   -0.48729   -0.45709   -0.51835   -0.62944   -0.56414   -0.38600   -0.32236   -0.61077   -0.80072   -0.74703   -0.62188   -0.81678   -0.67479   -0.62347   -0.88874
Alpha:        0.3268
Eta:        0.0441
Activation Function: TANGENT
MeanSquaredError:   3.978604E-03
MeanSquaredError - validation:   2.768283E-01
Epoch :      1000
NFE:        117
