  2.540016E-01
  2
 16
 14
wh1
    0.00077    0.35927    0.44007    0.50603    0.95648    0.68246    0.18264    0.35387    0.84459    0.21614    0.86070    0.49543    0.08787    0.61072    0.72008    0.83410
    0.44525    0.17071    0.36202    0.32267    0.57124    0.94719    0.53054    0.56236    0.73193    0.48989    0.24217    0.67277    0.66479    0.91330    0.40821    0.05849
    0.71240    0.43407    0.70788    0.65132    0.97004    0.77311    0.01495    0.39076    0.30943    0.25278    0.27732    0.24996    0.29039    0.99668    0.24473    0.42509
    0.92725    0.76565    0.56589    0.51721    0.60788    0.00304    0.26278    0.21498    0.85849    0.80625    0.36819    0.85881    0.28150    0.24447    0.71728    0.69637
    0.57910    0.82820    0.83265    0.65399    0.36642    0.02504    0.92401    0.41804    0.82145    0.75399    0.55455    0.10474    0.51837    0.01885    0.81656    0.48748
    0.64931    0.77915    0.45141    0.16966    0.15284    0.12925    0.26780    0.70323    0.47506    0.94594    0.41947    0.19760    0.01126    0.53144    0.68996    0.68915
    0.57769    0.36782    0.67106    0.32112    0.85685    0.05888    0.41286    0.46899    0.49094    0.83365    0.25288    0.54617    0.53071    0.65776    0.48951    0.67044
bh1
    0.17648    0.53711    0.88476    0.98358    0.64400    0.50755    0.57721    0.04079    0.17560    0.42736    0.25126    0.35234    0.36789    0.95424    0.31508    0.45899
wh2
    0.50052    0.73712    0.38497    0.93623    0.74227    0.58597    0.68037    0.43997    0.62303    0.31720    0.21796    0.55410    0.68133    0.79385
    0.69021    0.63340    0.45534    0.72282    0.29478    0.30489    0.58689    0.16744    0.52124    0.93566    0.59360    0.02475    0.46553    0.74833
    0.96986    0.05164    0.39802    0.85061    0.56837    0.28553    0.81381    0.99602    0.96340    0.28995    0.41049    0.66627    0.73509    0.01514
    0.40366    0.53661    0.27688    0.31659    0.33361    0.64552    0.45198    0.11491    0.41711    0.90983    0.62217    0.81022    0.76540    0.43878
    0.67385    0.86611    0.45839    0.32926    0.24840    0.51199    0.66855    0.15342    0.14457    0.97889    0.47137    0.70082    0.66180    0.83371
    0.92825    0.88893    0.66227    0.99076    0.05611    0.58274    0.82139    0.53623    0.85400    0.87273    0.26419    0.00899    0.54588    0.65525
    0.28410    0.82610    0.18238    0.83204    0.18381    0.97863    0.27376    0.12351    0.24290    0.77059    0.20366    0.99412    0.03576    0.69385
    0.87899    0.63349    0.59410    0.61201    0.12727    0.17937    0.56480    0.51653    0.24365    0.21419    0.45442    0.24722    0.95144    0.62064
    0.15866    0.67560    0.38254    0.47084    0.31862    0.90649    0.64615    0.42126    0.23593    0.01376    0.78975    0.43295    0.66521    0.63777
    0.39209    0.26142    0.96103    0.69934    0.89202    0.89562    0.86407    0.28989    0.54931    0.94584    0.68770    0.69328    0.20774    0.21670
    0.48144    0.11340    0.72809    0.61202    0.60411    0.74856    0.27691    0.05523    0.74748    0.33905    0.69987    0.29264    0.34509    0.68135
    0.73254    0.74352    0.75891    0.46042    0.03523    0.83544    0.03061    0.32370    0.64771    0.11532    0.00172    0.63116    0.33218    0.60325
    0.98626    0.61552    0.77308    0.23050    0.88396    0.12648    0.24073    0.97603    0.07130    0.02809    0.84995    0.93790    0.13592    0.18335
    0.90586    0.40397    0.99153    0.43989    0.74009    0.95579    0.56140    0.21675    0.51174    0.86990    0.75280    0.68831    0.95617    0.64500
    0.41886    0.17783    0.68919    0.22229    0.75640    0.26987    0.83949    0.30917    0.72912    0.22900    0.93495    0.88120    0.59296    0.17544
    0.78100    0.31162    0.63153    0.34320    0.02339    0.01232    0.30454    0.18729    0.55624    0.94834    0.61893    0.53667    0.44665    0.33618
bh2
    0.40912    0.27038    0.16427    0.87556    0.40616    0.15873    0.85111    0.48895    0.39285    0.22470    0.25625    0.16434    0.75010    0.61164
ws
   -0.33627   -0.13221   -0.08498   -0.05548    0.25767   -0.02999    0.48560    0.61181    0.42152    0.64301    0.38001    0.53820    0.75378    0.22154    0.33609    0.66634    1.08473    0.98335    0.66596    0.77881    0.91124    0.09675    0.28680    0.11801   -0.56989   -0.91257   -0.46332   -0.47416   -1.20412   -0.60348   -0.50806   -0.43887   -0.55689   -0.78831   -0.53571   -0.32382   -0.18397   -0.64307   -0.42617   -0.17174
   -0.36035   -0.74018    0.39942    0.27815    0.66978    0.09101    1.00527    0.50731    0.76930    1.15859    0.96499    0.67911    0.69684    1.28550    0.87712    1.18969    1.24008    1.54117    1.21743    0.94641    0.82528    0.45093    1.09365    0.26411   -0.62566   -0.54866   -0.84720   -1.02362   -0.66764   -0.64910   -0.76208   -0.30579   -0.64460   -0.32686   -0.41423   -0.25317   -0.70425   -0.98706   -0.28788   -0.87781
    0.15437    0.26598    0.15118    0.44811    0.16960    0.90942    0.98190    0.68406    1.10716    0.83355    0.71873    0.20540    0.51359   -0.09409    0.21566   -0.15346    0.24255    0.11947   -0.53389   -0.46045   -0.91121   -0.42709   -0.99547   -0.70680   -0.32486    0.10533    0.05589    0.13528   -0.18090    0.27905   -0.13380    0.16555    0.43156    0.38019    0.64994    0.40776    0.41238    0.63624    0.45675    1.17685
   -0.13875    0.29858   -0.39450   -0.24526   -0.88332   -0.78796   -1.17723   -0.49611   -0.98187   -0.95466   -0.50598   -0.21447   -0.91261   -0.58316   -0.60965   -0.46607   -0.44289   -0.20047    0.29528    0.41656    0.37467    0.48919    0.31468    1.05705    0.69793    0.44655    0.10415    0.26969    0.15146    0.13405    0.35312    0.08425   -0.05265    0.06556   -0.33476   -0.40249    0.05693   -0.26769   -0.69871    0.08572
    0.93205    0.48742   -0.28705   -0.81767   -0.92407   -0.56789   -0.71995   -1.49673   -1.33466   -1.72226   -1.53424   -1.08525   -0.69287   -0.62834   -0.88583   -0.82164   -0.82939   -0.97149   -0.77238   -1.01497   -0.56815   -0.75367   -0.28936    0.32541    0.53722    0.72839    0.70972    1.36082    1.40069    0.91252    1.51331    0.80636    0.74669    1.18197    0.90367    0.58565    1.01189    1.24823    0.90629    1.08040
   -0.27449   -0.48739   -0.25349    0.70129   -0.12030    0.68666    0.01662    0.75726    0.28619    0.48567    0.34362    0.41225    0.64843    1.05855    1.16650   -0.01760    0.24874    0.87623    0.67043    0.02009    0.75879    0.36110   -0.30052   -0.10912    0.21403   -0.40601   -0.01935   -0.53469   -0.17280   -0.14371   -0.30966   -0.53434    0.02240    0.19765    0.26349    0.04783   -0.34738    0.17719    0.02988   -0.57041
    0.08710   -0.12637   -0.34938   -0.19948   -0.00332   -0.69329   -1.12355   -0.78986   -0.98149   -0.54739   -1.05521   -0.43290   -0.16752   -0.90864   -0.12991   -0.48413   -0.90362   -0.58540   -0.34927    0.03191   -0.17796    0.38276    0.26761   -0.02036    0.07268    0.39719    0.32966    0.56463   -0.02829    0.45334    0.24792    0.15657   -0.17889    0.20585   -0.04634   -0.33841   -0.33930   -0.15504    0.32557   -0.07312
    0.26055    0.23483    0.18864    0.05232    0.13252   -0.14047   -0.14515   -0.60757    0.15192   -0.38165   -0.44620    0.23440    0.04228   -0.30211    0.56749    0.27695    0.30917    0.49857    0.59661    0.75515    0.17581    0.57957    0.36080   -0.02538   -0.18051    0.12848    0.31184    0.19301    0.02441   -0.44317    0.12891   -0.41685    0.08946   -0.08900    0.34669    0.06732   -0.08909    0.43997    0.54836   -0.06321
    0.07143    0.15972    0.15841    0.42724   -0.32345   -0.14183    0.49353    0.35202    0.53002    0.08049    0.53021   -0.02635   -0.53121   -0.49124   -0.32296   -0.00715    0.33808   -0.43414   -0.36518   -0.20598   -0.32457    0.47951   -0.09988    0.13166    0.27058    0.78806    0.20803    0.18267    0.56165    0.35922    0.21810    0.26577    0.00460    0.12519    0.17986   -0.45337   -0.33576    0.32967    0.17222   -0.18301
    0.18300    0.37653    0.04512    0.24768    0.39741   -0.04389    0.13404   -0.34064   -0.16394    0.43123    0.05144   -0.30759    0.06298   -0.01335   -0.09448    0.09961    0.19989   -0.46109   -0.43620   -0.37829    0.21715    0.13324   -0.21075   -0.42883   -0.03944   -0.22393    0.16102    0.04856    0.22933   -0.47990   -0.61820   -0.55662    0.12640   -0.20126   -0.16797    0.10957    0.15031    0.02720   -0.45019   -0.16489
    0.72045    0.02579    0.32580   -0.23425    0.36632    0.53600    0.41801    0.20361    0.28038   -0.11410   -0.22637    0.12951   -0.70054   -0.13674   -0.41839   -0.62589   -1.24140   -1.34252   -0.65947   -0.62656   -0.94621   -0.62503   -0.67832   -0.32420   -0.40778    0.19653    0.47430    0.29849    0.42792    0.55221    0.40794    1.06956    0.72196    0.81418    0.09498    0.80586    1.02356    0.94830    0.90946    0.66278
   -0.14775    0.40888    0.29018   -0.64082    0.12655   -0.45951   -0.69535   -0.79021   -1.12819   -0.60995   -0.38441   -0.89437   -0.75464   -0.68907   -0.78891   -0.97538   -0.72694   -0.83180   -1.60665   -1.32495   -1.25070   -1.30133   -0.25013   -0.19228    0.74160    0.73221    0.70773    1.01958    0.85826    1.28185    0.92495    0.83394    0.68554    0.60756    1.04406    1.06743    0.94814    0.40685    0.97924    0.98967
   -0.39077    0.11357   -0.16804   -0.08330   -0.17885    0.20787    0.13102    0.66341    0.24786    0.02561    0.73944   -0.00540    0.52211    0.83120    0.10324    0.63782    0.27458    0.34306    0.35615    0.33557    0.34056    0.48404    0.41242    0.29369   -0.26764   -0.35786   -0.84611   -1.10425   -0.43458   -0.78308   -0.36560   -0.51286   -0.33372   -1.00309   -0.70192   -0.69717   -0.34657   -0.41246   -1.16237   -0.69023
   -0.31161   -0.52224    0.31821    0.48532    0.57437    0.66130    0.38770    0.68901    1.08040    0.60095    0.44907    1.11507    0.76318    0.72996    0.40023    0.99841    0.34624    0.62509    1.30106    1.11124    0.82987    0.13932    0.59612    0.15231    0.34901   -0.47671   -0.38042   -0.34674   -0.24014   -0.60637   -0.45225   -0.31348   -0.62756   -0.64821   -0.72399   -0.23231   -0.88940   -1.07766   -0.71163   -0.93819
bs
   -0.50828   -0.82475   -0.61289   -0.74434   -0.61381   -0.34883   -0.19033   -0.42015   -0.25143   -0.23542   -0.32179   -0.48111   -0.45625   -0.33022   -0.37702   -0.62683   -0.43232   -0.44357   -0.74104   -0.89336   -0.90926   -0.98966   -0.96626   -0.96470   -0.78293   -0.69060   -0.60434   -0.71328   -0.71480   -0.52050   -0.82215   -0.60310   -0.64705   -0.56346   -0.57351   -0.53846   -0.71669   -0.70283   -0.53299   -0.68024
Alpha:        0.1393
Eta:        0.4023
Activation Function: TANGENT
MeanSquaredError:   3.596734E-03
MeanSquaredError - validation:   2.790420E-01
Epoch :      1000
NFE:        103
