  2.501237E-01
  2
 11
 11
wh1
    0.92031    0.52920    0.12104    0.67300    0.89348    0.80168    0.37561    0.45578    0.94207    0.50106    0.63582
    0.97215    0.93965    0.67656    0.69874    0.75052    0.05602    0.58017    0.33563    0.42289    0.78069    0.77697
    0.55000    0.31948    0.50343    0.47198    0.12160    0.78096    0.54439    0.43849    0.36879    0.44678    0.08302
    0.96494    0.43245    0.23577    0.13271    0.49584    0.54948    0.45952    0.27878    0.64206    0.62291    0.29031
    0.25176    0.68249    0.77778    0.79529    0.62334    0.73673    0.46525    0.42554    0.34617    0.28923    0.54134
    0.59944    0.76684    0.70454    0.33011    0.64564    0.27016    0.94963    0.13685    0.07364    0.39000    0.85472
    0.41383    0.66031    0.37523    0.89172    0.89445    0.41333    0.93034    0.27408    0.07859    0.23434    0.65713
bh1
    0.58698    0.75067    0.34012    0.48826    0.33789    0.58219    0.23985    0.80703    0.77927    0.19039    0.08201
wh2
    0.70266    0.07200    0.11006    0.26455    0.49921    0.07314    0.79733    0.55769    0.85059    0.26343    0.48339
    0.92739    0.05035    0.24198    0.90591    0.50692    0.41215    0.88403    0.06044    0.35776    0.03923    0.64835
    0.98787    0.11274    0.40911    0.80442    0.36530    0.25130    0.94622    0.30616    0.07506    0.02663    0.02063
    0.45399    0.01577    0.74774    0.39098    0.60607    0.05500    0.13845    0.37579    0.59063    0.78896    0.19400
    0.36452    0.40398    0.45765    0.22548    0.95116    0.48136    0.71412    0.30710    0.02635    0.45689    0.77104
    0.19440    0.28460    0.90816    0.19005    0.95033    0.43883    0.66389    0.78938    0.29204    0.45104    0.80676
    0.11046    0.93708    0.19302    0.37339    0.27726    0.66165    0.11898    0.29281    0.01932    0.64825    0.35258
    0.85759    0.18620    0.50520    0.16445    0.95129    0.99547    0.29726    0.13898    0.35260    0.37676    0.59500
    0.07919    0.30172    0.14783    0.06696    0.53114    0.88636    0.60268    0.15035    0.35765    0.86643    0.79543
    0.63384    0.83493    0.68117    0.07676    0.45802    0.53676    0.10805    0.64008    0.41605    0.18929    0.21486
    0.88704    0.39810    0.55573    0.53790    0.90311    0.16278    0.02897    0.63608    0.88206    0.73413    0.14636
bh2
    0.95405    0.26058    0.57819    0.71577    0.76899    0.15829    0.83680    0.40577    0.90726    0.43048    0.47840
ws
   -0.07942    0.63044    0.19590    0.34266   -0.31129    0.36878   -0.34589    0.06680   -0.18039    0.29839   -0.29156    0.12167    0.16468    0.21298   -0.00282   -0.12289   -0.26157    0.51226    0.50872    0.52264    0.68276    0.04936    0.34925    0.50941    0.47384   -0.28687   -0.25896    0.27041   -0.25020    0.09093    0.31649   -0.18511    0.46549   -0.22788   -0.25837    0.14672    0.64285    0.33955    0.43391    0.44100
   -0.49127   -0.70005   -0.87767   -0.90286   -1.13528   -1.01456   -1.65368   -2.07991   -1.98524   -2.16517   -1.69116   -1.93008   -1.37002   -1.97351   -1.99430   -1.59566   -0.60051   -0.96723   -0.64321   -0.72108   -0.62990   -0.22368   -0.88356   -1.13275   -0.91700   -1.42997   -0.72136   -1.02356   -1.20694   -0.96531   -1.07089   -0.66143   -1.01061   -0.86399   -1.40583   -1.20497   -0.77628   -0.81344   -1.14573   -0.52426
    0.01731    0.10210    0.03577   -0.05322    0.13346   -0.01520   -0.53506   -0.03302   -0.64291   -0.04879   -0.24397   -0.70110   -0.70018   -0.39449   -0.13828    0.06077   -0.07960   -0.45439    0.29799   -0.41792   -0.17678   -0.41864    0.32635    0.22324   -0.19020   -0.35420    0.07989   -0.13860   -0.55058   -0.57350   -0.50191   -0.42695   -0.38056   -0.09051   -0.12275   -0.22707   -0.11630   -0.32546    0.14035   -0.03362
   -1.37794   -1.28383   -0.91994   -1.69504   -1.75628   -1.62999   -1.60456   -1.59226   -1.93032   -2.20668   -2.53212   -2.36989   -2.00539   -2.07771   -1.84176   -1.45095   -1.12457   -1.15239   -0.62978   -0.73903   -0.94307   -1.17390   -1.26550   -1.82138   -1.46460   -1.26856   -1.81840   -1.45323   -2.10588   -1.64166   -1.13233   -1.56610   -1.57804   -1.84117   -1.43020   -1.66433   -1.77819   -1.85971   -1.36682   -1.82437
    0.49428   -0.00448    0.37923    0.84495    0.20759    0.56411    0.25491    0.71666    0.22369   -0.12357    0.48722    0.63594    0.22336    0.49994    0.20173   -0.01702   -0.06546    0.43640    0.33280    0.66150    0.30905    0.51985    0.34263    0.29832   -0.00008   -0.00484    0.78125    0.40552    0.80833    0.29410    0.70562    0.89474    0.25834    0.47133    0.67008    0.28985    0.31729   -0.02138   -0.04349   -0.00626
    0.22949    0.26066    0.19821    0.24283    0.60721    0.28133   -0.25032    0.49876   -0.09701    0.11759   -0.02127   -0.10111   -0.29006    0.05905   -0.25492    0.51887   -0.02387    0.16514    0.54181   -0.09105    0.70190    0.19338    0.25777    0.65765    0.69242    0.64033    0.48827    0.74041    0.20963    0.51317    0.20800   -0.13946    0.74221    0.41213    0.82618    0.59903    0.58400    0.75311    0.30163    0.50087
   -0.16913   -0.42096   -0.35388   -0.52874    0.08242   -0.28411    0.10626   -0.43751   -0.38661   -0.28359    0.15880    0.10187   -0.68859    0.25915   -0.21085    0.18242    0.41021   -0.20005    0.49136    0.22400    0.29718   -0.44274    0.41816   -0.28100   -0.54602   -0.13730   -0.03759   -0.50466    0.21980   -0.11103    0.20753    0.45694    0.10040    0.23896    0.27830   -0.20583   -0.21234   -0.21410    0.17923    0.42507
   -0.89958   -0.67754   -1.09546   -0.74711   -1.20931   -1.39240   -1.08878   -0.84112   -0.95969   -0.91453   -1.09917   -1.24270   -1.55816   -1.21626   -0.98634   -0.53095   -0.92749   -0.84039   -0.18006   -0.55399   -0.20964   -0.28275   -0.28485   -0.79998   -0.71509   -0.68856   -0.47848   -0.72611   -0.24875   -0.05476   -0.84918   -0.90257   -0.84452   -0.49860   -0.20640   -0.45045   -0.83711   -0.47832   -0.39804   -0.36982
   -0.43380   -0.71761   -1.10205   -1.72384   -1.04012   -1.29406   -1.14852   -1.60058   -1.45120   -1.68553   -1.98552   -1.60438   -2.03604   -2.18016   -1.63516   -1.16172   -1.40867   -0.43547   -0.50034   -0.10664   -0.68318   -0.56360   -1.03772   -0.65549   -1.13600   -0.94467   -1.14232   -0.98215   -0.40756   -1.00455   -0.70095   -0.54953   -0.48682   -0.65276   -0.94598   -0.64064   -0.77286   -0.52924   -0.96614   -0.67874
   -0.01184   -0.32848   -0.13863    0.24340   -0.50655   -0.53630    0.14905   -0.12302   -0.11607   -0.51342   -0.41307   -0.48977   -0.14501    0.09800   -0.56066    0.14632   -0.13641    0.43265   -0.02420   -0.09408   -0.00791   -0.43101    0.35280    0.38878    0.23977    0.44864   -0.31323    0.00843    0.00979    0.13954   -0.34349    0.12447    0.32904    0.10269    0.17178    0.39999    0.32831   -0.19349   -0.00761   -0.08689
    0.58530   -0.24624   -0.32271   -0.39324   -0.22214   -0.16088   -0.15821   -0.41332   -0.06198    0.47261   -0.40031    0.30664    0.17583   -0.27411   -0.20243    0.09054   -0.26076    0.19109   -0.28442    0.07724    0.10235    0.33467    0.57526   -0.01826    0.58333    0.65067    0.64578   -0.27864    0.58364    0.36146    0.14675    0.37723    0.32234    0.49741    0.26852    0.02585    0.49679    0.72426    0.16647    0.06130
bs
   -1.35534   -1.26509   -1.16979   -1.20173   -1.22121   -1.24455   -1.32312   -1.41496   -1.49341   -1.57628   -1.66082   -1.72501   -1.74714   -1.79654   -1.79862   -1.78443   -1.77838   -1.78810   -1.74670   -1.76238   -1.73431   -1.67924   -1.66107   -1.58993   -1.46564   -1.38366   -1.30336   -1.24954   -1.22120   -1.15485   -1.12941   -1.06060   -1.03618   -1.00796   -1.00338   -0.97129   -0.94666   -0.91608   -0.90494   -0.86310
Alpha:        0.0829
Eta:        0.6074
Activation Function: GAUSS
MeanSquaredError:   7.968515E-03
MeanSquaredError - validation:   2.743392E-01
Epoch :      1000
NFE:         36
