  2.535316E-01
  1
 15
wh1
    0.85421    3.19578    0.84591    3.34120    0.93967    2.96696    2.87835   -0.57702    1.72843    2.26508    0.79347    5.27620    5.73252    0.59322    4.46640
    1.96575    1.47918    0.67685    1.34552    0.38977    0.79657   -2.34872    0.18154    0.23578    0.60964    0.60731    2.14179    3.18485    0.69103    2.12931
    3.02377    0.35409    0.69761   -0.13776    1.03428    1.03270   -4.93894    0.80153    0.62597   -0.21602    0.88444    1.14162    1.75876    2.11068    1.17502
    3.21769   -0.05430    1.01020   -2.23453    1.01888    0.77706   -2.77555    2.37563    0.37141   -1.38080    0.45431   -1.01225   -1.92234    1.69401    2.01418
    2.00745    0.32053    0.69016   -0.73634    1.35067    1.33114   -0.48938    2.66558    0.65637   -0.48772    0.25040   -1.38773   -1.42107    1.70003    1.95285
    0.61461    0.77549    1.17426    1.63693    0.76600    1.94804    3.00241    2.55452    1.08661    1.43602    0.26399   -0.58360   -0.86654    0.64424    1.34731
   -0.10023    2.26900    0.95228    3.30978    1.27583    2.44687    5.12283    2.45028    1.49368    2.74517    1.08519    0.76471    0.49038    0.70789    0.93927
bh1
    0.30088    0.42361    2.60100    0.52273    1.93371   -1.09892    0.72802    0.36397    1.13689   -0.15558    2.35566   -0.00209    0.18180    0.84291    0.60389
ws
   -0.03903    0.11471   -0.11222   -0.75470   -0.62938   -0.39828   -0.14911   -0.02776    0.00537   -0.50763   -0.24904    0.08736    0.18109    0.46451    0.67559    0.71679    0.63067    0.30681    0.93488    1.20050    1.81912    1.49754    1.37120    1.68415    1.42320    1.20815    0.27800    0.15221   -0.13469   -0.02228    0.03607   -0.34547   -0.18822   -0.19143   -0.44705   -0.57772   -0.59713   -0.82782   -0.81758   -0.78624
    0.86157    0.07599    0.10239    0.54195    0.63922    0.69063    0.80718    0.29740    0.78993    0.90158    0.55284    0.38724    1.02050    0.57194    0.89605   -0.02345    0.65511    0.36020    0.06078    0.62233   -0.25305    0.19140   -0.00906   -0.17388    0.15509   -0.35955    0.44459    0.34365    0.63911    0.30417    0.03776    0.27048    0.88335    0.30764    0.56083    0.63950    0.59276    0.77187    0.78765   -0.02705
    0.77909    0.25070    0.65805    0.32254    0.45206   -0.03505   -0.13141    0.27970    0.43643    0.52639    0.68647   -0.11945    0.77611    0.49582    0.25407    0.71733    0.20669    0.13744    0.50824    0.49209    0.24885    1.02849    0.96927    0.29816    0.91425    0.76460    0.25834    0.31385    0.68058    0.84216    0.45794    0.27976    0.65820    0.37033   -0.10805    0.37309    0.69602    0.65711   -0.07251    0.66249
    0.40984   -0.08775    0.28099    0.75734    0.75783    0.34902    0.11664    0.66526    0.29091    0.68037    0.49509    0.93598    0.22970    0.10803    0.63202    0.28840   -0.06281    0.31480   -0.03762   -0.89462   -0.59264   -1.05670   -0.96428   -0.79674   -0.79197   -0.41698   -0.59945    0.09607   -0.31231   -0.12034   -0.03578    0.77714    0.38986    1.29297    0.78778    0.45586    0.80034    1.02825    0.55592    1.07018
    0.03779    0.46629    0.38829    0.63275   -0.20663    0.28149    0.35350   -0.22629    0.35500    0.53306   -0.04762    0.63848    0.25320    0.13686    0.03538    0.12898    0.21585    0.38077   -0.10299    0.31615    0.26112    0.54944    0.68563    0.98176    0.72592    0.90034    0.91185    0.55966    0.62608    0.69265    0.04863    0.34212   -0.04113    0.58769    0.44749   -0.15287    0.53585    0.27741    0.01200    0.40389
    0.25435    0.15327   -0.28841   -0.01642   -0.02159   -0.18168    0.01094    0.13647   -0.20734    0.09411   -0.31174    0.20170   -0.21564   -0.01140   -0.01294    0.06962   -0.45022    0.01221   -0.27757    0.03287   -0.16059   -0.21546    0.28220    0.45150    0.05239    0.53823    0.08299    0.00533   -0.22189    0.10539    0.18771    0.10441    0.25814   -0.12235   -0.15250   -0.16806   -0.04065    0.20130    0.11507   -0.07616
    0.51557    0.84441    0.65193    0.05732    0.41921    0.87879    0.58423    0.29479    0.01785   -0.60064   -0.55727   -0.61951   -0.58370   -0.55313   -0.98569   -1.50506   -1.48680   -2.20295   -2.81891   -2.73663   -2.62537   -2.30420   -2.14218   -1.84451   -0.81059   -0.41511    0.16469    0.34269    0.58025    0.93814    1.09568    0.68999    1.14141    1.02764    1.05741    1.19973    1.29032    1.35654    1.37839    1.25994
    0.50103    0.22308   -0.39484   -0.80238   -0.73009   -0.70479   -1.15998   -0.86751   -1.13157   -1.31805   -0.41566   -0.69840   -0.73732   -0.49376   -0.42239   -0.18309   -0.60544   -0.25970   -0.00080    0.55680    0.95391    0.73621    0.59672    1.57056    0.89465    1.22313    0.77787    1.05157    1.13959    0.38922    0.53886    0.80177   -0.12161    0.39289    0.51251   -0.22170    0.50058   -0.23125   -0.08297    0.63230
    0.08591    0.37887    0.37797    0.78396    0.25402    0.34011    0.15854    0.22633   -0.15546    0.63045    0.34070    0.18283    0.00092    0.50631    0.31731    0.33444   -0.13414    0.30795    0.32984    0.15418   -0.14889   -0.00173   -0.05306    0.61711    0.63222    0.12395    0.72640    0.41054    0.44115    0.70564   -0.02456    0.71008   -0.10074   -0.05808    0.68893    0.62095    0.23135    0.29199    0.79922    0.03508
    0.23285    0.66685    0.31656    0.69818    0.35932   -0.09441    0.31747   -0.03219    0.57593    0.29034    0.26251    0.29614    0.40406   -0.27830   -0.15416    0.37492    0.15891   -0.27857    0.03653   -0.38609   -0.59555   -0.26499   -0.28180   -0.80189   -0.93602   -0.07344   -0.43433   -0.02310   -0.02695   -0.13079    0.31790    0.11328    0.66880    0.28643    0.44830    1.00139    0.82641    0.66365    1.04317    0.91991
    0.63287    0.53509    0.17922    0.09923    0.69356   -0.17664    0.64344   -0.27823   -0.08230    0.44934    0.67695   -0.14733    0.11406    0.60049    0.23206    0.27413    0.05810    0.40856    0.25774    0.15539    0.70927    0.59442    0.87471    0.04352    0.03809    0.12100    0.38391   -0.14819   -0.05594    0.42215    0.14860    0.11526    0.65869    0.00270    0.41048   -0.00095    0.19833    0.81036    0.03541    0.48265
   -0.20827    0.04948    0.75106    0.71258    0.65174    1.11781    1.58070    1.19407    1.01303    1.43260    1.43864    0.75227    0.69400    0.63899    0.73352    0.76408    0.84337    0.50824    0.38212    0.22030    0.01291   -0.23901   -0.64958   -0.98327   -0.56381   -1.08641   -0.84126   -0.83881   -0.44151   -0.18627   -0.27867   -0.73914   -0.54286   -0.20004    0.20558    0.04007    0.12814    0.11849   -0.29389    0.16670
   -0.57997    0.34079    0.02975    0.70906    0.95017    1.29935    1.03970    1.48505    1.58136    0.93584    1.19874    1.33219    1.31051    1.33513    0.87717    0.76371    0.82119    0.85013    0.39033    0.58020    0.08314   -0.36661   -0.62724   -1.23469   -1.64037   -1.26057   -1.35039   -0.99779   -0.97740   -0.88686   -0.66412   -0.19626   -0.20564   -0.11243   -0.14230   -0.26789    0.00552   -0.50124   -0.17121   -0.52509
   -0.15970   -0.10038   -0.14943   -0.03381    0.03752   -0.46192    0.21719    0.14044    0.26233    0.36314    0.16033   -0.12184    0.45006    0.05999    0.38061    0.11706    0.58701    0.85507    0.87270    0.45333    1.06600    0.70115    1.38327    1.24464    1.05150    0.96184    0.98007    0.67940    0.12267    0.72770    0.73274   -0.23201    0.29197    0.16990   -0.25235    0.52802   -0.28218   -0.07167    0.43367   -0.15697
    0.20038   -0.12143    0.62726    0.40047    0.74802    0.84594    0.36018    0.92234    0.83772    0.73849    0.99763    1.09872    0.62895    1.07664    0.46016    0.51909    0.62090    0.32788    0.51721    0.21554    0.36987    0.72333    0.71027    0.87971    1.01284    0.72625    0.90004    0.70392    0.88655    0.03246    0.58952    0.27957    0.05116   -0.35277   -0.40930    0.05123   -0.62387   -0.12371   -0.27901   -0.07361
bs
    2.70700    2.66117    2.10100    2.57068    2.79744    2.85268    3.20098    3.52642    3.48062    3.46530    3.73396    3.92189    3.56855    3.64513    3.57346    3.17423    2.53759    2.35389    1.92558    1.95026    1.88926    1.66043    1.85771    2.28863    1.83754    2.43919    1.85294    2.19965    2.07366    1.94527    2.33939    1.99465    2.19657    1.99538    2.09139    2.07718    2.20265    2.03698    2.06989    1.92852
Alpha:        0.0518
Eta:        0.9646
Activation Function: LOGISTIC
MeanSquaredError:   2.505941E-03
MeanSquaredError - validation:   2.786342E-01
Epoch :      1000
NFE:          8
